
*** Running vivado
    with args -log design_1_dlmb_bram_if_cntlr_0.vds -m64 -product Vivado -mode batch -messageDb vivado.pb -notrace -source design_1_dlmb_bram_if_cntlr_0.tcl

WARNING: Ignoring invalid XILINX_PATH location C:\Xilinx\Vivado\2017.3\patches\AR70065\vivado.
Resolution: An invalid XILINX_PATH location has been detected. To resolve this issue:

1. Verify the value of XILINX_PATH is accurate by viewing the value the variable via 'set XILINX_PATH' for Windows or 'echo $XILINX_PATH' for Linux, and update it as needed.

2. To unset the variable using on Windows using 'set XILINX_PATH=' or remove it from Advanced System Settings\Environment Variables. On Linux 'unsetenv XILINX_PATH'


****** Vivado v2017.3 (64-bit)
  **** SW Build 2018833 on Wed Oct  4 19:58:22 MDT 2017
  **** IP Build 2016188 on Wed Oct  4 21:52:56 MDT 2017
    ** Copyright 1986-2017 Xilinx, Inc. All Rights Reserved.

WARNING: [Common 17-1271] The MYVIVADO environment variable specifies an invalid location 'C:\Xilinx\Vivado\2017.3\patches\AR70065\vivado'
source design_1_dlmb_bram_if_cntlr_0.tcl -notrace
Starting RTL Elaboration : Time (s): cpu = 00:00:10 ; elapsed = 00:00:10 . Memory (MB): peak = 417.375 ; gain = 100.582
INFO: [Synth 8-638] synthesizing module 'design_1_dlmb_bram_if_cntlr_0' [c:/hdl_projects/arty_s7/arty_s7.srcs/sources_1/bd/design_1/ip/design_1_dlmb_bram_if_cntlr_0/synth/design_1_dlmb_bram_if_cntlr_0.vhd:84]
INFO: [Synth 8-638] synthesizing module 'lmb_bram_if_cntlr' [c:/hdl_projects/arty_s7/arty_s7.srcs/sources_1/bd/design_1/ipshared/0739/hdl/lmb_bram_if_cntlr_v4_0_vh_rfs.vhd:3106]
INFO: [Synth 8-638] synthesizing module 'lmb_mux' [c:/hdl_projects/arty_s7/arty_s7.srcs/sources_1/bd/design_1/ipshared/0739/hdl/lmb_bram_if_cntlr_v4_0_vh_rfs.vhd:2601]
INFO: [Synth 8-638] synthesizing module 'pselect_mask' [c:/hdl_projects/arty_s7/arty_s7.srcs/sources_1/bd/design_1/ipshared/0739/hdl/lmb_bram_if_cntlr_v4_0_vh_rfs.vhd:2121]
INFO: [Synth 8-256] done synthesizing module 'pselect_mask' (1#1) [c:/hdl_projects/arty_s7/arty_s7.srcs/sources_1/bd/design_1/ipshared/0739/hdl/lmb_bram_if_cntlr_v4_0_vh_rfs.vhd:2121]
INFO: [Synth 8-256] done synthesizing module 'lmb_mux' (2#1) [c:/hdl_projects/arty_s7/arty_s7.srcs/sources_1/bd/design_1/ipshared/0739/hdl/lmb_bram_if_cntlr_v4_0_vh_rfs.vhd:2601]
INFO: [Synth 8-256] done synthesizing module 'lmb_bram_if_cntlr' (3#1) [c:/hdl_projects/arty_s7/arty_s7.srcs/sources_1/bd/design_1/ipshared/0739/hdl/lmb_bram_if_cntlr_v4_0_vh_rfs.vhd:3106]
INFO: [Synth 8-256] done synthesizing module 'design_1_dlmb_bram_if_cntlr_0' (4#1) [c:/hdl_projects/arty_s7/arty_s7.srcs/sources_1/bd/design_1/ip/design_1_dlmb_bram_if_cntlr_0/synth/design_1_dlmb_bram_if_cntlr_0.vhd:84]
Finished RTL Elaboration : Time (s): cpu = 00:00:11 ; elapsed = 00:00:12 . Memory (MB): peak = 471.930 ; gain = 155.137
Finished RTL Optimization Phase 1 : Time (s): cpu = 00:00:11 ; elapsed = 00:00:12 . Memory (MB): peak = 471.930 ; gain = 155.137
INFO: [Device 21-403] Loading part xc7s50csga324-1
Constraint Validation Runtime : Time (s): cpu = 00:00:00 ; elapsed = 00:00:00.026 . Memory (MB): peak = 746.734 ; gain = 0.000
Finished Constraint Validation : Time (s): cpu = 00:00:29 ; elapsed = 00:00:34 . Memory (MB): peak = 746.734 ; gain = 429.941
Finished Loading Part and Timing Information : Time (s): cpu = 00:00:29 ; elapsed = 00:00:34 . Memory (MB): peak = 746.734 ; gain = 429.941
Finished applying 'set_property' XDC Constraints : Time (s): cpu = 00:00:29 ; elapsed = 00:00:34 . Memory (MB): peak = 746.734 ; gain = 429.941
Finished RTL Optimization Phase 2 : Time (s): cpu = 00:00:29 ; elapsed = 00:00:34 . Memory (MB): peak = 746.734 ; gain = 429.941
Finished Cross Boundary and Area Optimization : Time (s): cpu = 00:00:30 ; elapsed = 00:00:35 . Memory (MB): peak = 746.734 ; gain = 429.941
Finished Applying XDC Timing Constraints : Time (s): cpu = 00:00:45 ; elapsed = 00:00:51 . Memory (MB): peak = 782.648 ; gain = 465.855
Finished Timing Optimization : Time (s): cpu = 00:00:45 ; elapsed = 00:00:51 . Memory (MB): peak = 782.723 ; gain = 465.930
Finished Technology Mapping : Time (s): cpu = 00:00:45 ; elapsed = 00:00:51 . Memory (MB): peak = 801.871 ; gain = 485.078
Finished IO Insertion : Time (s): cpu = 00:00:46 ; elapsed = 00:00:52 . Memory (MB): peak = 801.871 ; gain = 485.078
Finished Renaming Generated Instances : Time (s): cpu = 00:00:46 ; elapsed = 00:00:52 . Memory (MB): peak = 801.871 ; gain = 485.078
Finished Rebuilding User Hierarchy : Time (s): cpu = 00:00:46 ; elapsed = 00:00:52 . Memory (MB): peak = 801.871 ; gain = 485.078
Finished Renaming Generated Ports : Time (s): cpu = 00:00:46 ; elapsed = 00:00:52 . Memory (MB): peak = 801.871 ; gain = 485.078
Finished Handling Custom Attributes : Time (s): cpu = 00:00:46 ; elapsed = 00:00:52 . Memory (MB): peak = 801.871 ; gain = 485.078
Finished Renaming Generated Nets : Time (s): cpu = 00:00:46 ; elapsed = 00:00:52 . Memory (MB): peak = 801.871 ; gain = 485.078

Report Cell Usage: 
+------+-----+------+
|      |Cell |Count |
+------+-----+------+
|1     |LUT2 |     2|
|2     |LUT5 |     1|
|3     |LUT6 |     4|
|4     |FDRE |     2|
+------+-----+------+
Finished Writing Synthesis Report : Time (s): cpu = 00:00:46 ; elapsed = 00:00:52 . Memory (MB): peak = 801.871 ; gain = 485.078
synth_design: Time (s): cpu = 00:00:49 ; elapsed = 00:00:55 . Memory (MB): peak = 803.645 ; gain = 495.688
