
*** Running vivado
    with args -log design_1_s01_mmu_0.vds -m64 -product Vivado -mode batch -messageDb vivado.pb -notrace -source design_1_s01_mmu_0.tcl

WARNING: Ignoring invalid XILINX_PATH location C:\Xilinx\Vivado\2017.3\patches\AR70065\vivado.
Resolution: An invalid XILINX_PATH location has been detected. To resolve this issue:

1. Verify the value of XILINX_PATH is accurate by viewing the value the variable via 'set XILINX_PATH' for Windows or 'echo $XILINX_PATH' for Linux, and update it as needed.

2. To unset the variable using on Windows using 'set XILINX_PATH=' or remove it from Advanced System Settings\Environment Variables. On Linux 'unsetenv XILINX_PATH'


****** Vivado v2017.3 (64-bit)
  **** SW Build 2018833 on Wed Oct  4 19:58:22 MDT 2017
  **** IP Build 2016188 on Wed Oct  4 21:52:56 MDT 2017
    ** Copyright 1986-2017 Xilinx, Inc. All Rights Reserved.

WARNING: [Common 17-1271] The MYVIVADO environment variable specifies an invalid location 'C:\Xilinx\Vivado\2017.3\patches\AR70065\vivado'
source design_1_s01_mmu_0.tcl -notrace
Starting RTL Elaboration : Time (s): cpu = 00:00:13 ; elapsed = 00:00:17 . Memory (MB): peak = 421.219 ; gain = 103.258
INFO: [Synth 8-638] synthesizing module 'design_1_s01_mmu_0' [c:/hdl_projects/arty_s7/arty_s7.srcs/sources_1/bd/design_1/ip/design_1_s01_mmu_0/synth/design_1_s01_mmu_0.v:58]
INFO: [Synth 8-638] synthesizing module 'axi_mmu_v2_1_12_top' [c:/hdl_projects/arty_s7/arty_s7.srcs/sources_1/bd/design_1/ipshared/3936/hdl/axi_mmu_v2_1_vl_rfs.v:557]
INFO: [Synth 8-638] synthesizing module 'axi_mmu_v2_1_12_addr_decoder' [c:/hdl_projects/arty_s7/arty_s7.srcs/sources_1/bd/design_1/ipshared/3936/hdl/axi_mmu_v2_1_vl_rfs.v:63]
INFO: [Synth 8-256] done synthesizing module 'axi_mmu_v2_1_12_addr_decoder' (1#1) [c:/hdl_projects/arty_s7/arty_s7.srcs/sources_1/bd/design_1/ipshared/3936/hdl/axi_mmu_v2_1_vl_rfs.v:63]
INFO: [Synth 8-638] synthesizing module 'axi_mmu_v2_1_12_decerr_slave' [c:/hdl_projects/arty_s7/arty_s7.srcs/sources_1/bd/design_1/ipshared/3936/hdl/axi_mmu_v2_1_vl_rfs.v:201]
INFO: [Synth 8-256] done synthesizing module 'axi_mmu_v2_1_12_decerr_slave' (2#1) [c:/hdl_projects/arty_s7/arty_s7.srcs/sources_1/bd/design_1/ipshared/3936/hdl/axi_mmu_v2_1_vl_rfs.v:201]
INFO: [Synth 8-638] synthesizing module 'axi_register_slice_v2_1_14_axi_register_slice' [c:/hdl_projects/arty_s7/arty_s7.srcs/sources_1/bd/design_1/ipshared/a259/hdl/axi_register_slice_v2_1_vl_rfs.v:1284]
INFO: [Synth 8-638] synthesizing module 'axi_register_slice_v2_1_14_axic_register_slice' [c:/hdl_projects/arty_s7/arty_s7.srcs/sources_1/bd/design_1/ipshared/a259/hdl/axi_register_slice_v2_1_vl_rfs.v:189]
INFO: [Synth 8-256] done synthesizing module 'axi_register_slice_v2_1_14_axic_register_slice' (3#1) [c:/hdl_projects/arty_s7/arty_s7.srcs/sources_1/bd/design_1/ipshared/a259/hdl/axi_register_slice_v2_1_vl_rfs.v:189]
INFO: [Synth 8-638] synthesizing module 'axi_register_slice_v2_1_14_axic_register_slice__parameterized0' [c:/hdl_projects/arty_s7/arty_s7.srcs/sources_1/bd/design_1/ipshared/a259/hdl/axi_register_slice_v2_1_vl_rfs.v:189]
INFO: [Synth 8-256] done synthesizing module 'axi_register_slice_v2_1_14_axic_register_slice__parameterized0' (3#1) [c:/hdl_projects/arty_s7/arty_s7.srcs/sources_1/bd/design_1/ipshared/a259/hdl/axi_register_slice_v2_1_vl_rfs.v:189]
INFO: [Synth 8-638] synthesizing module 'axi_register_slice_v2_1_14_axic_register_slice__parameterized1' [c:/hdl_projects/arty_s7/arty_s7.srcs/sources_1/bd/design_1/ipshared/a259/hdl/axi_register_slice_v2_1_vl_rfs.v:189]
INFO: [Synth 8-256] done synthesizing module 'axi_register_slice_v2_1_14_axic_register_slice__parameterized1' (3#1) [c:/hdl_projects/arty_s7/arty_s7.srcs/sources_1/bd/design_1/ipshared/a259/hdl/axi_register_slice_v2_1_vl_rfs.v:189]
INFO: [Synth 8-638] synthesizing module 'axi_register_slice_v2_1_14_axic_register_slice__parameterized2' [c:/hdl_projects/arty_s7/arty_s7.srcs/sources_1/bd/design_1/ipshared/a259/hdl/axi_register_slice_v2_1_vl_rfs.v:189]
INFO: [Synth 8-256] done synthesizing module 'axi_register_slice_v2_1_14_axic_register_slice__parameterized2' (3#1) [c:/hdl_projects/arty_s7/arty_s7.srcs/sources_1/bd/design_1/ipshared/a259/hdl/axi_register_slice_v2_1_vl_rfs.v:189]
INFO: [Synth 8-638] synthesizing module 'axi_infrastructure_v1_1_0_axi2vector' [c:/hdl_projects/arty_s7/arty_s7.srcs/sources_1/bd/design_1/ipshared/ec67/hdl/axi_infrastructure_v1_1_vl_rfs.v:60]
INFO: [Synth 8-256] done synthesizing module 'axi_infrastructure_v1_1_0_axi2vector' (4#1) [c:/hdl_projects/arty_s7/arty_s7.srcs/sources_1/bd/design_1/ipshared/ec67/hdl/axi_infrastructure_v1_1_vl_rfs.v:60]
INFO: [Synth 8-638] synthesizing module 'axi_infrastructure_v1_1_0_vector2axi' [c:/hdl_projects/arty_s7/arty_s7.srcs/sources_1/bd/design_1/ipshared/ec67/hdl/axi_infrastructure_v1_1_vl_rfs.v:474]
INFO: [Synth 8-256] done synthesizing module 'axi_infrastructure_v1_1_0_vector2axi' (5#1) [c:/hdl_projects/arty_s7/arty_s7.srcs/sources_1/bd/design_1/ipshared/ec67/hdl/axi_infrastructure_v1_1_vl_rfs.v:474]
INFO: [Synth 8-256] done synthesizing module 'axi_register_slice_v2_1_14_axi_register_slice' (6#1) [c:/hdl_projects/arty_s7/arty_s7.srcs/sources_1/bd/design_1/ipshared/a259/hdl/axi_register_slice_v2_1_vl_rfs.v:1284]
INFO: [Synth 8-256] done synthesizing module 'axi_mmu_v2_1_12_top' (7#1) [c:/hdl_projects/arty_s7/arty_s7.srcs/sources_1/bd/design_1/ipshared/3936/hdl/axi_mmu_v2_1_vl_rfs.v:557]
INFO: [Synth 8-256] done synthesizing module 'design_1_s01_mmu_0' (8#1) [c:/hdl_projects/arty_s7/arty_s7.srcs/sources_1/bd/design_1/ip/design_1_s01_mmu_0/synth/design_1_s01_mmu_0.v:58]
Finished RTL Elaboration : Time (s): cpu = 00:00:15 ; elapsed = 00:00:20 . Memory (MB): peak = 473.969 ; gain = 156.008
Finished RTL Optimization Phase 1 : Time (s): cpu = 00:00:15 ; elapsed = 00:00:20 . Memory (MB): peak = 473.969 ; gain = 156.008
INFO: [Device 21-403] Loading part xc7s50csga324-1
Constraint Validation Runtime : Time (s): cpu = 00:00:00 ; elapsed = 00:00:00.031 . Memory (MB): peak = 795.504 ; gain = 0.000
Finished Constraint Validation : Time (s): cpu = 00:00:38 ; elapsed = 00:00:53 . Memory (MB): peak = 795.504 ; gain = 477.543
Finished Loading Part and Timing Information : Time (s): cpu = 00:00:38 ; elapsed = 00:00:53 . Memory (MB): peak = 795.504 ; gain = 477.543
Finished applying 'set_property' XDC Constraints : Time (s): cpu = 00:00:38 ; elapsed = 00:00:53 . Memory (MB): peak = 795.504 ; gain = 477.543
Finished RTL Optimization Phase 2 : Time (s): cpu = 00:00:38 ; elapsed = 00:00:53 . Memory (MB): peak = 795.504 ; gain = 477.543
Finished Cross Boundary and Area Optimization : Time (s): cpu = 00:00:40 ; elapsed = 00:00:55 . Memory (MB): peak = 795.504 ; gain = 477.543
Finished Applying XDC Timing Constraints : Time (s): cpu = 00:01:01 ; elapsed = 00:01:22 . Memory (MB): peak = 795.504 ; gain = 477.543
Finished Timing Optimization : Time (s): cpu = 00:01:01 ; elapsed = 00:01:23 . Memory (MB): peak = 808.660 ; gain = 490.699
Finished Technology Mapping : Time (s): cpu = 00:01:02 ; elapsed = 00:01:23 . Memory (MB): peak = 810.637 ; gain = 492.676
Finished IO Insertion : Time (s): cpu = 00:01:04 ; elapsed = 00:01:25 . Memory (MB): peak = 810.637 ; gain = 492.676
Finished Renaming Generated Instances : Time (s): cpu = 00:01:04 ; elapsed = 00:01:25 . Memory (MB): peak = 810.637 ; gain = 492.676
Finished Rebuilding User Hierarchy : Time (s): cpu = 00:01:04 ; elapsed = 00:01:25 . Memory (MB): peak = 810.637 ; gain = 492.676
Finished Renaming Generated Ports : Time (s): cpu = 00:01:04 ; elapsed = 00:01:25 . Memory (MB): peak = 810.637 ; gain = 492.676
Finished Handling Custom Attributes : Time (s): cpu = 00:01:04 ; elapsed = 00:01:25 . Memory (MB): peak = 810.637 ; gain = 492.676
Finished Renaming Generated Nets : Time (s): cpu = 00:01:04 ; elapsed = 00:01:25 . Memory (MB): peak = 810.637 ; gain = 492.676

Report Cell Usage: 
+------+-----+------+
|      |Cell |Count |
+------+-----+------+
|1     |LUT1 |     3|
|2     |LUT2 |     5|
|3     |LUT3 |    38|
|4     |LUT4 |     3|
|5     |LUT5 |     3|
|6     |LUT6 |    18|
|7     |FDRE |    50|
+------+-----+------+
Finished Writing Synthesis Report : Time (s): cpu = 00:01:04 ; elapsed = 00:01:25 . Memory (MB): peak = 810.637 ; gain = 492.676
synth_design: Time (s): cpu = 00:01:06 ; elapsed = 00:01:30 . Memory (MB): peak = 810.637 ; gain = 502.391
