
*** Running vivado
    with args -log design_1_xbar_0.vds -m64 -product Vivado -mode batch -messageDb vivado.pb -notrace -source design_1_xbar_0.tcl

WARNING: Ignoring invalid XILINX_PATH location C:\Xilinx\Vivado\2017.3\patches\AR70065\vivado.
Resolution: An invalid XILINX_PATH location has been detected. To resolve this issue:

1. Verify the value of XILINX_PATH is accurate by viewing the value the variable via 'set XILINX_PATH' for Windows or 'echo $XILINX_PATH' for Linux, and update it as needed.

2. To unset the variable using on Windows using 'set XILINX_PATH=' or remove it from Advanced System Settings\Environment Variables. On Linux 'unsetenv XILINX_PATH'


****** Vivado v2017.3 (64-bit)
  **** SW Build 2018833 on Wed Oct  4 19:58:22 MDT 2017
  **** IP Build 2016188 on Wed Oct  4 21:52:56 MDT 2017
    ** Copyright 1986-2017 Xilinx, Inc. All Rights Reserved.

WARNING: [Common 17-1271] The MYVIVADO environment variable specifies an invalid location 'C:\Xilinx\Vivado\2017.3\patches\AR70065\vivado'
source design_1_xbar_0.tcl -notrace
Starting RTL Elaboration : Time (s): cpu = 00:00:37 ; elapsed = 00:00:43 . Memory (MB): peak = 423.520 ; gain = 108.941
INFO: [Synth 8-638] synthesizing module 'design_1_xbar_0' [c:/hdl_projects/arty_s7/arty_s7.srcs/sources_1/bd/design_1/ip/design_1_xbar_0/synth/design_1_xbar_0.v:59]
INFO: [Synth 8-638] synthesizing module 'axi_crossbar_v2_1_15_axi_crossbar' [c:/hdl_projects/arty_s7/arty_s7.srcs/sources_1/bd/design_1/ipshared/a1b8/hdl/axi_crossbar_v2_1_vl_rfs.v:4882]
INFO: [Synth 8-638] synthesizing module 'axi_crossbar_v2_1_15_crossbar_sasd' [c:/hdl_projects/arty_s7/arty_s7.srcs/sources_1/bd/design_1/ipshared/a1b8/hdl/axi_crossbar_v2_1_vl_rfs.v:1240]
INFO: [Synth 8-638] synthesizing module 'axi_crossbar_v2_1_15_addr_decoder' [c:/hdl_projects/arty_s7/arty_s7.srcs/sources_1/bd/design_1/ipshared/a1b8/hdl/axi_crossbar_v2_1_vl_rfs.v:794]
INFO: [Synth 8-638] synthesizing module 'generic_baseblocks_v2_1_0_comparator_static' [c:/hdl_projects/arty_s7/arty_s7.srcs/sources_1/bd/design_1/ipshared/b752/hdl/generic_baseblocks_v2_1_vl_rfs.v:2133]
INFO: [Synth 8-638] synthesizing module 'generic_baseblocks_v2_1_0_carry_and' [c:/hdl_projects/arty_s7/arty_s7.srcs/sources_1/bd/design_1/ipshared/b752/hdl/generic_baseblocks_v2_1_vl_rfs.v:62]
INFO: [Synth 8-256] done synthesizing module 'generic_baseblocks_v2_1_0_carry_and' (1#1) [c:/hdl_projects/arty_s7/arty_s7.srcs/sources_1/bd/design_1/ipshared/b752/hdl/generic_baseblocks_v2_1_vl_rfs.v:62]
INFO: [Synth 8-256] done synthesizing module 'generic_baseblocks_v2_1_0_comparator_static' (2#1) [c:/hdl_projects/arty_s7/arty_s7.srcs/sources_1/bd/design_1/ipshared/b752/hdl/generic_baseblocks_v2_1_vl_rfs.v:2133]
INFO: [Synth 8-256] done synthesizing module 'axi_crossbar_v2_1_15_addr_decoder' (3#1) [c:/hdl_projects/arty_s7/arty_s7.srcs/sources_1/bd/design_1/ipshared/a1b8/hdl/axi_crossbar_v2_1_vl_rfs.v:794]
INFO: [Synth 8-638] synthesizing module 'generic_baseblocks_v2_1_0_mux_enc' [c:/hdl_projects/arty_s7/arty_s7.srcs/sources_1/bd/design_1/ipshared/b752/hdl/generic_baseblocks_v2_1_vl_rfs.v:2452]
INFO: [Synth 8-256] done synthesizing module 'generic_baseblocks_v2_1_0_mux_enc' (4#1) [c:/hdl_projects/arty_s7/arty_s7.srcs/sources_1/bd/design_1/ipshared/b752/hdl/generic_baseblocks_v2_1_vl_rfs.v:2452]
INFO: [Synth 8-638] synthesizing module 'generic_baseblocks_v2_1_0_mux_enc__parameterized0' [c:/hdl_projects/arty_s7/arty_s7.srcs/sources_1/bd/design_1/ipshared/b752/hdl/generic_baseblocks_v2_1_vl_rfs.v:2452]
INFO: [Synth 8-256] done synthesizing module 'generic_baseblocks_v2_1_0_mux_enc__parameterized0' (4#1) [c:/hdl_projects/arty_s7/arty_s7.srcs/sources_1/bd/design_1/ipshared/b752/hdl/generic_baseblocks_v2_1_vl_rfs.v:2452]
INFO: [Synth 8-638] synthesizing module 'axi_crossbar_v2_1_15_decerr_slave' [c:/hdl_projects/arty_s7/arty_s7.srcs/sources_1/bd/design_1/ipshared/a1b8/hdl/axi_crossbar_v2_1_vl_rfs.v:3500]
INFO: [Synth 8-256] done synthesizing module 'axi_crossbar_v2_1_15_decerr_slave' (5#1) [c:/hdl_projects/arty_s7/arty_s7.srcs/sources_1/bd/design_1/ipshared/a1b8/hdl/axi_crossbar_v2_1_vl_rfs.v:3500]
INFO: [Synth 8-638] synthesizing module 'axi_crossbar_v2_1_15_addr_arbiter_sasd' [c:/hdl_projects/arty_s7/arty_s7.srcs/sources_1/bd/design_1/ipshared/a1b8/hdl/axi_crossbar_v2_1_vl_rfs.v:65]
INFO: [Synth 8-638] synthesizing module 'generic_baseblocks_v2_1_0_mux_enc__parameterized1' [c:/hdl_projects/arty_s7/arty_s7.srcs/sources_1/bd/design_1/ipshared/b752/hdl/generic_baseblocks_v2_1_vl_rfs.v:2452]
INFO: [Synth 8-256] done synthesizing module 'generic_baseblocks_v2_1_0_mux_enc__parameterized1' (5#1) [c:/hdl_projects/arty_s7/arty_s7.srcs/sources_1/bd/design_1/ipshared/b752/hdl/generic_baseblocks_v2_1_vl_rfs.v:2452]
INFO: [Synth 8-256] done synthesizing module 'axi_crossbar_v2_1_15_addr_arbiter_sasd' (6#1) [c:/hdl_projects/arty_s7/arty_s7.srcs/sources_1/bd/design_1/ipshared/a1b8/hdl/axi_crossbar_v2_1_vl_rfs.v:65]
INFO: [Synth 8-638] synthesizing module 'axi_crossbar_v2_1_15_splitter' [c:/hdl_projects/arty_s7/arty_s7.srcs/sources_1/bd/design_1/ipshared/a1b8/hdl/axi_crossbar_v2_1_vl_rfs.v:4459]
INFO: [Synth 8-256] done synthesizing module 'axi_crossbar_v2_1_15_splitter' (7#1) [c:/hdl_projects/arty_s7/arty_s7.srcs/sources_1/bd/design_1/ipshared/a1b8/hdl/axi_crossbar_v2_1_vl_rfs.v:4459]
INFO: [Synth 8-638] synthesizing module 'axi_crossbar_v2_1_15_splitter__parameterized0' [c:/hdl_projects/arty_s7/arty_s7.srcs/sources_1/bd/design_1/ipshared/a1b8/hdl/axi_crossbar_v2_1_vl_rfs.v:4459]
INFO: [Synth 8-256] done synthesizing module 'axi_crossbar_v2_1_15_splitter__parameterized0' (7#1) [c:/hdl_projects/arty_s7/arty_s7.srcs/sources_1/bd/design_1/ipshared/a1b8/hdl/axi_crossbar_v2_1_vl_rfs.v:4459]
INFO: [Synth 8-638] synthesizing module 'generic_baseblocks_v2_1_0_mux_enc__parameterized2' [c:/hdl_projects/arty_s7/arty_s7.srcs/sources_1/bd/design_1/ipshared/b752/hdl/generic_baseblocks_v2_1_vl_rfs.v:2452]
INFO: [Synth 8-256] done synthesizing module 'generic_baseblocks_v2_1_0_mux_enc__parameterized2' (7#1) [c:/hdl_projects/arty_s7/arty_s7.srcs/sources_1/bd/design_1/ipshared/b752/hdl/generic_baseblocks_v2_1_vl_rfs.v:2452]
INFO: [Synth 8-638] synthesizing module 'axi_register_slice_v2_1_14_axic_register_slice' [c:/hdl_projects/arty_s7/arty_s7.srcs/sources_1/bd/design_1/ipshared/a259/hdl/axi_register_slice_v2_1_vl_rfs.v:189]
INFO: [Synth 8-256] done synthesizing module 'axi_register_slice_v2_1_14_axic_register_slice' (8#1) [c:/hdl_projects/arty_s7/arty_s7.srcs/sources_1/bd/design_1/ipshared/a259/hdl/axi_register_slice_v2_1_vl_rfs.v:189]
INFO: [Synth 8-638] synthesizing module 'generic_baseblocks_v2_1_0_mux_enc__parameterized3' [c:/hdl_projects/arty_s7/arty_s7.srcs/sources_1/bd/design_1/ipshared/b752/hdl/generic_baseblocks_v2_1_vl_rfs.v:2452]
INFO: [Synth 8-256] done synthesizing module 'generic_baseblocks_v2_1_0_mux_enc__parameterized3' (8#1) [c:/hdl_projects/arty_s7/arty_s7.srcs/sources_1/bd/design_1/ipshared/b752/hdl/generic_baseblocks_v2_1_vl_rfs.v:2452]
INFO: [Synth 8-256] done synthesizing module 'axi_crossbar_v2_1_15_crossbar_sasd' (9#1) [c:/hdl_projects/arty_s7/arty_s7.srcs/sources_1/bd/design_1/ipshared/a1b8/hdl/axi_crossbar_v2_1_vl_rfs.v:1240]
INFO: [Synth 8-256] done synthesizing module 'axi_crossbar_v2_1_15_axi_crossbar' (10#1) [c:/hdl_projects/arty_s7/arty_s7.srcs/sources_1/bd/design_1/ipshared/a1b8/hdl/axi_crossbar_v2_1_vl_rfs.v:4882]
INFO: [Synth 8-256] done synthesizing module 'design_1_xbar_0' (11#1) [c:/hdl_projects/arty_s7/arty_s7.srcs/sources_1/bd/design_1/ip/design_1_xbar_0/synth/design_1_xbar_0.v:59]
Finished RTL Elaboration : Time (s): cpu = 00:00:59 ; elapsed = 00:01:08 . Memory (MB): peak = 570.898 ; gain = 256.320
Finished RTL Optimization Phase 1 : Time (s): cpu = 00:01:00 ; elapsed = 00:01:09 . Memory (MB): peak = 570.898 ; gain = 256.320
INFO: [Device 21-403] Loading part xc7s50csga324-1
Constraint Validation Runtime : Time (s): cpu = 00:00:00 ; elapsed = 00:00:00.123 . Memory (MB): peak = 796.836 ; gain = 0.000
Finished Constraint Validation : Time (s): cpu = 00:01:47 ; elapsed = 00:02:09 . Memory (MB): peak = 796.836 ; gain = 482.258
Finished Loading Part and Timing Information : Time (s): cpu = 00:01:47 ; elapsed = 00:02:09 . Memory (MB): peak = 796.836 ; gain = 482.258
Finished applying 'set_property' XDC Constraints : Time (s): cpu = 00:01:47 ; elapsed = 00:02:09 . Memory (MB): peak = 796.836 ; gain = 482.258
Finished RTL Optimization Phase 2 : Time (s): cpu = 00:01:48 ; elapsed = 00:02:11 . Memory (MB): peak = 796.836 ; gain = 482.258
Finished Cross Boundary and Area Optimization : Time (s): cpu = 00:01:52 ; elapsed = 00:02:15 . Memory (MB): peak = 796.836 ; gain = 482.258
Finished Applying XDC Timing Constraints : Time (s): cpu = 00:02:30 ; elapsed = 00:02:57 . Memory (MB): peak = 796.836 ; gain = 482.258
Finished Timing Optimization : Time (s): cpu = 00:02:31 ; elapsed = 00:02:58 . Memory (MB): peak = 817.551 ; gain = 502.973
Finished Technology Mapping : Time (s): cpu = 00:02:32 ; elapsed = 00:02:59 . Memory (MB): peak = 819.164 ; gain = 504.586
Finished IO Insertion : Time (s): cpu = 00:02:35 ; elapsed = 00:03:03 . Memory (MB): peak = 819.164 ; gain = 504.586
Finished Renaming Generated Instances : Time (s): cpu = 00:02:36 ; elapsed = 00:03:03 . Memory (MB): peak = 819.164 ; gain = 504.586
Finished Rebuilding User Hierarchy : Time (s): cpu = 00:02:36 ; elapsed = 00:03:03 . Memory (MB): peak = 819.164 ; gain = 504.586
Finished Renaming Generated Ports : Time (s): cpu = 00:02:36 ; elapsed = 00:03:03 . Memory (MB): peak = 819.164 ; gain = 504.586
Finished Handling Custom Attributes : Time (s): cpu = 00:02:36 ; elapsed = 00:03:04 . Memory (MB): peak = 819.164 ; gain = 504.586
Finished Renaming Generated Nets : Time (s): cpu = 00:02:36 ; elapsed = 00:03:04 . Memory (MB): peak = 819.164 ; gain = 504.586

Report Cell Usage: 
+------+-----+------+
|      |Cell |Count |
+------+-----+------+
|1     |LUT1 |     2|
|2     |LUT2 |    49|
|3     |LUT3 |     2|
|4     |LUT4 |    49|
|5     |LUT5 |    14|
|6     |LUT6 |    60|
|7     |FDRE |   133|
|8     |FDSE |     1|
+------+-----+------+
Finished Writing Synthesis Report : Time (s): cpu = 00:02:36 ; elapsed = 00:03:04 . Memory (MB): peak = 819.164 ; gain = 504.586
synth_design: Time (s): cpu = 00:02:42 ; elapsed = 00:03:11 . Memory (MB): peak = 819.164 ; gain = 511.496
