
*** Running vivado
    with args -log design_1_mig_7series_0_0.vds -m64 -product Vivado -mode batch -messageDb vivado.pb -notrace -source design_1_mig_7series_0_0.tcl

WARNING: Ignoring invalid XILINX_PATH location C:\Xilinx\Vivado\2017.3\patches\AR70065\vivado.
Resolution: An invalid XILINX_PATH location has been detected. To resolve this issue:

1. Verify the value of XILINX_PATH is accurate by viewing the value the variable via 'set XILINX_PATH' for Windows or 'echo $XILINX_PATH' for Linux, and update it as needed.

2. To unset the variable using on Windows using 'set XILINX_PATH=' or remove it from Advanced System Settings\Environment Variables. On Linux 'unsetenv XILINX_PATH'


****** Vivado v2017.3 (64-bit)
  **** SW Build 2018833 on Wed Oct  4 19:58:22 MDT 2017
  **** IP Build 2016188 on Wed Oct  4 21:52:56 MDT 2017
    ** Copyright 1986-2017 Xilinx, Inc. All Rights Reserved.

WARNING: [Common 17-1271] The MYVIVADO environment variable specifies an invalid location 'C:\Xilinx\Vivado\2017.3\patches\AR70065\vivado'
source design_1_mig_7series_0_0.tcl -notrace
Starting RTL Elaboration : Time (s): cpu = 00:00:08 ; elapsed = 00:00:09 . Memory (MB): peak = 453.613 ; gain = 111.895
INFO: [Synth 8-638] synthesizing module 'design_1_mig_7series_0_0' [c:/hdl_projects/arty_s7/arty_s7.srcs/sources_1/bd/design_1/ip/design_1_mig_7series_0_0/design_1_mig_7series_0_0/user_design/rtl/design_1_mig_7series_0_0.v:70]
INFO: [Synth 8-638] synthesizing module 'design_1_mig_7series_0_0_mig' [c:/hdl_projects/arty_s7/arty_s7.srcs/sources_1/bd/design_1/ip/design_1_mig_7series_0_0/design_1_mig_7series_0_0/user_design/rtl/design_1_mig_7series_0_0_mig.v:75]
INFO: [Synth 8-638] synthesizing module 'mig_7series_v4_0_tempmon' [c:/hdl_projects/arty_s7/arty_s7.srcs/sources_1/bd/design_1/ip/design_1_mig_7series_0_0/design_1_mig_7series_0_0/user_design/rtl/clocking/mig_7series_v4_0_tempmon.v:69]
INFO: [Synth 8-638] synthesizing module 'XADC' [C:/Xilinx/Vivado/2017.3/scripts/rt/data/unisim_comp.v:52527]
INFO: [Synth 8-256] done synthesizing module 'XADC' (1#1) [C:/Xilinx/Vivado/2017.3/scripts/rt/data/unisim_comp.v:52527]
INFO: [Synth 8-256] done synthesizing module 'mig_7series_v4_0_tempmon' (2#1) [c:/hdl_projects/arty_s7/arty_s7.srcs/sources_1/bd/design_1/ip/design_1_mig_7series_0_0/design_1_mig_7series_0_0/user_design/rtl/clocking/mig_7series_v4_0_tempmon.v:69]
INFO: [Synth 8-638] synthesizing module 'mig_7series_v4_0_iodelay_ctrl' [c:/hdl_projects/arty_s7/arty_s7.srcs/sources_1/bd/design_1/ip/design_1_mig_7series_0_0/design_1_mig_7series_0_0/user_design/rtl/clocking/mig_7series_v4_0_iodelay_ctrl.v:80]
INFO: [Synth 8-638] synthesizing module 'IDELAYCTRL' [C:/Xilinx/Vivado/2017.3/scripts/rt/data/unisim_comp.v:21504]
INFO: [Synth 8-256] done synthesizing module 'IDELAYCTRL' (3#1) [C:/Xilinx/Vivado/2017.3/scripts/rt/data/unisim_comp.v:21504]
INFO: [Synth 8-256] done synthesizing module 'mig_7series_v4_0_iodelay_ctrl' (4#1) [c:/hdl_projects/arty_s7/arty_s7.srcs/sources_1/bd/design_1/ip/design_1_mig_7series_0_0/design_1_mig_7series_0_0/user_design/rtl/clocking/mig_7series_v4_0_iodelay_ctrl.v:80]
INFO: [Synth 8-638] synthesizing module 'mig_7series_v4_0_clk_ibuf' [c:/hdl_projects/arty_s7/arty_s7.srcs/sources_1/bd/design_1/ip/design_1_mig_7series_0_0/design_1_mig_7series_0_0/user_design/rtl/clocking/mig_7series_v4_0_clk_ibuf.v:68]
INFO: [Synth 8-256] done synthesizing module 'mig_7series_v4_0_clk_ibuf' (5#1) [c:/hdl_projects/arty_s7/arty_s7.srcs/sources_1/bd/design_1/ip/design_1_mig_7series_0_0/design_1_mig_7series_0_0/user_design/rtl/clocking/mig_7series_v4_0_clk_ibuf.v:68]
INFO: [Synth 8-638] synthesizing module 'mig_7series_v4_0_infrastructure' [c:/hdl_projects/arty_s7/arty_s7.srcs/sources_1/bd/design_1/ip/design_1_mig_7series_0_0/design_1_mig_7series_0_0/user_design/rtl/clocking/mig_7series_v4_0_infrastructure.v:78]
INFO: [Synth 8-638] synthesizing module 'MMCME2_ADV' [C:/Xilinx/Vivado/2017.3/scripts/rt/data/unisim_comp.v:25757]
INFO: [Synth 8-256] done synthesizing module 'MMCME2_ADV' (6#1) [C:/Xilinx/Vivado/2017.3/scripts/rt/data/unisim_comp.v:25757]
INFO: [Synth 8-638] synthesizing module 'BUFG' [C:/Xilinx/Vivado/2017.3/scripts/rt/data/unisim_comp.v:607]
INFO: [Synth 8-256] done synthesizing module 'BUFG' (7#1) [C:/Xilinx/Vivado/2017.3/scripts/rt/data/unisim_comp.v:607]
INFO: [Synth 8-638] synthesizing module 'PLLE2_ADV' [C:/Xilinx/Vivado/2017.3/scripts/rt/data/unisim_comp.v:40051]
INFO: [Synth 8-256] done synthesizing module 'PLLE2_ADV' (8#1) [C:/Xilinx/Vivado/2017.3/scripts/rt/data/unisim_comp.v:40051]
INFO: [Synth 8-638] synthesizing module 'BUFH' [C:/Xilinx/Vivado/2017.3/scripts/rt/data/unisim_comp.v:806]
INFO: [Synth 8-256] done synthesizing module 'BUFH' (9#1) [C:/Xilinx/Vivado/2017.3/scripts/rt/data/unisim_comp.v:806]
INFO: [Synth 8-256] done synthesizing module 'mig_7series_v4_0_infrastructure' (10#1) [c:/hdl_projects/arty_s7/arty_s7.srcs/sources_1/bd/design_1/ip/design_1_mig_7series_0_0/design_1_mig_7series_0_0/user_design/rtl/clocking/mig_7series_v4_0_infrastructure.v:78]
INFO: [Synth 8-638] synthesizing module 'mig_7series_v4_0_memc_ui_top_axi' [c:/hdl_projects/arty_s7/arty_s7.srcs/sources_1/bd/design_1/ip/design_1_mig_7series_0_0/design_1_mig_7series_0_0/user_design/rtl/ip_top/mig_7series_v4_0_memc_ui_top_axi.v:72]
INFO: [Synth 8-638] synthesizing module 'mig_7series_v4_0_mem_intfc' [c:/hdl_projects/arty_s7/arty_s7.srcs/sources_1/bd/design_1/ip/design_1_mig_7series_0_0/design_1_mig_7series_0_0/user_design/rtl/ip_top/mig_7series_v4_0_mem_intfc.v:70]
INFO: [Synth 8-638] synthesizing module 'mig_7series_v4_0_mc' [c:/hdl_projects/arty_s7/arty_s7.srcs/sources_1/bd/design_1/ip/design_1_mig_7series_0_0/design_1_mig_7series_0_0/user_design/rtl/controller/mig_7series_v4_0_mc.v:73]
INFO: [Synth 8-638] synthesizing module 'mig_7series_v4_0_rank_mach' [c:/hdl_projects/arty_s7/arty_s7.srcs/sources_1/bd/design_1/ip/design_1_mig_7series_0_0/design_1_mig_7series_0_0/user_design/rtl/controller/mig_7series_v4_0_rank_mach.v:71]
INFO: [Synth 8-638] synthesizing module 'mig_7series_v4_0_rank_cntrl' [c:/hdl_projects/arty_s7/arty_s7.srcs/sources_1/bd/design_1/ip/design_1_mig_7series_0_0/design_1_mig_7series_0_0/user_design/rtl/controller/mig_7series_v4_0_rank_cntrl.v:79]
INFO: [Synth 8-638] synthesizing module 'SRLC32E' [C:/Xilinx/Vivado/2017.3/scripts/rt/data/unisim_comp.v:50855]
INFO: [Synth 8-256] done synthesizing module 'SRLC32E' (11#1) [C:/Xilinx/Vivado/2017.3/scripts/rt/data/unisim_comp.v:50855]
INFO: [Synth 8-256] done synthesizing module 'mig_7series_v4_0_rank_cntrl' (12#1) [c:/hdl_projects/arty_s7/arty_s7.srcs/sources_1/bd/design_1/ip/design_1_mig_7series_0_0/design_1_mig_7series_0_0/user_design/rtl/controller/mig_7series_v4_0_rank_cntrl.v:79]
INFO: [Synth 8-638] synthesizing module 'mig_7series_v4_0_rank_common' [c:/hdl_projects/arty_s7/arty_s7.srcs/sources_1/bd/design_1/ip/design_1_mig_7series_0_0/design_1_mig_7series_0_0/user_design/rtl/controller/mig_7series_v4_0_rank_common.v:72]
INFO: [Synth 8-638] synthesizing module 'mig_7series_v4_0_round_robin_arb' [c:/hdl_projects/arty_s7/arty_s7.srcs/sources_1/bd/design_1/ip/design_1_mig_7series_0_0/design_1_mig_7series_0_0/user_design/rtl/controller/mig_7series_v4_0_round_robin_arb.v:121]
INFO: [Synth 8-256] done synthesizing module 'mig_7series_v4_0_round_robin_arb' (13#1) [c:/hdl_projects/arty_s7/arty_s7.srcs/sources_1/bd/design_1/ip/design_1_mig_7series_0_0/design_1_mig_7series_0_0/user_design/rtl/controller/mig_7series_v4_0_round_robin_arb.v:121]
INFO: [Synth 8-638] synthesizing module 'mig_7series_v4_0_round_robin_arb__parameterized0' [c:/hdl_projects/arty_s7/arty_s7.srcs/sources_1/bd/design_1/ip/design_1_mig_7series_0_0/design_1_mig_7series_0_0/user_design/rtl/controller/mig_7series_v4_0_round_robin_arb.v:121]
INFO: [Synth 8-256] done synthesizing module 'mig_7series_v4_0_round_robin_arb__parameterized0' (13#1) [c:/hdl_projects/arty_s7/arty_s7.srcs/sources_1/bd/design_1/ip/design_1_mig_7series_0_0/design_1_mig_7series_0_0/user_design/rtl/controller/mig_7series_v4_0_round_robin_arb.v:121]
INFO: [Synth 8-256] done synthesizing module 'mig_7series_v4_0_rank_common' (14#1) [c:/hdl_projects/arty_s7/arty_s7.srcs/sources_1/bd/design_1/ip/design_1_mig_7series_0_0/design_1_mig_7series_0_0/user_design/rtl/controller/mig_7series_v4_0_rank_common.v:72]
INFO: [Synth 8-256] done synthesizing module 'mig_7series_v4_0_rank_mach' (15#1) [c:/hdl_projects/arty_s7/arty_s7.srcs/sources_1/bd/design_1/ip/design_1_mig_7series_0_0/design_1_mig_7series_0_0/user_design/rtl/controller/mig_7series_v4_0_rank_mach.v:71]
INFO: [Synth 8-638] synthesizing module 'mig_7series_v4_0_bank_mach' [c:/hdl_projects/arty_s7/arty_s7.srcs/sources_1/bd/design_1/ip/design_1_mig_7series_0_0/design_1_mig_7series_0_0/user_design/rtl/controller/mig_7series_v4_0_bank_mach.v:72]
INFO: [Synth 8-638] synthesizing module 'mig_7series_v4_0_bank_cntrl' [c:/hdl_projects/arty_s7/arty_s7.srcs/sources_1/bd/design_1/ip/design_1_mig_7series_0_0/design_1_mig_7series_0_0/user_design/rtl/controller/mig_7series_v4_0_bank_cntrl.v:70]
INFO: [Synth 8-638] synthesizing module 'mig_7series_v4_0_bank_compare' [c:/hdl_projects/arty_s7/arty_s7.srcs/sources_1/bd/design_1/ip/design_1_mig_7series_0_0/design_1_mig_7series_0_0/user_design/rtl/controller/mig_7series_v4_0_bank_compare.v:74]
INFO: [Synth 8-256] done synthesizing module 'mig_7series_v4_0_bank_compare' (16#1) [c:/hdl_projects/arty_s7/arty_s7.srcs/sources_1/bd/design_1/ip/design_1_mig_7series_0_0/design_1_mig_7series_0_0/user_design/rtl/controller/mig_7series_v4_0_bank_compare.v:74]
INFO: [Synth 8-638] synthesizing module 'mig_7series_v4_0_bank_state' [c:/hdl_projects/arty_s7/arty_s7.srcs/sources_1/bd/design_1/ip/design_1_mig_7series_0_0/design_1_mig_7series_0_0/user_design/rtl/controller/mig_7series_v4_0_bank_state.v:141]
INFO: [Synth 8-256] done synthesizing module 'mig_7series_v4_0_bank_state' (17#1) [c:/hdl_projects/arty_s7/arty_s7.srcs/sources_1/bd/design_1/ip/design_1_mig_7series_0_0/design_1_mig_7series_0_0/user_design/rtl/controller/mig_7series_v4_0_bank_state.v:141]
INFO: [Synth 8-638] synthesizing module 'mig_7series_v4_0_bank_queue' [c:/hdl_projects/arty_s7/arty_s7.srcs/sources_1/bd/design_1/ip/design_1_mig_7series_0_0/design_1_mig_7series_0_0/user_design/rtl/controller/mig_7series_v4_0_bank_queue.v:174]
INFO: [Synth 8-256] done synthesizing module 'mig_7series_v4_0_bank_queue' (18#1) [c:/hdl_projects/arty_s7/arty_s7.srcs/sources_1/bd/design_1/ip/design_1_mig_7series_0_0/design_1_mig_7series_0_0/user_design/rtl/controller/mig_7series_v4_0_bank_queue.v:174]
INFO: [Synth 8-256] done synthesizing module 'mig_7series_v4_0_bank_cntrl' (19#1) [c:/hdl_projects/arty_s7/arty_s7.srcs/sources_1/bd/design_1/ip/design_1_mig_7series_0_0/design_1_mig_7series_0_0/user_design/rtl/controller/mig_7series_v4_0_bank_cntrl.v:70]
INFO: [Synth 8-638] synthesizing module 'mig_7series_v4_0_bank_cntrl__parameterized0' [c:/hdl_projects/arty_s7/arty_s7.srcs/sources_1/bd/design_1/ip/design_1_mig_7series_0_0/design_1_mig_7series_0_0/user_design/rtl/controller/mig_7series_v4_0_bank_cntrl.v:70]
INFO: [Synth 8-638] synthesizing module 'mig_7series_v4_0_bank_state__parameterized0' [c:/hdl_projects/arty_s7/arty_s7.srcs/sources_1/bd/design_1/ip/design_1_mig_7series_0_0/design_1_mig_7series_0_0/user_design/rtl/controller/mig_7series_v4_0_bank_state.v:141]
INFO: [Synth 8-256] done synthesizing module 'mig_7series_v4_0_bank_state__parameterized0' (19#1) [c:/hdl_projects/arty_s7/arty_s7.srcs/sources_1/bd/design_1/ip/design_1_mig_7series_0_0/design_1_mig_7series_0_0/user_design/rtl/controller/mig_7series_v4_0_bank_state.v:141]
INFO: [Synth 8-638] synthesizing module 'mig_7series_v4_0_bank_queue__parameterized0' [c:/hdl_projects/arty_s7/arty_s7.srcs/sources_1/bd/design_1/ip/design_1_mig_7series_0_0/design_1_mig_7series_0_0/user_design/rtl/controller/mig_7series_v4_0_bank_queue.v:174]
INFO: [Synth 8-256] done synthesizing module 'mig_7series_v4_0_bank_queue__parameterized0' (19#1) [c:/hdl_projects/arty_s7/arty_s7.srcs/sources_1/bd/design_1/ip/design_1_mig_7series_0_0/design_1_mig_7series_0_0/user_design/rtl/controller/mig_7series_v4_0_bank_queue.v:174]
INFO: [Synth 8-256] done synthesizing module 'mig_7series_v4_0_bank_cntrl__parameterized0' (19#1) [c:/hdl_projects/arty_s7/arty_s7.srcs/sources_1/bd/design_1/ip/design_1_mig_7series_0_0/design_1_mig_7series_0_0/user_design/rtl/controller/mig_7series_v4_0_bank_cntrl.v:70]
INFO: [Synth 8-638] synthesizing module 'mig_7series_v4_0_bank_cntrl__parameterized1' [c:/hdl_projects/arty_s7/arty_s7.srcs/sources_1/bd/design_1/ip/design_1_mig_7series_0_0/design_1_mig_7series_0_0/user_design/rtl/controller/mig_7series_v4_0_bank_cntrl.v:70]
INFO: [Synth 8-638] synthesizing module 'mig_7series_v4_0_bank_state__parameterized1' [c:/hdl_projects/arty_s7/arty_s7.srcs/sources_1/bd/design_1/ip/design_1_mig_7series_0_0/design_1_mig_7series_0_0/user_design/rtl/controller/mig_7series_v4_0_bank_state.v:141]
INFO: [Synth 8-256] done synthesizing module 'mig_7series_v4_0_bank_state__parameterized1' (19#1) [c:/hdl_projects/arty_s7/arty_s7.srcs/sources_1/bd/design_1/ip/design_1_mig_7series_0_0/design_1_mig_7series_0_0/user_design/rtl/controller/mig_7series_v4_0_bank_state.v:141]
INFO: [Synth 8-638] synthesizing module 'mig_7series_v4_0_bank_queue__parameterized1' [c:/hdl_projects/arty_s7/arty_s7.srcs/sources_1/bd/design_1/ip/design_1_mig_7series_0_0/design_1_mig_7series_0_0/user_design/rtl/controller/mig_7series_v4_0_bank_queue.v:174]
INFO: [Synth 8-256] done synthesizing module 'mig_7series_v4_0_bank_queue__parameterized1' (19#1) [c:/hdl_projects/arty_s7/arty_s7.srcs/sources_1/bd/design_1/ip/design_1_mig_7series_0_0/design_1_mig_7series_0_0/user_design/rtl/controller/mig_7series_v4_0_bank_queue.v:174]
INFO: [Synth 8-256] done synthesizing module 'mig_7series_v4_0_bank_cntrl__parameterized1' (19#1) [c:/hdl_projects/arty_s7/arty_s7.srcs/sources_1/bd/design_1/ip/design_1_mig_7series_0_0/design_1_mig_7series_0_0/user_design/rtl/controller/mig_7series_v4_0_bank_cntrl.v:70]
INFO: [Synth 8-638] synthesizing module 'mig_7series_v4_0_bank_cntrl__parameterized2' [c:/hdl_projects/arty_s7/arty_s7.srcs/sources_1/bd/design_1/ip/design_1_mig_7series_0_0/design_1_mig_7series_0_0/user_design/rtl/controller/mig_7series_v4_0_bank_cntrl.v:70]
INFO: [Synth 8-638] synthesizing module 'mig_7series_v4_0_bank_state__parameterized2' [c:/hdl_projects/arty_s7/arty_s7.srcs/sources_1/bd/design_1/ip/design_1_mig_7series_0_0/design_1_mig_7series_0_0/user_design/rtl/controller/mig_7series_v4_0_bank_state.v:141]
INFO: [Synth 8-256] done synthesizing module 'mig_7series_v4_0_bank_state__parameterized2' (19#1) [c:/hdl_projects/arty_s7/arty_s7.srcs/sources_1/bd/design_1/ip/design_1_mig_7series_0_0/design_1_mig_7series_0_0/user_design/rtl/controller/mig_7series_v4_0_bank_state.v:141]
INFO: [Synth 8-638] synthesizing module 'mig_7series_v4_0_bank_queue__parameterized2' [c:/hdl_projects/arty_s7/arty_s7.srcs/sources_1/bd/design_1/ip/design_1_mig_7series_0_0/design_1_mig_7series_0_0/user_design/rtl/controller/mig_7series_v4_0_bank_queue.v:174]
INFO: [Synth 8-256] done synthesizing module 'mig_7series_v4_0_bank_queue__parameterized2' (19#1) [c:/hdl_projects/arty_s7/arty_s7.srcs/sources_1/bd/design_1/ip/design_1_mig_7series_0_0/design_1_mig_7series_0_0/user_design/rtl/controller/mig_7series_v4_0_bank_queue.v:174]
INFO: [Synth 8-256] done synthesizing module 'mig_7series_v4_0_bank_cntrl__parameterized2' (19#1) [c:/hdl_projects/arty_s7/arty_s7.srcs/sources_1/bd/design_1/ip/design_1_mig_7series_0_0/design_1_mig_7series_0_0/user_design/rtl/controller/mig_7series_v4_0_bank_cntrl.v:70]
INFO: [Synth 8-638] synthesizing module 'mig_7series_v4_0_bank_common' [c:/hdl_projects/arty_s7/arty_s7.srcs/sources_1/bd/design_1/ip/design_1_mig_7series_0_0/design_1_mig_7series_0_0/user_design/rtl/controller/mig_7series_v4_0_bank_common.v:73]
INFO: [Synth 8-256] done synthesizing module 'mig_7series_v4_0_bank_common' (20#1) [c:/hdl_projects/arty_s7/arty_s7.srcs/sources_1/bd/design_1/ip/design_1_mig_7series_0_0/design_1_mig_7series_0_0/user_design/rtl/controller/mig_7series_v4_0_bank_common.v:73]
INFO: [Synth 8-638] synthesizing module 'mig_7series_v4_0_arb_mux' [c:/hdl_projects/arty_s7/arty_s7.srcs/sources_1/bd/design_1/ip/design_1_mig_7series_0_0/design_1_mig_7series_0_0/user_design/rtl/controller/mig_7series_v4_0_arb_mux.v:69]
INFO: [Synth 8-638] synthesizing module 'mig_7series_v4_0_arb_row_col' [c:/hdl_projects/arty_s7/arty_s7.srcs/sources_1/bd/design_1/ip/design_1_mig_7series_0_0/design_1_mig_7series_0_0/user_design/rtl/controller/mig_7series_v4_0_arb_row_col.v:83]
INFO: [Synth 8-638] synthesizing module 'mig_7series_v4_0_round_robin_arb__parameterized1' [c:/hdl_projects/arty_s7/arty_s7.srcs/sources_1/bd/design_1/ip/design_1_mig_7series_0_0/design_1_mig_7series_0_0/user_design/rtl/controller/mig_7series_v4_0_round_robin_arb.v:121]
INFO: [Synth 8-256] done synthesizing module 'mig_7series_v4_0_round_robin_arb__parameterized1' (20#1) [c:/hdl_projects/arty_s7/arty_s7.srcs/sources_1/bd/design_1/ip/design_1_mig_7series_0_0/design_1_mig_7series_0_0/user_design/rtl/controller/mig_7series_v4_0_round_robin_arb.v:121]
INFO: [Synth 8-256] done synthesizing module 'mig_7series_v4_0_arb_row_col' (21#1) [c:/hdl_projects/arty_s7/arty_s7.srcs/sources_1/bd/design_1/ip/design_1_mig_7series_0_0/design_1_mig_7series_0_0/user_design/rtl/controller/mig_7series_v4_0_arb_row_col.v:83]
INFO: [Synth 8-638] synthesizing module 'mig_7series_v4_0_arb_select' [c:/hdl_projects/arty_s7/arty_s7.srcs/sources_1/bd/design_1/ip/design_1_mig_7series_0_0/design_1_mig_7series_0_0/user_design/rtl/controller/mig_7series_v4_0_arb_select.v:75]
INFO: [Synth 8-256] done synthesizing module 'mig_7series_v4_0_arb_select' (22#1) [c:/hdl_projects/arty_s7/arty_s7.srcs/sources_1/bd/design_1/ip/design_1_mig_7series_0_0/design_1_mig_7series_0_0/user_design/rtl/controller/mig_7series_v4_0_arb_select.v:75]
INFO: [Synth 8-256] done synthesizing module 'mig_7series_v4_0_arb_mux' (23#1) [c:/hdl_projects/arty_s7/arty_s7.srcs/sources_1/bd/design_1/ip/design_1_mig_7series_0_0/design_1_mig_7series_0_0/user_design/rtl/controller/mig_7series_v4_0_arb_mux.v:69]
INFO: [Synth 8-256] done synthesizing module 'mig_7series_v4_0_bank_mach' (24#1) [c:/hdl_projects/arty_s7/arty_s7.srcs/sources_1/bd/design_1/ip/design_1_mig_7series_0_0/design_1_mig_7series_0_0/user_design/rtl/controller/mig_7series_v4_0_bank_mach.v:72]
INFO: [Synth 8-638] synthesizing module 'mig_7series_v4_0_col_mach' [c:/hdl_projects/arty_s7/arty_s7.srcs/sources_1/bd/design_1/ip/design_1_mig_7series_0_0/design_1_mig_7series_0_0/user_design/rtl/controller/mig_7series_v4_0_col_mach.v:88]
INFO: [Synth 8-638] synthesizing module 'RAM32M' [C:/Xilinx/Vivado/2017.3/scripts/rt/data/unisim_comp.v:44126]
INFO: [Synth 8-256] done synthesizing module 'RAM32M' (25#1) [C:/Xilinx/Vivado/2017.3/scripts/rt/data/unisim_comp.v:44126]
INFO: [Synth 8-256] done synthesizing module 'mig_7series_v4_0_col_mach' (26#1) [c:/hdl_projects/arty_s7/arty_s7.srcs/sources_1/bd/design_1/ip/design_1_mig_7series_0_0/design_1_mig_7series_0_0/user_design/rtl/controller/mig_7series_v4_0_col_mach.v:88]
INFO: [Synth 8-256] done synthesizing module 'mig_7series_v4_0_mc' (27#1) [c:/hdl_projects/arty_s7/arty_s7.srcs/sources_1/bd/design_1/ip/design_1_mig_7series_0_0/design_1_mig_7series_0_0/user_design/rtl/controller/mig_7series_v4_0_mc.v:73]
INFO: [Synth 8-638] synthesizing module 'mig_7series_v4_0_ddr_phy_top' [c:/hdl_projects/arty_s7/arty_s7.srcs/sources_1/bd/design_1/ip/design_1_mig_7series_0_0/design_1_mig_7series_0_0/user_design/rtl/phy/mig_7series_v4_0_ddr_phy_top.v:70]
INFO: [Synth 8-638] synthesizing module 'mig_7series_v4_0_ddr_mc_phy_wrapper' [c:/hdl_projects/arty_s7/arty_s7.srcs/sources_1/bd/design_1/ip/design_1_mig_7series_0_0/design_1_mig_7series_0_0/user_design/rtl/phy/mig_7series_v4_0_ddr_mc_phy_wrapper.v:71]
INFO: [Synth 8-638] synthesizing module 'OBUF' [C:/Xilinx/Vivado/2017.3/scripts/rt/data/unisim_comp.v:27270]
INFO: [Synth 8-256] done synthesizing module 'OBUF' (28#1) [C:/Xilinx/Vivado/2017.3/scripts/rt/data/unisim_comp.v:27270]
INFO: [Synth 8-638] synthesizing module 'OBUFT' [C:/Xilinx/Vivado/2017.3/scripts/rt/data/unisim_comp.v:27486]
INFO: [Synth 8-256] done synthesizing module 'OBUFT' (29#1) [C:/Xilinx/Vivado/2017.3/scripts/rt/data/unisim_comp.v:27486]
INFO: [Synth 8-638] synthesizing module 'IOBUF_INTERMDISABLE' [C:/Xilinx/Vivado/2017.3/scripts/rt/data/unisim_comp.v:23269]
INFO: [Synth 8-256] done synthesizing module 'IOBUF_INTERMDISABLE' (30#1) [C:/Xilinx/Vivado/2017.3/scripts/rt/data/unisim_comp.v:23269]
INFO: [Synth 8-638] synthesizing module 'IOBUFDS_INTERMDISABLE' [C:/Xilinx/Vivado/2017.3/scripts/rt/data/unisim_comp.v:22846]
INFO: [Synth 8-256] done synthesizing module 'IOBUFDS_INTERMDISABLE' (31#1) [C:/Xilinx/Vivado/2017.3/scripts/rt/data/unisim_comp.v:22846]
INFO: [Synth 8-638] synthesizing module 'mig_7series_v4_0_ddr_of_pre_fifo' [c:/hdl_projects/arty_s7/arty_s7.srcs/sources_1/bd/design_1/ip/design_1_mig_7series_0_0/design_1_mig_7series_0_0/user_design/rtl/phy/mig_7series_v4_0_ddr_of_pre_fifo.v:76]
INFO: [Synth 8-256] done synthesizing module 'mig_7series_v4_0_ddr_of_pre_fifo' (32#1) [c:/hdl_projects/arty_s7/arty_s7.srcs/sources_1/bd/design_1/ip/design_1_mig_7series_0_0/design_1_mig_7series_0_0/user_design/rtl/phy/mig_7series_v4_0_ddr_of_pre_fifo.v:76]
INFO: [Synth 8-638] synthesizing module 'mig_7series_v4_0_ddr_of_pre_fifo__parameterized0' [c:/hdl_projects/arty_s7/arty_s7.srcs/sources_1/bd/design_1/ip/design_1_mig_7series_0_0/design_1_mig_7series_0_0/user_design/rtl/phy/mig_7series_v4_0_ddr_of_pre_fifo.v:76]
INFO: [Synth 8-256] done synthesizing module 'mig_7series_v4_0_ddr_of_pre_fifo__parameterized0' (32#1) [c:/hdl_projects/arty_s7/arty_s7.srcs/sources_1/bd/design_1/ip/design_1_mig_7series_0_0/design_1_mig_7series_0_0/user_design/rtl/phy/mig_7series_v4_0_ddr_of_pre_fifo.v:76]
INFO: [Synth 8-638] synthesizing module 'mig_7series_v4_0_ddr_mc_phy' [c:/hdl_projects/arty_s7/arty_s7.srcs/sources_1/bd/design_1/ip/design_1_mig_7series_0_0/design_1_mig_7series_0_0/user_design/rtl/phy/mig_7series_v4_0_ddr_mc_phy.v:70]
INFO: [Synth 8-638] synthesizing module 'mig_7series_v4_0_ddr_phy_4lanes' [c:/hdl_projects/arty_s7/arty_s7.srcs/sources_1/bd/design_1/ip/design_1_mig_7series_0_0/design_1_mig_7series_0_0/user_design/rtl/phy/mig_7series_v4_0_ddr_phy_4lanes.v:72]
INFO: [Synth 8-638] synthesizing module 'mig_7series_v4_0_ddr_byte_lane' [c:/hdl_projects/arty_s7/arty_s7.srcs/sources_1/bd/design_1/ip/design_1_mig_7series_0_0/design_1_mig_7series_0_0/user_design/rtl/phy/mig_7series_v4_0_ddr_byte_lane.v:70]
INFO: [Synth 8-638] synthesizing module 'mig_7series_v4_0_ddr_of_pre_fifo__parameterized1' [c:/hdl_projects/arty_s7/arty_s7.srcs/sources_1/bd/design_1/ip/design_1_mig_7series_0_0/design_1_mig_7series_0_0/user_design/rtl/phy/mig_7series_v4_0_ddr_of_pre_fifo.v:76]
INFO: [Synth 8-256] done synthesizing module 'mig_7series_v4_0_ddr_of_pre_fifo__parameterized1' (32#1) [c:/hdl_projects/arty_s7/arty_s7.srcs/sources_1/bd/design_1/ip/design_1_mig_7series_0_0/design_1_mig_7series_0_0/user_design/rtl/phy/mig_7series_v4_0_ddr_of_pre_fifo.v:76]
INFO: [Synth 8-638] synthesizing module 'ODDR' [C:/Xilinx/Vivado/2017.3/scripts/rt/data/unisim_comp.v:30648]
INFO: [Synth 8-256] done synthesizing module 'ODDR' (33#1) [C:/Xilinx/Vivado/2017.3/scripts/rt/data/unisim_comp.v:30648]
INFO: [Synth 8-638] synthesizing module 'OBUFDS' [C:/Xilinx/Vivado/2017.3/scripts/rt/data/unisim_comp.v:27284]
INFO: [Synth 8-256] done synthesizing module 'OBUFDS' (34#1) [C:/Xilinx/Vivado/2017.3/scripts/rt/data/unisim_comp.v:27284]
INFO: [Synth 8-638] synthesizing module 'PHASER_OUT_PHY' [C:/Xilinx/Vivado/2017.3/scripts/rt/data/unisim_comp.v:39874]
INFO: [Synth 8-256] done synthesizing module 'PHASER_OUT_PHY' (35#1) [C:/Xilinx/Vivado/2017.3/scripts/rt/data/unisim_comp.v:39874]
INFO: [Synth 8-638] synthesizing module 'OUT_FIFO' [C:/Xilinx/Vivado/2017.3/scripts/rt/data/unisim_comp.v:31336]
INFO: [Synth 8-256] done synthesizing module 'OUT_FIFO' (36#1) [C:/Xilinx/Vivado/2017.3/scripts/rt/data/unisim_comp.v:31336]
INFO: [Synth 8-638] synthesizing module 'mig_7series_v4_0_ddr_byte_group_io' [c:/hdl_projects/arty_s7/arty_s7.srcs/sources_1/bd/design_1/ip/design_1_mig_7series_0_0/design_1_mig_7series_0_0/user_design/rtl/phy/mig_7series_v4_0_ddr_byte_group_io.v:69]
INFO: [Synth 8-638] synthesizing module 'OSERDESE2' [C:/Xilinx/Vivado/2017.3/scripts/rt/data/unisim_comp.v:31221]
INFO: [Synth 8-256] done synthesizing module 'OSERDESE2' (37#1) [C:/Xilinx/Vivado/2017.3/scripts/rt/data/unisim_comp.v:31221]
INFO: [Synth 8-256] done synthesizing module 'mig_7series_v4_0_ddr_byte_group_io' (38#1) [c:/hdl_projects/arty_s7/arty_s7.srcs/sources_1/bd/design_1/ip/design_1_mig_7series_0_0/design_1_mig_7series_0_0/user_design/rtl/phy/mig_7series_v4_0_ddr_byte_group_io.v:69]
INFO: [Synth 8-256] done synthesizing module 'mig_7series_v4_0_ddr_byte_lane' (39#1) [c:/hdl_projects/arty_s7/arty_s7.srcs/sources_1/bd/design_1/ip/design_1_mig_7series_0_0/design_1_mig_7series_0_0/user_design/rtl/phy/mig_7series_v4_0_ddr_byte_lane.v:70]
INFO: [Synth 8-638] synthesizing module 'mig_7series_v4_0_ddr_byte_lane__parameterized0' [c:/hdl_projects/arty_s7/arty_s7.srcs/sources_1/bd/design_1/ip/design_1_mig_7series_0_0/design_1_mig_7series_0_0/user_design/rtl/phy/mig_7series_v4_0_ddr_byte_lane.v:70]
INFO: [Synth 8-638] synthesizing module 'mig_7series_v4_0_ddr_byte_group_io__parameterized0' [c:/hdl_projects/arty_s7/arty_s7.srcs/sources_1/bd/design_1/ip/design_1_mig_7series_0_0/design_1_mig_7series_0_0/user_design/rtl/phy/mig_7series_v4_0_ddr_byte_group_io.v:69]
INFO: [Synth 8-256] done synthesizing module 'mig_7series_v4_0_ddr_byte_group_io__parameterized0' (39#1) [c:/hdl_projects/arty_s7/arty_s7.srcs/sources_1/bd/design_1/ip/design_1_mig_7series_0_0/design_1_mig_7series_0_0/user_design/rtl/phy/mig_7series_v4_0_ddr_byte_group_io.v:69]
INFO: [Synth 8-256] done synthesizing module 'mig_7series_v4_0_ddr_byte_lane__parameterized0' (39#1) [c:/hdl_projects/arty_s7/arty_s7.srcs/sources_1/bd/design_1/ip/design_1_mig_7series_0_0/design_1_mig_7series_0_0/user_design/rtl/phy/mig_7series_v4_0_ddr_byte_lane.v:70]
INFO: [Synth 8-638] synthesizing module 'mig_7series_v4_0_ddr_byte_lane__parameterized1' [c:/hdl_projects/arty_s7/arty_s7.srcs/sources_1/bd/design_1/ip/design_1_mig_7series_0_0/design_1_mig_7series_0_0/user_design/rtl/phy/mig_7series_v4_0_ddr_byte_lane.v:70]
INFO: [Synth 8-638] synthesizing module 'mig_7series_v4_0_ddr_if_post_fifo' [c:/hdl_projects/arty_s7/arty_s7.srcs/sources_1/bd/design_1/ip/design_1_mig_7series_0_0/design_1_mig_7series_0_0/user_design/rtl/phy/mig_7series_v4_0_ddr_if_post_fifo.v:68]
INFO: [Synth 8-256] done synthesizing module 'mig_7series_v4_0_ddr_if_post_fifo' (40#1) [c:/hdl_projects/arty_s7/arty_s7.srcs/sources_1/bd/design_1/ip/design_1_mig_7series_0_0/design_1_mig_7series_0_0/user_design/rtl/phy/mig_7series_v4_0_ddr_if_post_fifo.v:68]
INFO: [Synth 8-638] synthesizing module 'PHASER_IN_PHY' [C:/Xilinx/Vivado/2017.3/scripts/rt/data/unisim_comp.v:39737]
INFO: [Synth 8-256] done synthesizing module 'PHASER_IN_PHY' (41#1) [C:/Xilinx/Vivado/2017.3/scripts/rt/data/unisim_comp.v:39737]
INFO: [Synth 8-638] synthesizing module 'IN_FIFO' [C:/Xilinx/Vivado/2017.3/scripts/rt/data/unisim_comp.v:22587]
INFO: [Synth 8-256] done synthesizing module 'IN_FIFO' (42#1) [C:/Xilinx/Vivado/2017.3/scripts/rt/data/unisim_comp.v:22587]
INFO: [Synth 8-638] synthesizing module 'PHASER_OUT_PHY__parameterized0' [C:/Xilinx/Vivado/2017.3/scripts/rt/data/unisim_comp.v:39874]
INFO: [Synth 8-256] done synthesizing module 'PHASER_OUT_PHY__parameterized0' (42#1) [C:/Xilinx/Vivado/2017.3/scripts/rt/data/unisim_comp.v:39874]
INFO: [Synth 8-638] synthesizing module 'OUT_FIFO__parameterized0' [C:/Xilinx/Vivado/2017.3/scripts/rt/data/unisim_comp.v:31336]
INFO: [Synth 8-256] done synthesizing module 'OUT_FIFO__parameterized0' (42#1) [C:/Xilinx/Vivado/2017.3/scripts/rt/data/unisim_comp.v:31336]
INFO: [Synth 8-638] synthesizing module 'mig_7series_v4_0_ddr_byte_group_io__parameterized1' [c:/hdl_projects/arty_s7/arty_s7.srcs/sources_1/bd/design_1/ip/design_1_mig_7series_0_0/design_1_mig_7series_0_0/user_design/rtl/phy/mig_7series_v4_0_ddr_byte_group_io.v:69]
INFO: [Synth 8-638] synthesizing module 'IDELAYE2' [C:/Xilinx/Vivado/2017.3/scripts/rt/data/unisim_comp.v:21517]
INFO: [Synth 8-256] done synthesizing module 'IDELAYE2' (43#1) [C:/Xilinx/Vivado/2017.3/scripts/rt/data/unisim_comp.v:21517]
INFO: [Synth 8-638] synthesizing module 'ISERDESE2' [C:/Xilinx/Vivado/2017.3/scripts/rt/data/unisim_comp.v:25007]
INFO: [Synth 8-256] done synthesizing module 'ISERDESE2' (44#1) [C:/Xilinx/Vivado/2017.3/scripts/rt/data/unisim_comp.v:25007]
INFO: [Synth 8-638] synthesizing module 'OSERDESE2__parameterized0' [C:/Xilinx/Vivado/2017.3/scripts/rt/data/unisim_comp.v:31221]
INFO: [Synth 8-256] done synthesizing module 'OSERDESE2__parameterized0' (44#1) [C:/Xilinx/Vivado/2017.3/scripts/rt/data/unisim_comp.v:31221]
INFO: [Synth 8-638] synthesizing module 'OSERDESE2__parameterized1' [C:/Xilinx/Vivado/2017.3/scripts/rt/data/unisim_comp.v:31221]
INFO: [Synth 8-256] done synthesizing module 'OSERDESE2__parameterized1' (44#1) [C:/Xilinx/Vivado/2017.3/scripts/rt/data/unisim_comp.v:31221]
INFO: [Synth 8-256] done synthesizing module 'mig_7series_v4_0_ddr_byte_group_io__parameterized1' (44#1) [c:/hdl_projects/arty_s7/arty_s7.srcs/sources_1/bd/design_1/ip/design_1_mig_7series_0_0/design_1_mig_7series_0_0/user_design/rtl/phy/mig_7series_v4_0_ddr_byte_group_io.v:69]
INFO: [Synth 8-256] done synthesizing module 'mig_7series_v4_0_ddr_byte_lane__parameterized1' (44#1) [c:/hdl_projects/arty_s7/arty_s7.srcs/sources_1/bd/design_1/ip/design_1_mig_7series_0_0/design_1_mig_7series_0_0/user_design/rtl/phy/mig_7series_v4_0_ddr_byte_lane.v:70]
INFO: [Synth 8-638] synthesizing module 'mig_7series_v4_0_ddr_byte_lane__parameterized2' [c:/hdl_projects/arty_s7/arty_s7.srcs/sources_1/bd/design_1/ip/design_1_mig_7series_0_0/design_1_mig_7series_0_0/user_design/rtl/phy/mig_7series_v4_0_ddr_byte_lane.v:70]
INFO: [Synth 8-638] synthesizing module 'mig_7series_v4_0_ddr_byte_group_io__parameterized2' [c:/hdl_projects/arty_s7/arty_s7.srcs/sources_1/bd/design_1/ip/design_1_mig_7series_0_0/design_1_mig_7series_0_0/user_design/rtl/phy/mig_7series_v4_0_ddr_byte_group_io.v:69]
INFO: [Synth 8-256] done synthesizing module 'mig_7series_v4_0_ddr_byte_group_io__parameterized2' (44#1) [c:/hdl_projects/arty_s7/arty_s7.srcs/sources_1/bd/design_1/ip/design_1_mig_7series_0_0/design_1_mig_7series_0_0/user_design/rtl/phy/mig_7series_v4_0_ddr_byte_group_io.v:69]
INFO: [Synth 8-256] done synthesizing module 'mig_7series_v4_0_ddr_byte_lane__parameterized2' (44#1) [c:/hdl_projects/arty_s7/arty_s7.srcs/sources_1/bd/design_1/ip/design_1_mig_7series_0_0/design_1_mig_7series_0_0/user_design/rtl/phy/mig_7series_v4_0_ddr_byte_lane.v:70]
INFO: [Synth 8-638] synthesizing module 'BUFIO' [C:/Xilinx/Vivado/2017.3/scripts/rt/data/unisim_comp.v:831]
INFO: [Synth 8-256] done synthesizing module 'BUFIO' (45#1) [C:/Xilinx/Vivado/2017.3/scripts/rt/data/unisim_comp.v:831]
INFO: [Synth 8-638] synthesizing module 'PHY_CONTROL' [C:/Xilinx/Vivado/2017.3/scripts/rt/data/unisim_comp.v:39965]
INFO: [Synth 8-256] done synthesizing module 'PHY_CONTROL' (46#1) [C:/Xilinx/Vivado/2017.3/scripts/rt/data/unisim_comp.v:39965]
INFO: [Synth 8-638] synthesizing module 'PHASER_REF' [C:/Xilinx/Vivado/2017.3/scripts/rt/data/unisim_comp.v:39949]
INFO: [Synth 8-256] done synthesizing module 'PHASER_REF' (47#1) [C:/Xilinx/Vivado/2017.3/scripts/rt/data/unisim_comp.v:39949]
INFO: [Synth 8-256] done synthesizing module 'mig_7series_v4_0_ddr_phy_4lanes' (48#1) [c:/hdl_projects/arty_s7/arty_s7.srcs/sources_1/bd/design_1/ip/design_1_mig_7series_0_0/design_1_mig_7series_0_0/user_design/rtl/phy/mig_7series_v4_0_ddr_phy_4lanes.v:72]
INFO: [Synth 8-256] done synthesizing module 'mig_7series_v4_0_ddr_mc_phy' (49#1) [c:/hdl_projects/arty_s7/arty_s7.srcs/sources_1/bd/design_1/ip/design_1_mig_7series_0_0/design_1_mig_7series_0_0/user_design/rtl/phy/mig_7series_v4_0_ddr_mc_phy.v:70]
INFO: [Synth 8-256] done synthesizing module 'mig_7series_v4_0_ddr_mc_phy_wrapper' (50#1) [c:/hdl_projects/arty_s7/arty_s7.srcs/sources_1/bd/design_1/ip/design_1_mig_7series_0_0/design_1_mig_7series_0_0/user_design/rtl/phy/mig_7series_v4_0_ddr_mc_phy_wrapper.v:71]
INFO: [Synth 8-638] synthesizing module 'mig_7series_v4_0_ddr_calib_top' [c:/hdl_projects/arty_s7/arty_s7.srcs/sources_1/bd/design_1/ip/design_1_mig_7series_0_0/design_1_mig_7series_0_0/user_design/rtl/phy/mig_7series_v4_0_ddr_calib_top.v:82]
INFO: [Synth 8-638] synthesizing module 'mig_7series_v4_0_ddr_phy_wrlvl' [c:/hdl_projects/arty_s7/arty_s7.srcs/sources_1/bd/design_1/ip/design_1_mig_7series_0_0/design_1_mig_7series_0_0/user_design/rtl/phy/mig_7series_v4_0_ddr_phy_wrlvl.v:90]
INFO: [Synth 8-256] done synthesizing module 'mig_7series_v4_0_ddr_phy_wrlvl' (51#1) [c:/hdl_projects/arty_s7/arty_s7.srcs/sources_1/bd/design_1/ip/design_1_mig_7series_0_0/design_1_mig_7series_0_0/user_design/rtl/phy/mig_7series_v4_0_ddr_phy_wrlvl.v:90]
INFO: [Synth 8-638] synthesizing module 'mig_7series_v4_0_ddr_phy_ck_addr_cmd_delay' [c:/hdl_projects/arty_s7/arty_s7.srcs/sources_1/bd/design_1/ip/design_1_mig_7series_0_0/design_1_mig_7series_0_0/user_design/rtl/phy/mig_7series_v4_0_ddr_phy_ck_addr_cmd_delay.v:68]
INFO: [Synth 8-256] done synthesizing module 'mig_7series_v4_0_ddr_phy_ck_addr_cmd_delay' (52#1) [c:/hdl_projects/arty_s7/arty_s7.srcs/sources_1/bd/design_1/ip/design_1_mig_7series_0_0/design_1_mig_7series_0_0/user_design/rtl/phy/mig_7series_v4_0_ddr_phy_ck_addr_cmd_delay.v:68]
INFO: [Synth 8-638] synthesizing module 'mig_7series_v4_0_ddr_phy_dqs_found_cal_hr' [c:/hdl_projects/arty_s7/arty_s7.srcs/sources_1/bd/design_1/ip/design_1_mig_7series_0_0/design_1_mig_7series_0_0/user_design/rtl/phy/mig_7series_v4_0_ddr_phy_dqs_found_cal_hr.v:79]
INFO: [Synth 8-256] done synthesizing module 'mig_7series_v4_0_ddr_phy_dqs_found_cal_hr' (53#1) [c:/hdl_projects/arty_s7/arty_s7.srcs/sources_1/bd/design_1/ip/design_1_mig_7series_0_0/design_1_mig_7series_0_0/user_design/rtl/phy/mig_7series_v4_0_ddr_phy_dqs_found_cal_hr.v:79]
INFO: [Synth 8-638] synthesizing module 'mig_7series_v4_0_ddr_phy_rdlvl' [c:/hdl_projects/arty_s7/arty_s7.srcs/sources_1/bd/design_1/ip/design_1_mig_7series_0_0/design_1_mig_7series_0_0/user_design/rtl/phy/mig_7series_v4_0_ddr_phy_rdlvl.v:81]
INFO: [Synth 8-256] done synthesizing module 'mig_7series_v4_0_ddr_phy_rdlvl' (54#1) [c:/hdl_projects/arty_s7/arty_s7.srcs/sources_1/bd/design_1/ip/design_1_mig_7series_0_0/design_1_mig_7series_0_0/user_design/rtl/phy/mig_7series_v4_0_ddr_phy_rdlvl.v:81]
INFO: [Synth 8-638] synthesizing module 'mig_7series_v4_0_ddr_prbs_gen' [c:/hdl_projects/arty_s7/arty_s7.srcs/sources_1/bd/design_1/ip/design_1_mig_7series_0_0/design_1_mig_7series_0_0/user_design/rtl/phy/mig_7series_v4_0_ddr_prbs_gen.v:92]
INFO: [Synth 8-256] done synthesizing module 'mig_7series_v4_0_ddr_prbs_gen' (55#1) [c:/hdl_projects/arty_s7/arty_s7.srcs/sources_1/bd/design_1/ip/design_1_mig_7series_0_0/design_1_mig_7series_0_0/user_design/rtl/phy/mig_7series_v4_0_ddr_prbs_gen.v:92]
INFO: [Synth 8-638] synthesizing module 'mig_7series_v4_0_ddr_phy_init' [c:/hdl_projects/arty_s7/arty_s7.srcs/sources_1/bd/design_1/ip/design_1_mig_7series_0_0/design_1_mig_7series_0_0/user_design/rtl/phy/mig_7series_v4_0_ddr_phy_init.v:89]
INFO: [Synth 8-256] done synthesizing module 'mig_7series_v4_0_ddr_phy_init' (56#1) [c:/hdl_projects/arty_s7/arty_s7.srcs/sources_1/bd/design_1/ip/design_1_mig_7series_0_0/design_1_mig_7series_0_0/user_design/rtl/phy/mig_7series_v4_0_ddr_phy_init.v:89]
INFO: [Synth 8-638] synthesizing module 'mig_7series_v4_0_ddr_phy_wrcal' [c:/hdl_projects/arty_s7/arty_s7.srcs/sources_1/bd/design_1/ip/design_1_mig_7series_0_0/design_1_mig_7series_0_0/user_design/rtl/phy/mig_7series_v4_0_ddr_phy_wrcal.v:77]
INFO: [Synth 8-256] done synthesizing module 'mig_7series_v4_0_ddr_phy_wrcal' (57#1) [c:/hdl_projects/arty_s7/arty_s7.srcs/sources_1/bd/design_1/ip/design_1_mig_7series_0_0/design_1_mig_7series_0_0/user_design/rtl/phy/mig_7series_v4_0_ddr_phy_wrcal.v:77]
INFO: [Synth 8-638] synthesizing module 'mig_7series_v4_0_ddr_phy_tempmon' [c:/hdl_projects/arty_s7/arty_s7.srcs/sources_1/bd/design_1/ip/design_1_mig_7series_0_0/design_1_mig_7series_0_0/user_design/rtl/phy/mig_7series_v4_0_ddr_phy_tempmon.v:69]
INFO: [Synth 8-256] done synthesizing module 'mig_7series_v4_0_ddr_phy_tempmon' (58#1) [c:/hdl_projects/arty_s7/arty_s7.srcs/sources_1/bd/design_1/ip/design_1_mig_7series_0_0/design_1_mig_7series_0_0/user_design/rtl/phy/mig_7series_v4_0_ddr_phy_tempmon.v:69]
INFO: [Synth 8-256] done synthesizing module 'mig_7series_v4_0_ddr_calib_top' (59#1) [c:/hdl_projects/arty_s7/arty_s7.srcs/sources_1/bd/design_1/ip/design_1_mig_7series_0_0/design_1_mig_7series_0_0/user_design/rtl/phy/mig_7series_v4_0_ddr_calib_top.v:82]
INFO: [Synth 8-256] done synthesizing module 'mig_7series_v4_0_ddr_phy_top' (60#1) [c:/hdl_projects/arty_s7/arty_s7.srcs/sources_1/bd/design_1/ip/design_1_mig_7series_0_0/design_1_mig_7series_0_0/user_design/rtl/phy/mig_7series_v4_0_ddr_phy_top.v:70]
INFO: [Synth 8-256] done synthesizing module 'mig_7series_v4_0_mem_intfc' (61#1) [c:/hdl_projects/arty_s7/arty_s7.srcs/sources_1/bd/design_1/ip/design_1_mig_7series_0_0/design_1_mig_7series_0_0/user_design/rtl/ip_top/mig_7series_v4_0_mem_intfc.v:70]
INFO: [Synth 8-638] synthesizing module 'mig_7series_v4_0_ui_top' [c:/hdl_projects/arty_s7/arty_s7.srcs/sources_1/bd/design_1/ip/design_1_mig_7series_0_0/design_1_mig_7series_0_0/user_design/rtl/ui/mig_7series_v4_0_ui_top.v:71]
INFO: [Synth 8-638] synthesizing module 'mig_7series_v4_0_ui_cmd' [c:/hdl_projects/arty_s7/arty_s7.srcs/sources_1/bd/design_1/ip/design_1_mig_7series_0_0/design_1_mig_7series_0_0/user_design/rtl/ui/mig_7series_v4_0_ui_cmd.v:70]
INFO: [Synth 8-256] done synthesizing module 'mig_7series_v4_0_ui_cmd' (62#1) [c:/hdl_projects/arty_s7/arty_s7.srcs/sources_1/bd/design_1/ip/design_1_mig_7series_0_0/design_1_mig_7series_0_0/user_design/rtl/ui/mig_7series_v4_0_ui_cmd.v:70]
INFO: [Synth 8-638] synthesizing module 'mig_7series_v4_0_ui_wr_data' [c:/hdl_projects/arty_s7/arty_s7.srcs/sources_1/bd/design_1/ip/design_1_mig_7series_0_0/design_1_mig_7series_0_0/user_design/rtl/ui/mig_7series_v4_0_ui_wr_data.v:131]
INFO: [Synth 8-256] done synthesizing module 'mig_7series_v4_0_ui_wr_data' (63#1) [c:/hdl_projects/arty_s7/arty_s7.srcs/sources_1/bd/design_1/ip/design_1_mig_7series_0_0/design_1_mig_7series_0_0/user_design/rtl/ui/mig_7series_v4_0_ui_wr_data.v:131]
INFO: [Synth 8-638] synthesizing module 'mig_7series_v4_0_ui_rd_data' [c:/hdl_projects/arty_s7/arty_s7.srcs/sources_1/bd/design_1/ip/design_1_mig_7series_0_0/design_1_mig_7series_0_0/user_design/rtl/ui/mig_7series_v4_0_ui_rd_data.v:140]
INFO: [Synth 8-256] done synthesizing module 'mig_7series_v4_0_ui_rd_data' (64#1) [c:/hdl_projects/arty_s7/arty_s7.srcs/sources_1/bd/design_1/ip/design_1_mig_7series_0_0/design_1_mig_7series_0_0/user_design/rtl/ui/mig_7series_v4_0_ui_rd_data.v:140]
INFO: [Synth 8-256] done synthesizing module 'mig_7series_v4_0_ui_top' (65#1) [c:/hdl_projects/arty_s7/arty_s7.srcs/sources_1/bd/design_1/ip/design_1_mig_7series_0_0/design_1_mig_7series_0_0/user_design/rtl/ui/mig_7series_v4_0_ui_top.v:71]
INFO: [Synth 8-638] synthesizing module 'mig_7series_v4_0_axi_mc' [c:/hdl_projects/arty_s7/arty_s7.srcs/sources_1/bd/design_1/ip/design_1_mig_7series_0_0/design_1_mig_7series_0_0/user_design/rtl/axi/mig_7series_v4_0_axi_mc.v:90]
INFO: [Synth 8-638] synthesizing module 'mig_7series_v4_0_ddr_axi_register_slice' [c:/hdl_projects/arty_s7/arty_s7.srcs/sources_1/bd/design_1/ip/design_1_mig_7series_0_0/design_1_mig_7series_0_0/user_design/rtl/axi/mig_7series_v4_0_ddr_axi_register_slice.v:63]
INFO: [Synth 8-638] synthesizing module 'mig_7series_v4_0_ddr_axic_register_slice' [c:/hdl_projects/arty_s7/arty_s7.srcs/sources_1/bd/design_1/ip/design_1_mig_7series_0_0/design_1_mig_7series_0_0/user_design/rtl/axi/mig_7series_v4_0_ddr_axic_register_slice.v:61]
INFO: [Synth 8-256] done synthesizing module 'mig_7series_v4_0_ddr_axic_register_slice' (66#1) [c:/hdl_projects/arty_s7/arty_s7.srcs/sources_1/bd/design_1/ip/design_1_mig_7series_0_0/design_1_mig_7series_0_0/user_design/rtl/axi/mig_7series_v4_0_ddr_axic_register_slice.v:61]
INFO: [Synth 8-638] synthesizing module 'mig_7series_v4_0_ddr_axic_register_slice__parameterized0' [c:/hdl_projects/arty_s7/arty_s7.srcs/sources_1/bd/design_1/ip/design_1_mig_7series_0_0/design_1_mig_7series_0_0/user_design/rtl/axi/mig_7series_v4_0_ddr_axic_register_slice.v:61]
INFO: [Synth 8-256] done synthesizing module 'mig_7series_v4_0_ddr_axic_register_slice__parameterized0' (66#1) [c:/hdl_projects/arty_s7/arty_s7.srcs/sources_1/bd/design_1/ip/design_1_mig_7series_0_0/design_1_mig_7series_0_0/user_design/rtl/axi/mig_7series_v4_0_ddr_axic_register_slice.v:61]
INFO: [Synth 8-638] synthesizing module 'mig_7series_v4_0_ddr_axic_register_slice__parameterized1' [c:/hdl_projects/arty_s7/arty_s7.srcs/sources_1/bd/design_1/ip/design_1_mig_7series_0_0/design_1_mig_7series_0_0/user_design/rtl/axi/mig_7series_v4_0_ddr_axic_register_slice.v:61]
INFO: [Synth 8-256] done synthesizing module 'mig_7series_v4_0_ddr_axic_register_slice__parameterized1' (66#1) [c:/hdl_projects/arty_s7/arty_s7.srcs/sources_1/bd/design_1/ip/design_1_mig_7series_0_0/design_1_mig_7series_0_0/user_design/rtl/axi/mig_7series_v4_0_ddr_axic_register_slice.v:61]
INFO: [Synth 8-638] synthesizing module 'mig_7series_v4_0_ddr_axic_register_slice__parameterized2' [c:/hdl_projects/arty_s7/arty_s7.srcs/sources_1/bd/design_1/ip/design_1_mig_7series_0_0/design_1_mig_7series_0_0/user_design/rtl/axi/mig_7series_v4_0_ddr_axic_register_slice.v:61]
INFO: [Synth 8-256] done synthesizing module 'mig_7series_v4_0_ddr_axic_register_slice__parameterized2' (66#1) [c:/hdl_projects/arty_s7/arty_s7.srcs/sources_1/bd/design_1/ip/design_1_mig_7series_0_0/design_1_mig_7series_0_0/user_design/rtl/axi/mig_7series_v4_0_ddr_axic_register_slice.v:61]
INFO: [Synth 8-256] done synthesizing module 'mig_7series_v4_0_ddr_axi_register_slice' (67#1) [c:/hdl_projects/arty_s7/arty_s7.srcs/sources_1/bd/design_1/ip/design_1_mig_7series_0_0/design_1_mig_7series_0_0/user_design/rtl/axi/mig_7series_v4_0_ddr_axi_register_slice.v:63]
INFO: [Synth 8-638] synthesizing module 'mig_7series_v4_0_axi_mc_aw_channel' [c:/hdl_projects/arty_s7/arty_s7.srcs/sources_1/bd/design_1/ip/design_1_mig_7series_0_0/design_1_mig_7series_0_0/user_design/rtl/axi/mig_7series_v4_0_axi_mc_aw_channel.v:57]
INFO: [Synth 8-638] synthesizing module 'mig_7series_v4_0_axi_mc_cmd_translator' [c:/hdl_projects/arty_s7/arty_s7.srcs/sources_1/bd/design_1/ip/design_1_mig_7series_0_0/design_1_mig_7series_0_0/user_design/rtl/axi/mig_7series_v4_0_axi_mc_cmd_translator.v:62]
INFO: [Synth 8-638] synthesizing module 'mig_7series_v4_0_axi_mc_incr_cmd' [c:/hdl_projects/arty_s7/arty_s7.srcs/sources_1/bd/design_1/ip/design_1_mig_7series_0_0/design_1_mig_7series_0_0/user_design/rtl/axi/mig_7series_v4_0_axi_mc_incr_cmd.v:64]
INFO: [Synth 8-256] done synthesizing module 'mig_7series_v4_0_axi_mc_incr_cmd' (68#1) [c:/hdl_projects/arty_s7/arty_s7.srcs/sources_1/bd/design_1/ip/design_1_mig_7series_0_0/design_1_mig_7series_0_0/user_design/rtl/axi/mig_7series_v4_0_axi_mc_incr_cmd.v:64]
INFO: [Synth 8-638] synthesizing module 'mig_7series_v4_0_axi_mc_wrap_cmd' [c:/hdl_projects/arty_s7/arty_s7.srcs/sources_1/bd/design_1/ip/design_1_mig_7series_0_0/design_1_mig_7series_0_0/user_design/rtl/axi/mig_7series_v4_0_axi_mc_wrap_cmd.v:97]
INFO: [Synth 8-256] done synthesizing module 'mig_7series_v4_0_axi_mc_wrap_cmd' (69#1) [c:/hdl_projects/arty_s7/arty_s7.srcs/sources_1/bd/design_1/ip/design_1_mig_7series_0_0/design_1_mig_7series_0_0/user_design/rtl/axi/mig_7series_v4_0_axi_mc_wrap_cmd.v:97]
INFO: [Synth 8-256] done synthesizing module 'mig_7series_v4_0_axi_mc_cmd_translator' (70#1) [c:/hdl_projects/arty_s7/arty_s7.srcs/sources_1/bd/design_1/ip/design_1_mig_7series_0_0/design_1_mig_7series_0_0/user_design/rtl/axi/mig_7series_v4_0_axi_mc_cmd_translator.v:62]
INFO: [Synth 8-638] synthesizing module 'mig_7series_v4_0_axi_mc_wr_cmd_fsm' [c:/hdl_projects/arty_s7/arty_s7.srcs/sources_1/bd/design_1/ip/design_1_mig_7series_0_0/design_1_mig_7series_0_0/user_design/rtl/axi/mig_7series_v4_0_axi_mc_wr_cmd_fsm.v:76]
INFO: [Synth 8-256] done synthesizing module 'mig_7series_v4_0_axi_mc_wr_cmd_fsm' (71#1) [c:/hdl_projects/arty_s7/arty_s7.srcs/sources_1/bd/design_1/ip/design_1_mig_7series_0_0/design_1_mig_7series_0_0/user_design/rtl/axi/mig_7series_v4_0_axi_mc_wr_cmd_fsm.v:76]
INFO: [Synth 8-256] done synthesizing module 'mig_7series_v4_0_axi_mc_aw_channel' (72#1) [c:/hdl_projects/arty_s7/arty_s7.srcs/sources_1/bd/design_1/ip/design_1_mig_7series_0_0/design_1_mig_7series_0_0/user_design/rtl/axi/mig_7series_v4_0_axi_mc_aw_channel.v:57]
INFO: [Synth 8-638] synthesizing module 'mig_7series_v4_0_axi_mc_w_channel' [c:/hdl_projects/arty_s7/arty_s7.srcs/sources_1/bd/design_1/ip/design_1_mig_7series_0_0/design_1_mig_7series_0_0/user_design/rtl/axi/mig_7series_v4_0_axi_mc_w_channel.v:64]
INFO: [Synth 8-256] done synthesizing module 'mig_7series_v4_0_axi_mc_w_channel' (73#1) [c:/hdl_projects/arty_s7/arty_s7.srcs/sources_1/bd/design_1/ip/design_1_mig_7series_0_0/design_1_mig_7series_0_0/user_design/rtl/axi/mig_7series_v4_0_axi_mc_w_channel.v:64]
INFO: [Synth 8-638] synthesizing module 'mig_7series_v4_0_axi_mc_b_channel' [c:/hdl_projects/arty_s7/arty_s7.srcs/sources_1/bd/design_1/ip/design_1_mig_7series_0_0/design_1_mig_7series_0_0/user_design/rtl/axi/mig_7series_v4_0_axi_mc_b_channel.v:83]
INFO: [Synth 8-638] synthesizing module 'mig_7series_v4_0_axi_mc_fifo' [c:/hdl_projects/arty_s7/arty_s7.srcs/sources_1/bd/design_1/ip/design_1_mig_7series_0_0/design_1_mig_7series_0_0/user_design/rtl/axi/mig_7series_v4_0_axi_mc_fifo.v:70]
INFO: [Synth 8-256] done synthesizing module 'mig_7series_v4_0_axi_mc_fifo' (74#1) [c:/hdl_projects/arty_s7/arty_s7.srcs/sources_1/bd/design_1/ip/design_1_mig_7series_0_0/design_1_mig_7series_0_0/user_design/rtl/axi/mig_7series_v4_0_axi_mc_fifo.v:70]
INFO: [Synth 8-256] done synthesizing module 'mig_7series_v4_0_axi_mc_b_channel' (75#1) [c:/hdl_projects/arty_s7/arty_s7.srcs/sources_1/bd/design_1/ip/design_1_mig_7series_0_0/design_1_mig_7series_0_0/user_design/rtl/axi/mig_7series_v4_0_axi_mc_b_channel.v:83]
INFO: [Synth 8-638] synthesizing module 'mig_7series_v4_0_axi_mc_ar_channel' [c:/hdl_projects/arty_s7/arty_s7.srcs/sources_1/bd/design_1/ip/design_1_mig_7series_0_0/design_1_mig_7series_0_0/user_design/rtl/axi/mig_7series_v4_0_axi_mc_ar_channel.v:57]
INFO: [Synth 8-638] synthesizing module 'mig_7series_v4_0_axi_mc_cmd_translator__parameterized0' [c:/hdl_projects/arty_s7/arty_s7.srcs/sources_1/bd/design_1/ip/design_1_mig_7series_0_0/design_1_mig_7series_0_0/user_design/rtl/axi/mig_7series_v4_0_axi_mc_cmd_translator.v:62]
INFO: [Synth 8-638] synthesizing module 'mig_7series_v4_0_axi_mc_incr_cmd__parameterized0' [c:/hdl_projects/arty_s7/arty_s7.srcs/sources_1/bd/design_1/ip/design_1_mig_7series_0_0/design_1_mig_7series_0_0/user_design/rtl/axi/mig_7series_v4_0_axi_mc_incr_cmd.v:64]
INFO: [Synth 8-256] done synthesizing module 'mig_7series_v4_0_axi_mc_incr_cmd__parameterized0' (75#1) [c:/hdl_projects/arty_s7/arty_s7.srcs/sources_1/bd/design_1/ip/design_1_mig_7series_0_0/design_1_mig_7series_0_0/user_design/rtl/axi/mig_7series_v4_0_axi_mc_incr_cmd.v:64]
INFO: [Synth 8-638] synthesizing module 'mig_7series_v4_0_axi_mc_wrap_cmd__parameterized0' [c:/hdl_projects/arty_s7/arty_s7.srcs/sources_1/bd/design_1/ip/design_1_mig_7series_0_0/design_1_mig_7series_0_0/user_design/rtl/axi/mig_7series_v4_0_axi_mc_wrap_cmd.v:97]
INFO: [Synth 8-256] done synthesizing module 'mig_7series_v4_0_axi_mc_wrap_cmd__parameterized0' (75#1) [c:/hdl_projects/arty_s7/arty_s7.srcs/sources_1/bd/design_1/ip/design_1_mig_7series_0_0/design_1_mig_7series_0_0/user_design/rtl/axi/mig_7series_v4_0_axi_mc_wrap_cmd.v:97]
INFO: [Synth 8-256] done synthesizing module 'mig_7series_v4_0_axi_mc_cmd_translator__parameterized0' (75#1) [c:/hdl_projects/arty_s7/arty_s7.srcs/sources_1/bd/design_1/ip/design_1_mig_7series_0_0/design_1_mig_7series_0_0/user_design/rtl/axi/mig_7series_v4_0_axi_mc_cmd_translator.v:62]
INFO: [Synth 8-638] synthesizing module 'mig_7series_v4_0_axi_mc_cmd_fsm' [c:/hdl_projects/arty_s7/arty_s7.srcs/sources_1/bd/design_1/ip/design_1_mig_7series_0_0/design_1_mig_7series_0_0/user_design/rtl/axi/mig_7series_v4_0_axi_mc_cmd_fsm.v:72]
INFO: [Synth 8-256] done synthesizing module 'mig_7series_v4_0_axi_mc_cmd_fsm' (76#1) [c:/hdl_projects/arty_s7/arty_s7.srcs/sources_1/bd/design_1/ip/design_1_mig_7series_0_0/design_1_mig_7series_0_0/user_design/rtl/axi/mig_7series_v4_0_axi_mc_cmd_fsm.v:72]
INFO: [Synth 8-256] done synthesizing module 'mig_7series_v4_0_axi_mc_ar_channel' (77#1) [c:/hdl_projects/arty_s7/arty_s7.srcs/sources_1/bd/design_1/ip/design_1_mig_7series_0_0/design_1_mig_7series_0_0/user_design/rtl/axi/mig_7series_v4_0_axi_mc_ar_channel.v:57]
INFO: [Synth 8-638] synthesizing module 'mig_7series_v4_0_axi_mc_r_channel' [c:/hdl_projects/arty_s7/arty_s7.srcs/sources_1/bd/design_1/ip/design_1_mig_7series_0_0/design_1_mig_7series_0_0/user_design/rtl/axi/mig_7series_v4_0_axi_mc_r_channel.v:67]
INFO: [Synth 8-638] synthesizing module 'mig_7series_v4_0_axi_mc_fifo__parameterized0' [c:/hdl_projects/arty_s7/arty_s7.srcs/sources_1/bd/design_1/ip/design_1_mig_7series_0_0/design_1_mig_7series_0_0/user_design/rtl/axi/mig_7series_v4_0_axi_mc_fifo.v:70]
INFO: [Synth 8-256] done synthesizing module 'mig_7series_v4_0_axi_mc_fifo__parameterized0' (77#1) [c:/hdl_projects/arty_s7/arty_s7.srcs/sources_1/bd/design_1/ip/design_1_mig_7series_0_0/design_1_mig_7series_0_0/user_design/rtl/axi/mig_7series_v4_0_axi_mc_fifo.v:70]
INFO: [Synth 8-638] synthesizing module 'mig_7series_v4_0_axi_mc_fifo__parameterized1' [c:/hdl_projects/arty_s7/arty_s7.srcs/sources_1/bd/design_1/ip/design_1_mig_7series_0_0/design_1_mig_7series_0_0/user_design/rtl/axi/mig_7series_v4_0_axi_mc_fifo.v:70]
INFO: [Synth 8-256] done synthesizing module 'mig_7series_v4_0_axi_mc_fifo__parameterized1' (77#1) [c:/hdl_projects/arty_s7/arty_s7.srcs/sources_1/bd/design_1/ip/design_1_mig_7series_0_0/design_1_mig_7series_0_0/user_design/rtl/axi/mig_7series_v4_0_axi_mc_fifo.v:70]
INFO: [Synth 8-256] done synthesizing module 'mig_7series_v4_0_axi_mc_r_channel' (78#1) [c:/hdl_projects/arty_s7/arty_s7.srcs/sources_1/bd/design_1/ip/design_1_mig_7series_0_0/design_1_mig_7series_0_0/user_design/rtl/axi/mig_7series_v4_0_axi_mc_r_channel.v:67]
INFO: [Synth 8-638] synthesizing module 'mig_7series_v4_0_axi_mc_cmd_arbiter' [c:/hdl_projects/arty_s7/arty_s7.srcs/sources_1/bd/design_1/ip/design_1_mig_7series_0_0/design_1_mig_7series_0_0/user_design/rtl/axi/mig_7series_v4_0_axi_mc_cmd_arbiter.v:61]
INFO: [Synth 8-256] done synthesizing module 'mig_7series_v4_0_axi_mc_cmd_arbiter' (79#1) [c:/hdl_projects/arty_s7/arty_s7.srcs/sources_1/bd/design_1/ip/design_1_mig_7series_0_0/design_1_mig_7series_0_0/user_design/rtl/axi/mig_7series_v4_0_axi_mc_cmd_arbiter.v:61]
INFO: [Synth 8-256] done synthesizing module 'mig_7series_v4_0_axi_mc' (80#1) [c:/hdl_projects/arty_s7/arty_s7.srcs/sources_1/bd/design_1/ip/design_1_mig_7series_0_0/design_1_mig_7series_0_0/user_design/rtl/axi/mig_7series_v4_0_axi_mc.v:90]
INFO: [Synth 8-256] done synthesizing module 'mig_7series_v4_0_memc_ui_top_axi' (81#1) [c:/hdl_projects/arty_s7/arty_s7.srcs/sources_1/bd/design_1/ip/design_1_mig_7series_0_0/design_1_mig_7series_0_0/user_design/rtl/ip_top/mig_7series_v4_0_memc_ui_top_axi.v:72]
INFO: [Synth 8-256] done synthesizing module 'design_1_mig_7series_0_0_mig' (82#1) [c:/hdl_projects/arty_s7/arty_s7.srcs/sources_1/bd/design_1/ip/design_1_mig_7series_0_0/design_1_mig_7series_0_0/user_design/rtl/design_1_mig_7series_0_0_mig.v:75]
INFO: [Synth 8-256] done synthesizing module 'design_1_mig_7series_0_0' (83#1) [c:/hdl_projects/arty_s7/arty_s7.srcs/sources_1/bd/design_1/ip/design_1_mig_7series_0_0/design_1_mig_7series_0_0/user_design/rtl/design_1_mig_7series_0_0.v:70]
Finished RTL Elaboration : Time (s): cpu = 00:00:20 ; elapsed = 00:00:21 . Memory (MB): peak = 667.879 ; gain = 326.160
Finished RTL Optimization Phase 1 : Time (s): cpu = 00:00:22 ; elapsed = 00:00:23 . Memory (MB): peak = 667.879 ; gain = 326.160
INFO: [Device 21-403] Loading part xc7s50csga324-1
Constraint Validation Runtime : Time (s): cpu = 00:00:00 ; elapsed = 00:00:00.175 . Memory (MB): peak = 986.766 ; gain = 0.000
Finished Constraint Validation : Time (s): cpu = 00:00:45 ; elapsed = 00:00:51 . Memory (MB): peak = 986.766 ; gain = 645.047
Finished Loading Part and Timing Information : Time (s): cpu = 00:00:45 ; elapsed = 00:00:51 . Memory (MB): peak = 986.766 ; gain = 645.047
Finished applying 'set_property' XDC Constraints : Time (s): cpu = 00:00:45 ; elapsed = 00:00:51 . Memory (MB): peak = 986.766 ; gain = 645.047
Finished RTL Optimization Phase 2 : Time (s): cpu = 00:01:00 ; elapsed = 00:01:06 . Memory (MB): peak = 986.766 ; gain = 645.047
Finished Cross Boundary and Area Optimization : Time (s): cpu = 00:02:14 ; elapsed = 00:02:26 . Memory (MB): peak = 1120.227 ; gain = 778.508
---------------------------------------------------------------------------------
Start ROM, RAM, DSP and Shift Register Reporting
---------------------------------------------------------------------------------

ROM:
+------------------------------+------------+---------------+----------------+
|Module Name                   | RTL Object | Depth x Width | Implemented As | 
+------------------------------+------------+---------------+----------------+
|mig_7series_v4_0_ddr_prbs_gen | mem_out    | 256x18        | LUT            | 
|mig_7series_v4_0_ddr_prbs_gen | mem_out    | 256x18        | LUT            | 
+------------------------------+------------+---------------+----------------+


Distributed RAM: Preliminary Mapping  Report (see note below)
+-------------------------+---------------------------------------------------------------------------------------+-----------+----------------------+---------------+
|Module Name              | RTL Object                                                                            | Inference | Size (Depth x Width) | Primitives    | 
+-------------------------+---------------------------------------------------------------------------------------+-----------+----------------------+---------------+
|design_1_mig_7series_0_0 | of_pre_fifo_gen.u_ddr_of_pre_fifo/mem_reg                                             | Implied   | 16 x 80              | RAM32M x 14   | 
|design_1_mig_7series_0_0 | ddr_byte_lane_B.ddr_byte_lane_B/of_pre_fifo_gen.u_ddr_of_pre_fifo/mem_reg             | Implied   | 16 x 80              | RAM32M x 14   | 
|design_1_mig_7series_0_0 | ddr_byte_lane_C.ddr_byte_lane_C/dq_gen_40.if_post_fifo_gen.u_ddr_if_post_fifo/mem_reg | Implied   | 4 x 80               | RAM32M x 14   | 
|design_1_mig_7series_0_0 | ddr_byte_lane_C.ddr_byte_lane_C/of_pre_fifo_gen.u_ddr_of_pre_fifo/mem_reg             | Implied   | 16 x 80              | RAM32M x 14   | 
|design_1_mig_7series_0_0 | ddr_byte_lane_D.ddr_byte_lane_D/dq_gen_40.if_post_fifo_gen.u_ddr_if_post_fifo/mem_reg | Implied   | 4 x 80               | RAM32M x 14   | 
|design_1_mig_7series_0_0 | ddr_byte_lane_D.ddr_byte_lane_D/of_pre_fifo_gen.u_ddr_of_pre_fifo/mem_reg             | Implied   | 16 x 80              | RAM32M x 14   | 
+-------------------------+---------------------------------------------------------------------------------------+-----------+----------------------+---------------+

Note: The table above is a preliminary report that shows the Distributed RAMs at the current stage of the synthesis flow. Some Distributed RAMs may be reimplemented as non Distributed RAM primitives later in the synthesis flow. Multiple instantiated RAMs are reported only once.
---------------------------------------------------------------------------------
Finished ROM, RAM, DSP and Shift Register Reporting
---------------------------------------------------------------------------------
Finished Applying XDC Timing Constraints : Time (s): cpu = 00:02:26 ; elapsed = 00:02:38 . Memory (MB): peak = 1214.238 ; gain = 872.520
Finished Timing Optimization : Time (s): cpu = 00:02:27 ; elapsed = 00:02:39 . Memory (MB): peak = 1220.824 ; gain = 879.105
Finished Technology Mapping : Time (s): cpu = 00:02:37 ; elapsed = 00:02:50 . Memory (MB): peak = 1226.430 ; gain = 884.711
Finished IO Insertion : Time (s): cpu = 00:02:39 ; elapsed = 00:02:51 . Memory (MB): peak = 1226.430 ; gain = 884.711
Finished Renaming Generated Instances : Time (s): cpu = 00:02:39 ; elapsed = 00:02:51 . Memory (MB): peak = 1226.430 ; gain = 884.711
Finished Rebuilding User Hierarchy : Time (s): cpu = 00:02:41 ; elapsed = 00:02:53 . Memory (MB): peak = 1226.430 ; gain = 884.711
Finished Renaming Generated Ports : Time (s): cpu = 00:02:41 ; elapsed = 00:02:54 . Memory (MB): peak = 1226.430 ; gain = 884.711
Finished Handling Custom Attributes : Time (s): cpu = 00:02:42 ; elapsed = 00:02:54 . Memory (MB): peak = 1226.430 ; gain = 884.711
Finished Renaming Generated Nets : Time (s): cpu = 00:02:42 ; elapsed = 00:02:54 . Memory (MB): peak = 1226.430 ; gain = 884.711

Report Cell Usage: 
+------+----------------------+------+
|      |Cell                  |Count |
+------+----------------------+------+
|1     |BUFG                  |     8|
|2     |BUFH                  |     1|
|3     |BUFIO                 |     1|
|4     |CARRY4                |   120|
|5     |IDELAYCTRL            |     1|
|6     |IDELAYE2              |    16|
|7     |IN_FIFO               |     2|
|8     |ISERDESE2             |    16|
|9     |LUT1                  |   373|
|10    |LUT2                  |   473|
|11    |LUT3                  |  1029|
|12    |LUT4                  |   910|
|13    |LUT5                  |  1378|
|14    |LUT6                  |  1374|
|15    |MMCME2_ADV            |     1|
|16    |MUXF7                 |    14|
|17    |ODDR                  |     5|
|18    |OSERDESE2             |    23|
|19    |OSERDESE2_1           |     2|
|20    |OSERDESE2_2           |    18|
|21    |OUT_FIFO              |     2|
|22    |OUT_FIFO_1            |     2|
|23    |PHASER_IN_PHY         |     2|
|24    |PHASER_OUT_PHY        |     2|
|25    |PHASER_OUT_PHY_1      |     2|
|26    |PHASER_REF            |     1|
|27    |PHY_CONTROL           |     1|
|28    |PLLE2_ADV             |     1|
|29    |RAM32M                |   130|
|30    |SRL16E                |    21|
|31    |SRLC32E               |   134|
|32    |XADC                  |     1|
|33    |FDCE                  |     2|
|34    |FDPE                  |    72|
|35    |FDRE                  |  3982|
|36    |FDSE                  |   129|
|37    |IOBUFDS_INTERMDISABLE |     2|
|38    |IOBUF_INTERMDISABLE   |    16|
|39    |OBUF                  |    24|
|40    |OBUFDS                |     1|
|41    |OBUFT                 |     2|
+------+----------------------+------+
Finished Writing Synthesis Report : Time (s): cpu = 00:02:42 ; elapsed = 00:02:54 . Memory (MB): peak = 1226.430 ; gain = 884.711
synth_design: Time (s): cpu = 00:02:48 ; elapsed = 00:03:01 . Memory (MB): peak = 1226.430 ; gain = 884.711
