MIG: 20:52:36 : xml_input_file: board.prj
MIG: 20:52:36 : Absolute path of xml_input_file: c:/hdl_projects/arty_s7/arty_s7.srcs/sources_1/bd/design_1/ip/design_1_mig_7series_0_0/board.prj
MIG: 20:52:36 : xml_input_file: board.prj
MIG: 20:52:36 : Absolute path of xml_input_file: c:/hdl_projects/arty_s7/arty_s7.srcs/sources_1/bd/design_1/ip/design_1_mig_7series_0_0/board.prj
MIG: 20:52:36 : In updateAllModelParams
MIG: 20:52:36 : ################# RUNNING MIG BATCH ###################
MIG: 20:52:36 : Writing IN file for 'design_1_mig_7series_0_0'...compDirPath: c:/Xilinx/Vivado/2017.3/data/ip/xilinx/mig_7series_v4_0... instDirPath: c:/hdl_projects/arty_s7/arty_s7.srcs/sources_1/bd/design_1/ip/design_1_mig_7series_0_0
MIG: 20:52:36 : synp_flow:  -- synthesis_mode: Other
MIG: 20:52:36 : outputDirectory: c:/hdl_projects/arty_s7/arty_s7.srcs/sources_1/bd/design_1/ip/design_1_mig_7series_0_0/_tmp/
MIG: 20:52:37 : vivado_mode: xpg_bd
MIG: 20:52:37 : isPortInterface: 0
MIG: 20:52:37 : isPortInterface: 0
MIG: 20:52:37 : isPortInterface: 0
MIG: 20:52:37 : isPortInterface: 0
MIG: 20:52:37 : isPortInterface: 0
MIG: 20:52:37 : isPortInterface: 0
MIG: 20:52:37 : isPortInterface: 0
MIG: 20:52:37 : isPortInterface: 0
MIG: 20:52:37 : isPortInterface: 0
MIG: 20:52:37 : isPortInterface: 0
MIG: 20:52:37 : isPortInterface: 0
MIG: 20:52:37 : isPortInterface: 0
MIG: 20:52:37 : isPortInterface: 0
MIG: 20:52:37 : isPortInterface: 0
MIG: 20:52:37 : isPortInterface: 0
MIG: 20:52:37 : isPortInterface: 0
MIG: 20:52:37 : isPortInterface: 0
MIG: 20:52:37 : isPortInterface: 0
MIG: 20:52:37 : isPortInterface: 0
MIG: 20:52:37 : isPortInterface: 0
MIG: 20:52:37 : isPortInterface: 0
MIG: 20:52:37 : isPortInterface: 0
MIG: 20:52:37 : isPortInterface: 0
MIG: 20:52:37 : isPortInterface: 0
MIG: 20:52:37 : isPortInterface: 0
MIG: 20:52:37 : isPortInterface: 0
MIG: 20:52:37 : isPortInterface: 0
MIG: 20:52:37 : isPortInterface: 0
MIG: 20:52:37 : isPortInterface: 0
MIG: 20:52:37 : isPortInterface: 0
MIG: 20:52:37 : isPortInterface: 0
MIG: 20:52:37 : isPortInterface: 0
MIG: 20:52:37 : isPortInterface: 0
MIG: 20:52:37 : isPortInterface: 0
MIG: 20:52:37 : isPortInterface: 0
MIG: 20:52:37 : isPortInterface: 0
MIG: 20:52:37 : isPortInterface: 0
MIG: 20:52:37 : isPortInterface: 0
MIG: 20:52:37 : isPortInterface: 0
MIG: 20:52:37 : isPortInterface: 0
MIG: 20:52:37 : isPortInterface: 0
MIG: 20:52:37 : isPortInterface: 0
MIG: 20:52:37 : isPortInterface: 0
MIG: 20:52:37 : isPortInterface: 0
MIG: 20:52:37 : isPortInterface: 0
MIG: 20:52:37 : isPortInterface: 0
MIG: 20:52:37 : isPortInterface: 0
MIG: 20:52:37 : isPortInterface: 0
MIG: 20:52:37 : isPortInterface: 0
MIG: 20:52:37 : isPortInterface: 0
MIG: 20:52:37 : isPortInterface: 0
MIG: 20:52:37 : isPortInterface: 0
MIG: 20:52:37 : isPortInterface: 0
MIG: 20:52:37 : isPortInterface: 0
MIG: 20:52:37 : isPortInterface: 0
MIG: 20:52:37 : isPortInterface: 0
MIG: 20:52:37 : isPortInterface: 0
MIG: 20:52:37 : isPortInterface: 0
MIG: 20:52:37 : isPortInterface: 0
MIG: 20:52:37 : isPortInterface: 0
MIG: 20:52:37 : isPortInterface: 0
MIG: 20:52:37 : isPortInterface: 0
MIG: 20:52:37 : isPortInterface: 0
MIG: 20:52:37 : isPortInterface: 0
MIG: 20:52:37 : isPortInterface: 0
MIG: 20:52:37 : isPortInterface: 0
MIG: 20:52:37 : isPortInterface: 0
MIG: 20:52:37 : isPortInterface: 0
MIG: 20:52:37 : isPortInterface: 0
MIG: 20:52:37 : isPortInterface: 0
MIG: 20:52:37 : isPortInterface: 0
MIG: 20:52:37 : isPortInterface: 0
MIG: 20:52:37 : isPortInterface: 0
MIG: 20:52:37 : isPortInterface: 0
MIG: 20:52:37 : isPortInterface: 0
MIG: 20:52:37 : isPortInterface: 0
MIG: 20:52:37 : isPortInterface: 0
MIG: 20:52:37 : isPortInterface: 0
MIG: 20:52:37 : isPortInterface: 0
MIG: 20:52:37 : isPortInterface: 0
MIG: 20:52:37 : isPortInterface: 0
MIG: 20:52:37 : isPortInterface: 0
MIG: 20:52:37 : isPortInterface: 0
MIG: 20:52:37 : isPortInterface: 0
MIG: 20:52:37 : isPortInterface: 0
MIG: 20:52:37 : isPortInterface: 0
MIG: 20:52:37 : isPortInterface: 0
MIG: 20:52:37 : isPortInterface: 0
MIG: 20:52:37 : isPortInterface: 0
MIG: 20:52:37 : isPortInterface: 0
MIG: 20:52:37 : isPortInterface: 0
MIG: 20:52:37 : isPortInterface: 0
MIG: 20:52:37 : isPortInterface: 0
MIG: 20:52:37 : isPortInterface: 0
MIG: 20:52:37 : isPortInterface: 0
MIG: 20:52:37 : isPortInterface: 0
MIG: 20:52:37 : isPortInterface: 0
MIG: 20:52:37 : isPortInterface: 0
MIG: 20:52:37 : isPortInterface: 0
MIG: 20:52:37 : isPortInterface: 0
MIG: 20:52:37 : isPortInterface: 0
MIG: 20:52:37 : isPortInterface: 0
MIG: 20:52:37 : isPortInterface: 0
MIG: 20:52:37 : isPortInterface: 0
MIG: 20:52:37 : isPortInterface: 0
MIG: 20:52:37 : isPortInterface: 0
MIG: 20:52:37 : isPortInterface: 0
MIG: 20:52:37 : isPortInterface: 0
MIG: 20:52:37 : isPortInterface: 0
MIG: 20:52:37 : isPortInterface: 0
MIG: 20:52:38 : isPortInterface: 0
MIG: 20:52:38 : isPortInterface: 0
MIG: 20:52:38 : isPortInterface: 0
MIG: 20:52:38 : isPortInterface: 0
MIG: 20:52:38 : isPortInterface: 0
MIG: 20:52:38 : isPortInterface: 0
MIG: 20:52:38 : isPortInterface: 0
MIG: 20:52:38 : isPortInterface: 0
MIG: 20:52:38 : isPortInterface: 0
MIG: 20:52:38 : isPortInterface: 0
MIG: 20:52:38 : isPortInterface: 0
MIG: 20:52:38 : isPortInterface: 0
MIG: 20:52:38 : isPortInterface: 0
MIG: 20:52:38 : isPortInterface: 0
MIG: 20:52:38 : isPortInterface: 0
MIG: 20:52:38 : isPortInterface: 0
MIG: 20:52:38 : isPortInterface: 0
MIG: 20:52:38 : isPortInterface: 1
MIG: 20:52:38 : isPortInterface: 0
MIG: 20:52:38 : isPortInterface: 0
MIG: 20:52:38 : isPortInterface: 0
MIG: 20:52:38 : isPortInterface: 0
MIG: 20:52:38 : isPortInterface: 0
MIG: 20:52:38 : isPortInterface: 0
MIG: 20:52:38 : isPortInterface: 0
MIG: 20:52:38 : isPortInterface: 0
MIG: 20:52:38 : isPortInterface: 0
MIG: 20:52:38 : isPortInterface: 0
MIG: 20:52:38 :  locked false  
MIG: 20:52:38 : HDL Language: Verilog
MIG: 20:52:38 : compInfo: true
MIG: 20:52:38 : Vivado Options xc7s50 csga324 -1
MIG: 20:52:38 : 1: xc7s50 2: csga324 3: -1
MIG: 20:52:38 : relative mig path: coregen/ip/xilinx/other/com/xilinx/ip/mig_7series_v4_0/bin/nt64/mig.exe
MIG: 20:52:38 : xilinx_path: C:/Xilinx/Vivado/2017.3/ids_lite/ISE
MIG: 20:52:38 : I am in catch area
MIG: 20:52:38 : Running C:/Xilinx/Vivado/2017.3/ids_lite/ISE/coregen/ip/xilinx/other/com/xilinx/ip/mig_7series_v4_0/bin/nt64/mig.exe -cg_exc_inp c:/hdl_projects/arty_s7/arty_s7.srcs/sources_1/bd/design_1/ip/design_1_mig_7series_0_0/xil_txt.in -cg_exc_out c:/hdl_projects/arty_s7/arty_s7.srcs/sources_1/bd/design_1/ip/design_1_mig_7series_0_0/xil_txt.out ... 
MIG: 20:52:58 : XML_INPUT_FILE: c:/hdl_projects/arty_s7/arty_s7.srcs/sources_1/bd/design_1/ip/design_1_mig_7series_0_0/board.prj
MIG: 20:52:58 : Component_Name: design_1_mig_7series_0_0
MIG: 20:52:58 : Moving design_1_mig_7series_0_0 ...
MIG: 20:52:58 : Moving design_1_mig_7series_0_0.veo ...
MIG: 20:52:58 : Moving design_1_mig_7series_0_0_xmdf.tcl ...
MIG: 20:52:58 : XGUI hdlLanguage: Verilog
MIG: 20:52:58 : xgui vivado_mode: xpg_bd
MIG: 20:52:58 : xgui hdlLanguage: Verilog -- hdlExt: v
MIG: 20:52:58 : Reading C:/hdl_projects/arty_s7/arty_s7.srcs/sources_1/bd/design_1/ip/design_1_mig_7series_0_0/design_1_mig_7series_0_0/user_design/rtl/design_1_mig_7series_0_0_mig.v ...
MIG: 20:53:00 : 1
MIG: 20:53:00 : Inside fn mem: DDR3
MIG: 20:53:00 : detect_uiclk: 81247969
MIG: 20:53:01 : cntrl:  memtype: DDR3
MIG: 20:53:01 : 649
MIG: 20:53:01 :  MMCM_VCO single ctrl param_name: MMCM_VCO --  possibleMaxVcoVal: 649 
MIG: 20:53:01 : 
MIG: 20:53:01 : 1
MIG: 20:53:01 : 81247969
MIG: 20:53:01 : 
MIG: 20:53:01 :  polarity_value: 1
MIG: 20:53:01 : 
MIG: 20:53:01 : EXTERNAL
MIG: 20:53:01 : cntrl:  memtype: DDR3
MIG: 20:53:01 : Prasad ----: isMMCMExtraClkParam:: MMCM_CLKOUT0_EN --- "TRUE"
MIG: 20:53:01 : TRUE
MIG: 20:53:01 :  MMCM Enable Param: MMCM_CLKOUT0_EN ==> TRUE
MIG: 20:53:01 : Prasad ----: isMMCMExtraClkParam:: MMCM_CLKOUT1_EN --- "FALSE"
MIG: 20:53:01 : 
MIG: 20:53:01 :  MMCM Enable Param: MMCM_CLKOUT1_EN ==> FALSE
MIG: 20:53:01 : Prasad ----: isMMCMExtraClkParam:: MMCM_CLKOUT2_EN --- "FALSE"
MIG: 20:53:01 : 
MIG: 20:53:01 :  MMCM Enable Param: MMCM_CLKOUT2_EN ==> FALSE
MIG: 20:53:01 : Prasad ----: isMMCMExtraClkParam:: MMCM_CLKOUT3_EN --- "FALSE"
MIG: 20:53:01 : 
MIG: 20:53:01 :  MMCM Enable Param: MMCM_CLKOUT3_EN ==> FALSE
MIG: 20:53:01 : Prasad ----: isMMCMExtraClkParam:: MMCM_CLKOUT4_EN --- "FALSE"
MIG: 20:53:01 : 
MIG: 20:53:01 :  MMCM Enable Param: MMCM_CLKOUT4_EN ==> FALSE
MIG: 20:53:01 : Prasad ----: isMMCMExtraClkParam:: MMCM_CLKOUT0_DIVIDE --- 3.250
MIG: 20:53:01 : possibleMaxVcoVal:: 649 ---- paramName: MMCM_CLKOUT0_DIVIDE
MIG: 20:53:01 : 199692308
MIG: 20:53:01 :  MMCM Extra Param: MMCM_CLKOUT0_FREQ ==> 199692308
MIG: 20:53:01 : Prasad ----: isMMCMExtraClkParam:: MMCM_CLKOUT1_DIVIDE --- 1
MIG: 20:53:01 : possibleMaxVcoVal:: 649 ---- paramName: MMCM_CLKOUT1_DIVIDE
MIG: 20:53:01 : 649000000
MIG: 20:53:01 :  MMCM Extra Param: MMCM_CLKOUT1_FREQ ==> 649000000
MIG: 20:53:01 : Prasad ----: isMMCMExtraClkParam:: MMCM_CLKOUT2_DIVIDE --- 1
MIG: 20:53:01 : possibleMaxVcoVal:: 649 ---- paramName: MMCM_CLKOUT2_DIVIDE
MIG: 20:53:01 : 649000000
MIG: 20:53:01 :  MMCM Extra Param: MMCM_CLKOUT2_FREQ ==> 649000000
MIG: 20:53:01 : Prasad ----: isMMCMExtraClkParam:: MMCM_CLKOUT3_DIVIDE --- 1
MIG: 20:53:01 : possibleMaxVcoVal:: 649 ---- paramName: MMCM_CLKOUT3_DIVIDE
MIG: 20:53:01 : 649000000
MIG: 20:53:01 :  MMCM Extra Param: MMCM_CLKOUT3_FREQ ==> 649000000
MIG: 20:53:01 : Prasad ----: isMMCMExtraClkParam:: MMCM_CLKOUT4_DIVIDE --- 1
MIG: 20:53:01 : possibleMaxVcoVal:: 649 ---- paramName: MMCM_CLKOUT4_DIVIDE
MIG: 20:53:01 : 649000000
MIG: 20:53:01 :  MMCM Extra Param: MMCM_CLKOUT4_FREQ ==> 649000000
MIG: 20:53:01 : 
MIG: 20:53:01 :  Valid Param: DDR3_BANK_WIDTH ==> 3
MIG: 20:53:01 : 
MIG: 20:53:01 :  Valid Param: DDR3_CK_WIDTH ==> 1
MIG: 20:53:01 :  Invalid Param: DDR3_COL_WIDTH ==> 10
MIG: 20:53:01 : 
MIG: 20:53:01 :  Valid Param: DDR3_CS_WIDTH ==> 1
MIG: 20:53:01 : 
MIG: 20:53:01 :  Valid Param: DDR3_nCS_PER_RANK ==> 1
MIG: 20:53:01 : 
MIG: 20:53:01 :  Valid Param: DDR3_CKE_WIDTH ==> 1
MIG: 20:53:01 :  Invalid Param: DDR3_DATA_BUF_ADDR_WIDTH ==> 5
MIG: 20:53:01 :  Invalid Param: DDR3_DQ_CNT_WIDTH ==> 4
MIG: 20:53:01 :  Invalid Param: DDR3_DQ_PER_DM ==> 8
MIG: 20:53:01 : 2
MIG: 20:53:01 :  Valid Param: DDR3_DM_WIDTH ==> 2
MIG: 20:53:01 : 16
MIG: 20:53:01 :  Valid Param: DDR3_DQ_WIDTH ==> 16
MIG: 20:53:01 : 2
MIG: 20:53:01 :  Valid Param: DDR3_DQS_WIDTH ==> 2
MIG: 20:53:01 : 
MIG: 20:53:01 :  Valid Param: DDR3_DQS_CNT_WIDTH ==> 1
MIG: 20:53:01 :  Invalid Param: DDR3_DRAM_WIDTH ==> 8
MIG: 20:53:01 : 
MIG: 20:53:01 :  Valid Param: ECC ==> OFF
MIG: 20:53:01 : 16
MIG: 20:53:01 :  Valid Param: DDR3_DATA_WIDTH ==> 16
MIG: 20:53:01 :  Invalid Param: ECC_TEST ==> "OFF"
MIG: 20:53:01 :  Invalid Param: DDR3_PAYLOAD_WIDTH ==> (ECC_TEST == "OFF") ? DATA_WIDTH : DQ_WIDTH
MIG: 20:53:01 :  Invalid Param: DDR3_MEM_ADDR_ORDER ==> "BANK_ROW_COLUMN"
MIG: 20:53:01 :  Invalid Param: DDR3_nBANK_MACHS ==> 4
MIG: 20:53:01 :  Invalid Param: DDR3_RANKS ==> 1
MIG: 20:53:01 : 
MIG: 20:53:01 :  Valid Param: DDR3_ODT_WIDTH ==> 1
MIG: 20:53:01 : 
MIG: 20:53:01 :  Valid Param: DDR3_ROW_WIDTH ==> 14
MIG: 20:53:01 : 28
MIG: 20:53:01 :  Valid Param: DDR3_ADDR_WIDTH ==> 28
MIG: 20:53:01 : 
MIG: 20:53:01 :  Valid Param: DDR3_USE_CS_PORT ==> 1
MIG: 20:53:01 : 
MIG: 20:53:01 :  Valid Param: DDR3_USE_DM_PORT ==> 1
MIG: 20:53:01 : 
MIG: 20:53:01 :  Valid Param: DDR3_USE_ODT_PORT ==> 1
MIG: 20:53:01 :  Invalid Param: DDR3_IS_CLK_SHARED ==> "FALSE"
MIG: 20:53:01 :  Invalid Param: DDR3_PHY_CONTROL_MASTER_BANK ==> 0
MIG: 20:53:01 :  Invalid Param: DDR3_MEM_DENSITY ==> "2Gb"
MIG: 20:53:01 :  Invalid Param: DDR3_MEM_SPEEDGRADE ==> "15E"
MIG: 20:53:01 :  Invalid Param: DDR3_MEM_DEVICE_WIDTH ==> 16
MIG: 20:53:01 :  Invalid Param: DDR3_AL ==> "0"
MIG: 20:53:01 :  Invalid Param: DDR3_nAL ==> 0
MIG: 20:53:01 :  Invalid Param: DDR3_BURST_MODE ==> "8"
MIG: 20:53:01 :  Invalid Param: DDR3_BURST_TYPE ==> "SEQ"
MIG: 20:53:01 :  Invalid Param: DDR3_CL ==> 5
MIG: 20:53:01 :  Invalid Param: DDR3_CWL ==> 5
MIG: 20:53:02 :  Invalid Param: DDR3_OUTPUT_DRV ==> "LOW"
MIG: 20:53:02 :  Invalid Param: DDR3_RTT_NOM ==> "40"
MIG: 20:53:02 :  Invalid Param: DDR3_RTT_WR ==> "OFF"
MIG: 20:53:02 :  Invalid Param: DDR3_ADDR_CMD_MODE ==> "1T"
MIG: 20:53:02 : 
MIG: 20:53:02 :  Valid Param: DDR3_REG_CTRL ==> OFF
MIG: 20:53:02 :  Invalid Param: DDR3_CA_MIRROR ==> "OFF"
MIG: 20:53:02 :  Invalid Param: DDR3_VDD_OP_VOLT ==> "135"
MIG: 20:53:02 :  Invalid Param: DDR3_CLKIN_PERIOD ==> 10000
MIG: 20:53:02 :  Invalid Param: DDR3_CLKFBOUT_MULT ==> 13
MIG: 20:53:02 :  Invalid Param: DDR3_DIVCLK_DIVIDE ==> 1
MIG: 20:53:02 :  Invalid Param: DDR3_CLKOUT0_PHASE ==> 0.0
MIG: 20:53:02 :  Invalid Param: DDR3_CLKOUT0_DIVIDE ==> 2
MIG: 20:53:02 :  Invalid Param: DDR3_CLKOUT1_DIVIDE ==> 4
MIG: 20:53:02 :  Invalid Param: DDR3_CLKOUT2_DIVIDE ==> 64
MIG: 20:53:02 :  Invalid Param: DDR3_CLKOUT3_DIVIDE ==> 16
MIG: 20:53:02 :  Invalid Param: DDR3_MMCM_VCO ==> 649
MIG: 20:53:02 :  Invalid Param: DDR3_MMCM_MULT_F ==> 8
MIG: 20:53:02 :  Invalid Param: DDR3_MMCM_DIVCLK_DIVIDE ==> 1
MIG: 20:53:02 :  Invalid Param: DDR3_MMCM_CLKOUT0_EN ==> "TRUE"
MIG: 20:53:02 :  Invalid Param: DDR3_MMCM_CLKOUT1_EN ==> "FALSE"
MIG: 20:53:02 :  Invalid Param: DDR3_MMCM_CLKOUT2_EN ==> "FALSE"
MIG: 20:53:02 :  Invalid Param: DDR3_MMCM_CLKOUT3_EN ==> "FALSE"
MIG: 20:53:02 :  Invalid Param: DDR3_MMCM_CLKOUT4_EN ==> "FALSE"
MIG: 20:53:02 :  Invalid Param: DDR3_MMCM_CLKOUT0_DIVIDE ==> 3.250
MIG: 20:53:02 :  Invalid Param: DDR3_MMCM_CLKOUT1_DIVIDE ==> 1
MIG: 20:53:02 :  Invalid Param: DDR3_MMCM_CLKOUT2_DIVIDE ==> 1
MIG: 20:53:02 :  Invalid Param: DDR3_MMCM_CLKOUT3_DIVIDE ==> 1
MIG: 20:53:02 :  Invalid Param: DDR3_MMCM_CLKOUT4_DIVIDE ==> 1
MIG: 20:53:02 :  Invalid Param: DDR3_tCKE ==> 5625
MIG: 20:53:02 :  Invalid Param: DDR3_tFAW ==> 45000
MIG: 20:53:02 :  Invalid Param: DDR3_tPRDI ==> 1_000_000
MIG: 20:53:02 :  Invalid Param: DDR3_tRAS ==> 36000
MIG: 20:53:02 :  Invalid Param: DDR3_tRCD ==> 13500
MIG: 20:53:02 :  Invalid Param: DDR3_tREFI ==> 7800000
MIG: 20:53:02 :  Invalid Param: DDR3_tRFC ==> 160000
MIG: 20:53:02 :  Invalid Param: DDR3_tRP ==> 13500
MIG: 20:53:02 :  Invalid Param: DDR3_tRRD ==> 7500
MIG: 20:53:02 :  Invalid Param: DDR3_tRTP ==> 7500
MIG: 20:53:02 :  Invalid Param: DDR3_tWTR ==> 7500
MIG: 20:53:02 :  Invalid Param: DDR3_tZQI ==> 128_000_000
MIG: 20:53:02 :  Invalid Param: DDR3_tZQCS ==> 64
MIG: 20:53:02 :  Invalid Param: DDR3_SIM_BYPASS_INIT_CAL ==> "OFF"
MIG: 20:53:02 :  Invalid Param: DDR3_SIMULATION ==> "FALSE"
MIG: 20:53:02 :  Invalid Param: DDR3_BYTE_LANES_B0 ==> 4'b1111
MIG: 20:53:02 :  Invalid Param: DDR3_BYTE_LANES_B1 ==> 4'b0000
MIG: 20:53:02 :  Invalid Param: DDR3_BYTE_LANES_B2 ==> 4'b0000
MIG: 20:53:02 :  Invalid Param: DDR3_BYTE_LANES_B3 ==> 4'b0000
MIG: 20:53:02 :  Invalid Param: DDR3_BYTE_LANES_B4 ==> 4'b0000
MIG: 20:53:02 :  Invalid Param: DDR3_DATA_CTL_B0 ==> 4'b1100
MIG: 20:53:02 :  Invalid Param: DDR3_DATA_CTL_B1 ==> 4'b0000
MIG: 20:53:02 :  Invalid Param: DDR3_DATA_CTL_B2 ==> 4'b0000
MIG: 20:53:02 :  Invalid Param: DDR3_DATA_CTL_B3 ==> 4'b0000
MIG: 20:53:02 :  Invalid Param: DDR3_DATA_CTL_B4 ==> 4'b0000
MIG: 20:53:02 :  Invalid Param: DDR3_PHY_0_BITLANES ==> 48'h3FE_3FD_FFF_BFF
MIG: 20:53:02 :  Invalid Param: DDR3_PHY_1_BITLANES ==> 48'h000_000_000_000
MIG: 20:53:02 :  Invalid Param: DDR3_PHY_2_BITLANES ==> 48'h000_000_000_000
MIG: 20:53:02 :  Invalid Param: DDR3_CK_BYTE_MAP ==> 144'h00_00_00_00_00_00_00_00_00_00_00_00_00_00_00_00_00_00
MIG: 20:53:02 :  Invalid Param: DDR3_ADDR_MAP ==> 192'h000_000_000_002_004_009_007_001_005_006_003_010_012_014_011_01A
MIG: 20:53:02 :  Invalid Param: DDR3_BANK_MAP ==> 36'h01B_017_013
MIG: 20:53:02 :  Invalid Param: DDR3_CAS_MAP ==> 12'h015
MIG: 20:53:02 :  Invalid Param: DDR3_CKE_ODT_BYTE_MAP ==> 8'h00
MIG: 20:53:02 :  Invalid Param: DDR3_CKE_MAP ==> 96'h000_000_000_000_000_000_000_018
MIG: 20:53:02 :  Invalid Param: DDR3_ODT_MAP ==> 96'h000_000_000_000_000_000_000_008
MIG: 20:53:02 :  Invalid Param: DDR3_CS_MAP ==> 120'h000_000_000_000_000_000_000_000_000_019
MIG: 20:53:02 :  Invalid Param: DDR3_PARITY_MAP ==> 12'h000
MIG: 20:53:02 :  Invalid Param: DDR3_RAS_MAP ==> 12'h016
MIG: 20:53:02 :  Invalid Param: DDR3_WE_MAP ==> 12'h00B
MIG: 20:53:02 :  Invalid Param: DDR3_DQS_BYTE_MAP ==> 144'h00_00_00_00_00_00_00_00_00_00_00_00_00_00_00_00_02_03
MIG: 20:53:02 :  Invalid Param: DDR3_DATA0_MAP ==> 96'h034_033_032_035_031_038_037_036
MIG: 20:53:02 :  Invalid Param: DDR3_DATA1_MAP ==> 96'h023_027_022_028_025_026_020_024
MIG: 20:53:02 :  Invalid Param: DDR3_DATA2_MAP ==> 96'h000_000_000_000_000_000_000_000
MIG: 20:53:02 :  Invalid Param: DDR3_DATA3_MAP ==> 96'h000_000_000_000_000_000_000_000
MIG: 20:53:02 :  Invalid Param: DDR3_DATA4_MAP ==> 96'h000_000_000_000_000_000_000_000
MIG: 20:53:02 :  Invalid Param: DDR3_DATA5_MAP ==> 96'h000_000_000_000_000_000_000_000
MIG: 20:53:02 :  Invalid Param: DDR3_DATA6_MAP ==> 96'h000_000_000_000_000_000_000_000
MIG: 20:53:02 :  Invalid Param: DDR3_DATA7_MAP ==> 96'h000_000_000_000_000_000_000_000
MIG: 20:53:02 :  Invalid Param: DDR3_DATA8_MAP ==> 96'h000_000_000_000_000_000_000_000
MIG: 20:53:02 :  Invalid Param: DDR3_DATA9_MAP ==> 96'h000_000_000_000_000_000_000_000
MIG: 20:53:02 :  Invalid Param: DDR3_DATA10_MAP ==> 96'h000_000_000_000_000_000_000_000
MIG: 20:53:02 :  Invalid Param: DDR3_DATA11_MAP ==> 96'h000_000_000_000_000_000_000_000
MIG: 20:53:02 :  Invalid Param: DDR3_DATA12_MAP ==> 96'h000_000_000_000_000_000_000_000
MIG: 20:53:02 :  Invalid Param: DDR3_DATA13_MAP ==> 96'h000_000_000_000_000_000_000_000
MIG: 20:53:02 :  Invalid Param: DDR3_DATA14_MAP ==> 96'h000_000_000_000_000_000_000_000
MIG: 20:53:02 :  Invalid Param: DDR3_DATA15_MAP ==> 96'h000_000_000_000_000_000_000_000
MIG: 20:53:02 :  Invalid Param: DDR3_DATA16_MAP ==> 96'h000_000_000_000_000_000_000_000
MIG: 20:53:02 :  Invalid Param: DDR3_DATA17_MAP ==> 96'h000_000_000_000_000_000_000_000
MIG: 20:53:02 :  Invalid Param: DDR3_MASK0_MAP ==> 108'h000_000_000_000_000_000_000_029_039
MIG: 20:53:02 :  Invalid Param: DDR3_MASK1_MAP ==> 108'h000_000_000_000_000_000_000_000_000
MIG: 20:53:02 :  Invalid Param: DDR3_SLOT_0_CONFIG ==> 8'b0000_0001
MIG: 20:53:02 :  Invalid Param: DDR3_SLOT_1_CONFIG ==> 8'b0000_0000
MIG: 20:53:02 :  Invalid Param: DDR3_IBUF_LPWR_MODE ==> "OFF"
MIG: 20:53:02 :  Invalid Param: DDR3_DATA_IO_IDLE_PWRDWN ==> "ON"
MIG: 20:53:02 :  Invalid Param: DDR3_BANK_TYPE ==> "HR_IO"
MIG: 20:53:02 :  Invalid Param: DDR3_DATA_IO_PRIM_TYPE ==> "HR_LP"
MIG: 20:53:02 :  Invalid Param: DDR3_CKE_ODT_AUX ==> "FALSE"
MIG: 20:53:02 :  Invalid Param: DDR3_USER_REFRESH ==> "OFF"
MIG: 20:53:02 :  Invalid Param: DDR3_WRLVL ==> "ON"
MIG: 20:53:02 :  Invalid Param: DDR3_ORDERING ==> "NORM"
MIG: 20:53:02 :  Invalid Param: DDR3_CALIB_ROW_ADD ==> 16'h0000
MIG: 20:53:03 :  Invalid Param: DDR3_CALIB_COL_ADD ==> 12'h000
MIG: 20:53:03 :  Invalid Param: DDR3_CALIB_BA_ADD ==> 3'h0
MIG: 20:53:03 :  Invalid Param: DDR3_TCQ ==> 100
MIG: 20:53:03 :  Invalid Param: DDR3_IDELAY_ADJ ==> "OFF"
MIG: 20:53:03 :  Invalid Param: DDR3_FINE_PER_BIT ==> "OFF"
MIG: 20:53:03 :  Invalid Param: DDR3_CENTER_COMP_MODE ==> "OFF"
MIG: 20:53:03 :  Invalid Param: DDR3_PI_VAL_ADJ ==> "OFF"
MIG: 20:53:03 :  Invalid Param: DDR3_IODELAY_GRP0 ==> "DESIGN_1_MIG_7SERIES_0_0_IODELAY_MIG0"
MIG: 20:53:03 :  Invalid Param: DDR3_IODELAY_GRP1 ==> "DESIGN_1_MIG_7SERIES_0_0_IODELAY_MIG1"
MIG: 20:53:03 :  Invalid Param: DDR3_SYSCLK_TYPE ==> "SINGLE_ENDED"
MIG: 20:53:03 :  Invalid Param: DDR3_REFCLK_TYPE ==> "NO_BUFFER"
MIG: 20:53:03 :  Invalid Param: DDR3_SYS_RST_PORT ==> "FALSE"
MIG: 20:53:03 :  Invalid Param: DDR3_FPGA_SPEED_GRADE ==> 1
MIG: 20:53:03 :  Invalid Param: DDR3_CMD_PIPE_PLUS1 ==> "ON"
MIG: 20:53:03 :  Invalid Param: DDR3_DRAM_TYPE ==> "DDR3"
MIG: 20:53:03 :  Invalid Param: DDR3_CAL_WIDTH ==> "HALF"
MIG: 20:53:03 :  Invalid Param: DDR3_STARVE_LIMIT ==> 2
MIG: 20:53:03 :  Invalid Param: DDR3_REF_CLK_MMCM_IODELAY_CTRL ==> "FALSE"
MIG: 20:53:03 :  Invalid Param: DDR3_REFCLK_FREQ ==> 200.0
MIG: 20:53:03 :  Invalid Param: DDR3_DIFF_TERM_REFCLK ==> "TRUE"
MIG: 20:53:03 :  Invalid Param: DDR3_tCK ==> 3077
MIG: 20:53:03 : 4
MIG: 20:53:03 :  Valid Param: DDR3_nCK_PER_CLK ==> 4
MIG: 20:53:03 :  Invalid Param: DDR3_DIFF_TERM_SYSCLK ==> "FALSE"
MIG: 20:53:03 : TRUE
MIG: 20:53:03 :  Valid Param: UI_EXTRA_CLOCKS ==> TRUE
MIG: 20:53:03 : 
MIG: 20:53:03 :  Valid Param: C_S_AXI_ID_WIDTH ==> 4
MIG: 20:53:03 : 268435456
MIG: 20:53:03 :  Valid Param: C_S_AXI_MEM_SIZE ==> 268435456
MIG: 20:53:03 : 28
MIG: 20:53:03 :  Valid Param: C_S_AXI_ADDR_WIDTH ==> 28
MIG: 20:53:03 : 128
MIG: 20:53:03 :  Valid Param: C_S_AXI_DATA_WIDTH ==> 128
MIG: 20:53:03 :  Invalid Param: DDR3_C_MC_nCK_PER_CLK ==> 4
MIG: 20:53:03 :  Invalid Param: C_S_AXI_SUPPORTS_NARROW_BURST ==> 0
MIG: 20:53:03 :  Invalid Param: DDR3_C_RD_WR_ARB_ALGORITHM ==> "RD_PRI_REG"
MIG: 20:53:03 :  Invalid Param: C_S_AXI_REG_EN0 ==> 20'h00000
MIG: 20:53:03 :  Invalid Param: C_S_AXI_REG_EN1 ==> 20'h00000
MIG: 20:53:03 : 
MIG: 20:53:03 :  Valid Param: C_S_AXI_CTRL_ADDR_WIDTH ==> 32
MIG: 20:53:03 : 
MIG: 20:53:03 :  Valid Param: C_S_AXI_CTRL_DATA_WIDTH ==> 32
MIG: 20:53:03 :  Invalid Param: C_S_AXI_BASEADDR ==> 32'h0000_0000
MIG: 20:53:03 :  Invalid Param: C_ECC_ONOFF_RESET_VALUE ==> 1
MIG: 20:53:03 :  Invalid Param: C_ECC_CE_COUNTER_WIDTH ==> 8
MIG: 20:53:03 : 
MIG: 20:53:03 :  Valid Param: DDR3_DEBUG_PORT ==> OFF
MIG: 20:53:03 : 
MIG: 20:53:03 :  Invalid Param: DDR3_TEMP_MON_CONTROL ==> "EXTERNAL"
MIG: 20:53:03 :  Invalid Param: DDR3_FPGA_VOLT_TYPE ==> "N"
MIG: 20:53:03 :  Invalid Param: DDR3_RST_ACT_LOW ==> 1
MIG: 20:53:03 : SINGLE
MIG: 20:53:03 : NOBUF
MIG: 20:53:03 : 
MIG: 20:53:03 : Same Interface
MIG: 20:54:12 : Running customizer.xit
MIG: 20:54:12 : ################# RUNNING MIG INTERACTIVE ###################
MIG: 20:54:12 : Writing IN file for 'design_1_mig_7series_0_0'...compDirPath: c:/Xilinx/Vivado/2017.3/data/ip/xilinx/mig_7series_v4_0... instDirPath: c:/Users/aptay/AppData/Roaming/Xilinx/Vivado/.Xil/Vivado-14732-DESKTOP-HQKVQ13/coregen/design_1_mig_7series_0_0
MIG: 20:54:12 : synp_flow:  -- synthesis_mode: Other
MIG: 20:54:12 : outputDirectory: c:/Users/aptay/AppData/Roaming/Xilinx/Vivado/.Xil/Vivado-14732-DESKTOP-HQKVQ13/coregen/design_1_mig_7series_0_0/_tmp/
MIG: 20:54:12 : vivado_mode: xpg_bd
MIG: 20:54:12 :  locked false  
MIG: 20:54:12 : HDL Language: Verilog
MIG: 20:54:12 : compInfo: false
MIG: 20:54:12 : Vivado Options xc7s50 csga324 -1
MIG: 20:54:12 : 1: xc7s50 2: csga324 3: -1
MIG: 20:54:12 : relative mig path: coregen/ip/xilinx/other/com/xilinx/ip/mig_7series_v4_0/bin/nt64/mig.exe
MIG: 20:54:12 : xilinx_path: C:/Xilinx/Vivado/2017.3/ids_lite/ISE
MIG: 20:54:12 : I am in catch area
MIG: 20:54:12 : Running C:/Xilinx/Vivado/2017.3/ids_lite/ISE/coregen/ip/xilinx/other/com/xilinx/ip/mig_7series_v4_0/bin/nt64/mig.exe -cg_exc_inp c:/Users/aptay/AppData/Roaming/Xilinx/Vivado/.Xil/Vivado-14732-DESKTOP-HQKVQ13/coregen/design_1_mig_7series_0_0/xil_txt.in -cg_exc_out c:/Users/aptay/AppData/Roaming/Xilinx/Vivado/.Xil/Vivado-14732-DESKTOP-HQKVQ13/coregen/design_1_mig_7series_0_0/xil_txt.out ... 
MIG: 20:55:51 : Prasad before: xmlPropertyPrj -- board.prj
MIG: 20:55:51 : Prasad After: xmlPropertyPrj -- mig_a.prj
MIG: 20:55:51 : XML_INPUT_FILE: c:/Users/aptay/AppData/Roaming/Xilinx/Vivado/.Xil/Vivado-14732-DESKTOP-HQKVQ13/coregen/design_1_mig_7series_0_0/mig_a.prj
MIG: 20:55:51 : Component_Name: design_1_mig_7series_0_0
MIG: 20:55:51 : Moving design_1_mig_7series_0_0 ...
MIG: 20:55:51 : Moving design_1_mig_7series_0_0.veo ...
MIG: 20:55:51 : Moving design_1_mig_7series_0_0_xmdf.tcl ...
MIG: 20:55:51 : Sending back 0
MIG: 20:55:54 : xml_input_file: mig_a.prj
MIG: 20:55:54 : Absolute path of xml_input_file: c:/hdl_projects/arty_s7/arty_s7.srcs/sources_1/bd/design_1/ip/design_1_mig_7series_0_0/mig_a.prj
MIG: 20:55:54 : xml_input_file: mig_a.prj
MIG: 20:55:54 : Absolute path of xml_input_file: c:/hdl_projects/arty_s7/arty_s7.srcs/sources_1/bd/design_1/ip/design_1_mig_7series_0_0/mig_a.prj
MIG: 20:55:54 : In updateAllModelParams
MIG: 20:55:54 : IGN:     <ModuleName>design_1_mig_7series_0_0</ModuleName> <==>     <ModuleName>design_1_mig_7series_0_0</ModuleName> 
MIG: 20:55:54 : IGN:         <InputClkFreq>99.997</InputClkFreq> <==>         <InputClkFreq>99.997</InputClkFreq> 
MIG: 20:55:54 : XGUI hdlLanguage: Verilog
MIG: 20:55:54 : xgui vivado_mode: xpg_bd
MIG: 20:55:54 : xgui hdlLanguage: Verilog -- hdlExt: v
MIG: 20:55:54 : Reading C:/hdl_projects/arty_s7/arty_s7.srcs/sources_1/bd/design_1/ip/design_1_mig_7series_0_0/design_1_mig_7series_0_0/user_design/rtl/design_1_mig_7series_0_0_mig.v ...
MIG: 20:55:56 : 
MIG: 20:55:56 : Inside fn mem: DDR3
MIG: 20:55:56 : detect_uiclk: 81247969
MIG: 20:55:56 : cntrl:  memtype: DDR3
MIG: 20:55:56 : 
MIG: 20:55:56 :  MMCM_VCO single ctrl param_name: MMCM_VCO --  possibleMaxVcoVal: 649 
MIG: 20:55:56 : 
MIG: 20:55:56 : 
MIG: 20:55:56 : 
MIG: 20:55:56 : 
MIG: 20:55:56 :  polarity_value: 1
MIG: 20:55:56 : 
MIG: 20:55:56 : INTERNAL
MIG: 20:55:56 : cntrl:  memtype: DDR3
MIG: 20:55:56 : Prasad ----: isMMCMExtraClkParam:: MMCM_CLKOUT0_EN --- "TRUE"
MIG: 20:55:56 : 
MIG: 20:55:56 :  MMCM Enable Param: MMCM_CLKOUT0_EN ==> TRUE
MIG: 20:55:56 : Prasad ----: isMMCMExtraClkParam:: MMCM_CLKOUT1_EN --- "FALSE"
MIG: 20:55:56 : 
MIG: 20:55:56 :  MMCM Enable Param: MMCM_CLKOUT1_EN ==> FALSE
MIG: 20:55:56 : Prasad ----: isMMCMExtraClkParam:: MMCM_CLKOUT2_EN --- "FALSE"
MIG: 20:55:56 : 
MIG: 20:55:56 :  MMCM Enable Param: MMCM_CLKOUT2_EN ==> FALSE
MIG: 20:55:56 : Prasad ----: isMMCMExtraClkParam:: MMCM_CLKOUT3_EN --- "FALSE"
MIG: 20:55:56 : 
MIG: 20:55:56 :  MMCM Enable Param: MMCM_CLKOUT3_EN ==> FALSE
MIG: 20:55:56 : Prasad ----: isMMCMExtraClkParam:: MMCM_CLKOUT4_EN --- "FALSE"
MIG: 20:55:56 : 
MIG: 20:55:56 :  MMCM Enable Param: MMCM_CLKOUT4_EN ==> FALSE
MIG: 20:55:56 : Prasad ----: isMMCMExtraClkParam:: MMCM_CLKOUT0_DIVIDE --- 3.250
MIG: 20:55:56 : possibleMaxVcoVal:: 649 ---- paramName: MMCM_CLKOUT0_DIVIDE
MIG: 20:55:56 : 
MIG: 20:55:56 :  MMCM Extra Param: MMCM_CLKOUT0_FREQ ==> 199692308
MIG: 20:55:56 : Prasad ----: isMMCMExtraClkParam:: MMCM_CLKOUT1_DIVIDE --- 1
MIG: 20:55:56 : possibleMaxVcoVal:: 649 ---- paramName: MMCM_CLKOUT1_DIVIDE
MIG: 20:55:56 : 
MIG: 20:55:56 :  MMCM Extra Param: MMCM_CLKOUT1_FREQ ==> 649000000
MIG: 20:55:56 : Prasad ----: isMMCMExtraClkParam:: MMCM_CLKOUT2_DIVIDE --- 1
MIG: 20:55:56 : possibleMaxVcoVal:: 649 ---- paramName: MMCM_CLKOUT2_DIVIDE
MIG: 20:55:56 : 
MIG: 20:55:56 :  MMCM Extra Param: MMCM_CLKOUT2_FREQ ==> 649000000
MIG: 20:55:56 : Prasad ----: isMMCMExtraClkParam:: MMCM_CLKOUT3_DIVIDE --- 1
MIG: 20:55:56 : possibleMaxVcoVal:: 649 ---- paramName: MMCM_CLKOUT3_DIVIDE
MIG: 20:55:56 : 
MIG: 20:55:56 :  MMCM Extra Param: MMCM_CLKOUT3_FREQ ==> 649000000
MIG: 20:55:56 : Prasad ----: isMMCMExtraClkParam:: MMCM_CLKOUT4_DIVIDE --- 1
MIG: 20:55:56 : possibleMaxVcoVal:: 649 ---- paramName: MMCM_CLKOUT4_DIVIDE
MIG: 20:55:56 : 
MIG: 20:55:56 :  MMCM Extra Param: MMCM_CLKOUT4_FREQ ==> 649000000
MIG: 20:55:56 : 
MIG: 20:55:56 :  Valid Param: DDR3_BANK_WIDTH ==> 3
MIG: 20:55:57 : 
MIG: 20:55:57 :  Valid Param: DDR3_CK_WIDTH ==> 1
MIG: 20:55:57 :  Invalid Param: DDR3_COL_WIDTH ==> 10
MIG: 20:55:57 : 
MIG: 20:55:57 :  Valid Param: DDR3_CS_WIDTH ==> 1
MIG: 20:55:57 : 
MIG: 20:55:57 :  Valid Param: DDR3_nCS_PER_RANK ==> 1
MIG: 20:55:57 : 
MIG: 20:55:57 :  Valid Param: DDR3_CKE_WIDTH ==> 1
MIG: 20:55:57 :  Invalid Param: DDR3_DATA_BUF_ADDR_WIDTH ==> 5
MIG: 20:55:57 :  Invalid Param: DDR3_DQ_CNT_WIDTH ==> 4
MIG: 20:55:57 :  Invalid Param: DDR3_DQ_PER_DM ==> 8
MIG: 20:55:57 : 
MIG: 20:55:57 :  Valid Param: DDR3_DM_WIDTH ==> 2
MIG: 20:55:57 : 
MIG: 20:55:57 :  Valid Param: DDR3_DQ_WIDTH ==> 16
MIG: 20:55:57 : 
MIG: 20:55:57 :  Valid Param: DDR3_DQS_WIDTH ==> 2
MIG: 20:55:57 : 
MIG: 20:55:57 :  Valid Param: DDR3_DQS_CNT_WIDTH ==> 1
MIG: 20:55:57 :  Invalid Param: DDR3_DRAM_WIDTH ==> 8
MIG: 20:55:57 : 
MIG: 20:55:57 :  Valid Param: ECC ==> OFF
MIG: 20:55:57 : 
MIG: 20:55:57 :  Valid Param: DDR3_DATA_WIDTH ==> 16
MIG: 20:55:57 :  Invalid Param: ECC_TEST ==> "OFF"
MIG: 20:55:57 :  Invalid Param: DDR3_PAYLOAD_WIDTH ==> (ECC_TEST == "OFF") ? DATA_WIDTH : DQ_WIDTH
MIG: 20:55:57 :  Invalid Param: DDR3_MEM_ADDR_ORDER ==> "BANK_ROW_COLUMN"
MIG: 20:55:57 :  Invalid Param: DDR3_nBANK_MACHS ==> 4
MIG: 20:55:57 :  Invalid Param: DDR3_RANKS ==> 1
MIG: 20:55:57 : 
MIG: 20:55:57 :  Valid Param: DDR3_ODT_WIDTH ==> 1
MIG: 20:55:57 : 
MIG: 20:55:57 :  Valid Param: DDR3_ROW_WIDTH ==> 14
MIG: 20:55:57 : 
MIG: 20:55:57 :  Valid Param: DDR3_ADDR_WIDTH ==> 28
MIG: 20:55:57 : 
MIG: 20:55:57 :  Valid Param: DDR3_USE_CS_PORT ==> 1
MIG: 20:55:57 : 
MIG: 20:55:57 :  Valid Param: DDR3_USE_DM_PORT ==> 1
MIG: 20:55:57 : 
MIG: 20:55:57 :  Valid Param: DDR3_USE_ODT_PORT ==> 1
MIG: 20:55:57 :  Invalid Param: DDR3_IS_CLK_SHARED ==> "FALSE"
MIG: 20:55:57 :  Invalid Param: DDR3_PHY_CONTROL_MASTER_BANK ==> 0
MIG: 20:55:57 :  Invalid Param: DDR3_MEM_DENSITY ==> "2Gb"
MIG: 20:55:57 :  Invalid Param: DDR3_MEM_SPEEDGRADE ==> "15E"
MIG: 20:55:57 :  Invalid Param: DDR3_MEM_DEVICE_WIDTH ==> 16
MIG: 20:55:57 :  Invalid Param: DDR3_AL ==> "0"
MIG: 20:55:57 :  Invalid Param: DDR3_nAL ==> 0
MIG: 20:55:57 :  Invalid Param: DDR3_BURST_MODE ==> "8"
MIG: 20:55:57 :  Invalid Param: DDR3_BURST_TYPE ==> "SEQ"
MIG: 20:55:57 :  Invalid Param: DDR3_CL ==> 5
MIG: 20:55:57 :  Invalid Param: DDR3_CWL ==> 5
MIG: 20:55:57 :  Invalid Param: DDR3_OUTPUT_DRV ==> "LOW"
MIG: 20:55:57 :  Invalid Param: DDR3_RTT_NOM ==> "40"
MIG: 20:55:57 :  Invalid Param: DDR3_RTT_WR ==> "OFF"
MIG: 20:55:57 :  Invalid Param: DDR3_ADDR_CMD_MODE ==> "1T"
MIG: 20:55:57 : 
MIG: 20:55:57 :  Valid Param: DDR3_REG_CTRL ==> OFF
MIG: 20:55:57 :  Invalid Param: DDR3_CA_MIRROR ==> "OFF"
MIG: 20:55:57 :  Invalid Param: DDR3_VDD_OP_VOLT ==> "135"
MIG: 20:55:57 :  Invalid Param: DDR3_CLKIN_PERIOD ==> 10000
MIG: 20:55:57 :  Invalid Param: DDR3_CLKFBOUT_MULT ==> 13
MIG: 20:55:57 :  Invalid Param: DDR3_DIVCLK_DIVIDE ==> 1
MIG: 20:55:57 :  Invalid Param: DDR3_CLKOUT0_PHASE ==> 0.0
MIG: 20:55:57 :  Invalid Param: DDR3_CLKOUT0_DIVIDE ==> 2
MIG: 20:55:57 :  Invalid Param: DDR3_CLKOUT1_DIVIDE ==> 4
MIG: 20:55:57 :  Invalid Param: DDR3_CLKOUT2_DIVIDE ==> 64
MIG: 20:55:57 :  Invalid Param: DDR3_CLKOUT3_DIVIDE ==> 16
MIG: 20:55:57 :  Invalid Param: DDR3_MMCM_VCO ==> 649
MIG: 20:55:57 :  Invalid Param: DDR3_MMCM_MULT_F ==> 8
MIG: 20:55:57 :  Invalid Param: DDR3_MMCM_DIVCLK_DIVIDE ==> 1
MIG: 20:55:57 :  Invalid Param: DDR3_MMCM_CLKOUT0_EN ==> "TRUE"
MIG: 20:55:57 :  Invalid Param: DDR3_MMCM_CLKOUT1_EN ==> "FALSE"
MIG: 20:55:57 :  Invalid Param: DDR3_MMCM_CLKOUT2_EN ==> "FALSE"
MIG: 20:55:57 :  Invalid Param: DDR3_MMCM_CLKOUT3_EN ==> "FALSE"
MIG: 20:55:57 :  Invalid Param: DDR3_MMCM_CLKOUT4_EN ==> "FALSE"
MIG: 20:55:57 :  Invalid Param: DDR3_MMCM_CLKOUT0_DIVIDE ==> 3.250
MIG: 20:55:57 :  Invalid Param: DDR3_MMCM_CLKOUT1_DIVIDE ==> 1
MIG: 20:55:57 :  Invalid Param: DDR3_MMCM_CLKOUT2_DIVIDE ==> 1
MIG: 20:55:57 :  Invalid Param: DDR3_MMCM_CLKOUT3_DIVIDE ==> 1
MIG: 20:55:57 :  Invalid Param: DDR3_MMCM_CLKOUT4_DIVIDE ==> 1
MIG: 20:55:57 :  Invalid Param: DDR3_tCKE ==> 5625
MIG: 20:55:57 :  Invalid Param: DDR3_tFAW ==> 45000
MIG: 20:55:57 :  Invalid Param: DDR3_tPRDI ==> 1_000_000
MIG: 20:55:57 :  Invalid Param: DDR3_tRAS ==> 36000
MIG: 20:55:57 :  Invalid Param: DDR3_tRCD ==> 13500
MIG: 20:55:57 :  Invalid Param: DDR3_tREFI ==> 7800000
MIG: 20:55:57 :  Invalid Param: DDR3_tRFC ==> 160000
MIG: 20:55:57 :  Invalid Param: DDR3_tRP ==> 13500
MIG: 20:55:57 :  Invalid Param: DDR3_tRRD ==> 7500
MIG: 20:55:57 :  Invalid Param: DDR3_tRTP ==> 7500
MIG: 20:55:57 :  Invalid Param: DDR3_tWTR ==> 7500
MIG: 20:55:57 :  Invalid Param: DDR3_tZQI ==> 128_000_000
MIG: 20:55:57 :  Invalid Param: DDR3_tZQCS ==> 64
MIG: 20:55:57 :  Invalid Param: DDR3_SIM_BYPASS_INIT_CAL ==> "OFF"
MIG: 20:55:57 :  Invalid Param: DDR3_SIMULATION ==> "FALSE"
MIG: 20:55:57 :  Invalid Param: DDR3_BYTE_LANES_B0 ==> 4'b1111
MIG: 20:55:58 :  Invalid Param: DDR3_BYTE_LANES_B1 ==> 4'b0000
MIG: 20:55:58 :  Invalid Param: DDR3_BYTE_LANES_B2 ==> 4'b0000
MIG: 20:55:58 :  Invalid Param: DDR3_BYTE_LANES_B3 ==> 4'b0000
MIG: 20:55:58 :  Invalid Param: DDR3_BYTE_LANES_B4 ==> 4'b0000
MIG: 20:55:58 :  Invalid Param: DDR3_DATA_CTL_B0 ==> 4'b1100
MIG: 20:55:58 :  Invalid Param: DDR3_DATA_CTL_B1 ==> 4'b0000
MIG: 20:55:58 :  Invalid Param: DDR3_DATA_CTL_B2 ==> 4'b0000
MIG: 20:55:58 :  Invalid Param: DDR3_DATA_CTL_B3 ==> 4'b0000
MIG: 20:55:58 :  Invalid Param: DDR3_DATA_CTL_B4 ==> 4'b0000
MIG: 20:55:58 :  Invalid Param: DDR3_PHY_0_BITLANES ==> 48'h3FE_3FD_FFF_BFF
MIG: 20:55:58 :  Invalid Param: DDR3_PHY_1_BITLANES ==> 48'h000_000_000_000
MIG: 20:55:58 :  Invalid Param: DDR3_PHY_2_BITLANES ==> 48'h000_000_000_000
MIG: 20:55:58 :  Invalid Param: DDR3_CK_BYTE_MAP ==> 144'h00_00_00_00_00_00_00_00_00_00_00_00_00_00_00_00_00_00
MIG: 20:55:58 :  Invalid Param: DDR3_ADDR_MAP ==> 192'h000_000_000_002_004_009_007_001_005_006_003_010_012_014_011_01A
MIG: 20:55:58 :  Invalid Param: DDR3_BANK_MAP ==> 36'h01B_017_013
MIG: 20:55:58 :  Invalid Param: DDR3_CAS_MAP ==> 12'h015
MIG: 20:55:58 :  Invalid Param: DDR3_CKE_ODT_BYTE_MAP ==> 8'h00
MIG: 20:55:58 :  Invalid Param: DDR3_CKE_MAP ==> 96'h000_000_000_000_000_000_000_018
MIG: 20:55:58 :  Invalid Param: DDR3_ODT_MAP ==> 96'h000_000_000_000_000_000_000_008
MIG: 20:55:58 :  Invalid Param: DDR3_CS_MAP ==> 120'h000_000_000_000_000_000_000_000_000_019
MIG: 20:55:58 :  Invalid Param: DDR3_PARITY_MAP ==> 12'h000
MIG: 20:55:58 :  Invalid Param: DDR3_RAS_MAP ==> 12'h016
MIG: 20:55:58 :  Invalid Param: DDR3_WE_MAP ==> 12'h00B
MIG: 20:55:58 :  Invalid Param: DDR3_DQS_BYTE_MAP ==> 144'h00_00_00_00_00_00_00_00_00_00_00_00_00_00_00_00_02_03
MIG: 20:55:58 :  Invalid Param: DDR3_DATA0_MAP ==> 96'h034_033_032_035_031_038_037_036
MIG: 20:55:58 :  Invalid Param: DDR3_DATA1_MAP ==> 96'h023_027_022_028_025_026_020_024
MIG: 20:55:58 :  Invalid Param: DDR3_DATA2_MAP ==> 96'h000_000_000_000_000_000_000_000
MIG: 20:55:58 :  Invalid Param: DDR3_DATA3_MAP ==> 96'h000_000_000_000_000_000_000_000
MIG: 20:55:58 :  Invalid Param: DDR3_DATA4_MAP ==> 96'h000_000_000_000_000_000_000_000
MIG: 20:55:58 :  Invalid Param: DDR3_DATA5_MAP ==> 96'h000_000_000_000_000_000_000_000
MIG: 20:55:58 :  Invalid Param: DDR3_DATA6_MAP ==> 96'h000_000_000_000_000_000_000_000
MIG: 20:55:58 :  Invalid Param: DDR3_DATA7_MAP ==> 96'h000_000_000_000_000_000_000_000
MIG: 20:55:58 :  Invalid Param: DDR3_DATA8_MAP ==> 96'h000_000_000_000_000_000_000_000
MIG: 20:55:58 :  Invalid Param: DDR3_DATA9_MAP ==> 96'h000_000_000_000_000_000_000_000
MIG: 20:55:58 :  Invalid Param: DDR3_DATA10_MAP ==> 96'h000_000_000_000_000_000_000_000
MIG: 20:55:58 :  Invalid Param: DDR3_DATA11_MAP ==> 96'h000_000_000_000_000_000_000_000
MIG: 20:55:58 :  Invalid Param: DDR3_DATA12_MAP ==> 96'h000_000_000_000_000_000_000_000
MIG: 20:55:58 :  Invalid Param: DDR3_DATA13_MAP ==> 96'h000_000_000_000_000_000_000_000
MIG: 20:55:58 :  Invalid Param: DDR3_DATA14_MAP ==> 96'h000_000_000_000_000_000_000_000
MIG: 20:55:58 :  Invalid Param: DDR3_DATA15_MAP ==> 96'h000_000_000_000_000_000_000_000
MIG: 20:55:58 :  Invalid Param: DDR3_DATA16_MAP ==> 96'h000_000_000_000_000_000_000_000
MIG: 20:55:58 :  Invalid Param: DDR3_DATA17_MAP ==> 96'h000_000_000_000_000_000_000_000
MIG: 20:55:58 :  Invalid Param: DDR3_MASK0_MAP ==> 108'h000_000_000_000_000_000_000_029_039
MIG: 20:55:58 :  Invalid Param: DDR3_MASK1_MAP ==> 108'h000_000_000_000_000_000_000_000_000
MIG: 20:55:58 :  Invalid Param: DDR3_SLOT_0_CONFIG ==> 8'b0000_0001
MIG: 20:55:58 :  Invalid Param: DDR3_SLOT_1_CONFIG ==> 8'b0000_0000
MIG: 20:55:58 :  Invalid Param: DDR3_IBUF_LPWR_MODE ==> "OFF"
MIG: 20:55:58 :  Invalid Param: DDR3_DATA_IO_IDLE_PWRDWN ==> "ON"
MIG: 20:55:58 :  Invalid Param: DDR3_BANK_TYPE ==> "HR_IO"
MIG: 20:55:58 :  Invalid Param: DDR3_DATA_IO_PRIM_TYPE ==> "HR_LP"
MIG: 20:55:58 :  Invalid Param: DDR3_CKE_ODT_AUX ==> "FALSE"
MIG: 20:55:58 :  Invalid Param: DDR3_USER_REFRESH ==> "OFF"
MIG: 20:55:58 :  Invalid Param: DDR3_WRLVL ==> "ON"
MIG: 20:55:58 :  Invalid Param: DDR3_ORDERING ==> "NORM"
MIG: 20:55:58 :  Invalid Param: DDR3_CALIB_ROW_ADD ==> 16'h0000
MIG: 20:55:58 :  Invalid Param: DDR3_CALIB_COL_ADD ==> 12'h000
MIG: 20:55:58 :  Invalid Param: DDR3_CALIB_BA_ADD ==> 3'h0
MIG: 20:55:58 :  Invalid Param: DDR3_TCQ ==> 100
MIG: 20:55:58 :  Invalid Param: DDR3_IDELAY_ADJ ==> "OFF"
MIG: 20:55:58 :  Invalid Param: DDR3_FINE_PER_BIT ==> "OFF"
MIG: 20:55:58 :  Invalid Param: DDR3_CENTER_COMP_MODE ==> "OFF"
MIG: 20:55:58 :  Invalid Param: DDR3_PI_VAL_ADJ ==> "OFF"
MIG: 20:55:58 :  Invalid Param: DDR3_IODELAY_GRP0 ==> "DESIGN_1_MIG_7SERIES_0_0_IODELAY_MIG0"
MIG: 20:55:58 :  Invalid Param: DDR3_IODELAY_GRP1 ==> "DESIGN_1_MIG_7SERIES_0_0_IODELAY_MIG1"
MIG: 20:55:58 :  Invalid Param: DDR3_SYSCLK_TYPE ==> "SINGLE_ENDED"
MIG: 20:55:58 :  Invalid Param: DDR3_REFCLK_TYPE ==> "NO_BUFFER"
MIG: 20:55:58 :  Invalid Param: DDR3_SYS_RST_PORT ==> "FALSE"
MIG: 20:55:58 :  Invalid Param: DDR3_FPGA_SPEED_GRADE ==> 1
MIG: 20:55:58 :  Invalid Param: DDR3_CMD_PIPE_PLUS1 ==> "ON"
MIG: 20:55:58 :  Invalid Param: DDR3_DRAM_TYPE ==> "DDR3"
MIG: 20:55:58 :  Invalid Param: DDR3_CAL_WIDTH ==> "HALF"
MIG: 20:55:58 :  Invalid Param: DDR3_STARVE_LIMIT ==> 2
MIG: 20:55:58 :  Invalid Param: DDR3_REF_CLK_MMCM_IODELAY_CTRL ==> "FALSE"
MIG: 20:55:58 :  Invalid Param: DDR3_REFCLK_FREQ ==> 200.0
MIG: 20:55:58 :  Invalid Param: DDR3_DIFF_TERM_REFCLK ==> "TRUE"
MIG: 20:55:58 :  Invalid Param: DDR3_tCK ==> 3077
MIG: 20:55:58 : 
MIG: 20:55:58 :  Valid Param: DDR3_nCK_PER_CLK ==> 4
MIG: 20:55:58 :  Invalid Param: DDR3_DIFF_TERM_SYSCLK ==> "FALSE"
MIG: 20:55:58 : 
MIG: 20:55:58 :  Valid Param: UI_EXTRA_CLOCKS ==> TRUE
MIG: 20:55:58 : 
MIG: 20:55:58 :  Valid Param: C_S_AXI_ID_WIDTH ==> 4
MIG: 20:55:58 : 
MIG: 20:55:58 :  Valid Param: C_S_AXI_MEM_SIZE ==> 268435456
MIG: 20:55:58 : 
MIG: 20:55:58 :  Valid Param: C_S_AXI_ADDR_WIDTH ==> 28
MIG: 20:55:58 : 
MIG: 20:55:58 :  Valid Param: C_S_AXI_DATA_WIDTH ==> 128
MIG: 20:55:58 :  Invalid Param: DDR3_C_MC_nCK_PER_CLK ==> 4
MIG: 20:55:58 :  Invalid Param: C_S_AXI_SUPPORTS_NARROW_BURST ==> 0
MIG: 20:55:58 :  Invalid Param: DDR3_C_RD_WR_ARB_ALGORITHM ==> "RD_PRI_REG"
MIG: 20:55:58 :  Invalid Param: C_S_AXI_REG_EN0 ==> 20'h00000
MIG: 20:55:58 :  Invalid Param: C_S_AXI_REG_EN1 ==> 20'h00000
MIG: 20:55:58 : 
MIG: 20:55:58 :  Valid Param: C_S_AXI_CTRL_ADDR_WIDTH ==> 32
MIG: 20:55:58 : 
MIG: 20:55:58 :  Valid Param: C_S_AXI_CTRL_DATA_WIDTH ==> 32
MIG: 20:55:58 :  Invalid Param: C_S_AXI_BASEADDR ==> 32'h0000_0000
MIG: 20:55:58 :  Invalid Param: C_ECC_ONOFF_RESET_VALUE ==> 1
MIG: 20:55:58 :  Invalid Param: C_ECC_CE_COUNTER_WIDTH ==> 8
MIG: 20:55:59 : 
MIG: 20:55:59 :  Valid Param: DDR3_DEBUG_PORT ==> OFF
MIG: 20:55:59 : 
MIG: 20:55:59 :  Invalid Param: DDR3_TEMP_MON_CONTROL ==> "INTERNAL"
MIG: 20:55:59 :  Invalid Param: DDR3_FPGA_VOLT_TYPE ==> "N"
MIG: 20:55:59 :  Invalid Param: DDR3_RST_ACT_LOW ==> 1
MIG: 20:55:59 : 
MIG: 20:55:59 : 
MIG: 20:55:59 : 
MIG: 20:55:59 : Same Interface
MIG: 21:28:13 : Running synthesis.xit
MIG: 21:28:13 : IGN:     <ModuleName>design_1_mig_7series_0_0</ModuleName> <==>     <ModuleName>design_1_mig_7series_0_0</ModuleName> 
MIG: 21:28:13 : IGN:         <InputClkFreq>99.997</InputClkFreq> <==>         <InputClkFreq>99.997</InputClkFreq> 
MIG: 21:28:14 : Running vhdl_synth_rpr.xit
MIG: 21:28:14 : IGN:     <ModuleName>design_1_mig_7series_0_0</ModuleName> <==>     <ModuleName>design_1_mig_7series_0_0</ModuleName> 
MIG: 21:28:14 : IGN:         <InputClkFreq>99.997</InputClkFreq> <==>         <InputClkFreq>99.997</InputClkFreq> 
MIG: 21:28:14 : Running simulation.xit
MIG: 21:28:14 : IGN:     <ModuleName>design_1_mig_7series_0_0</ModuleName> <==>     <ModuleName>design_1_mig_7series_0_0</ModuleName> 
MIG: 21:28:14 : IGN:         <InputClkFreq>99.997</InputClkFreq> <==>         <InputClkFreq>99.997</InputClkFreq> 
MIG: 21:28:15 : Running vlog_sim_rpr.xit .. PRASAD DBG1
MIG: 21:28:15 : IGN:     <ModuleName>design_1_mig_7series_0_0</ModuleName> <==>     <ModuleName>design_1_mig_7series_0_0</ModuleName> 
MIG: 21:28:15 : IGN:         <InputClkFreq>99.997</InputClkFreq> <==>         <InputClkFreq>99.997</InputClkFreq> 
MIG: 21:28:16 : Running implementation.xit
MIG: 21:28:16 : IGN:     <ModuleName>design_1_mig_7series_0_0</ModuleName> <==>     <ModuleName>design_1_mig_7series_0_0</ModuleName> 
MIG: 21:28:16 : IGN:         <InputClkFreq>99.997</InputClkFreq> <==>         <InputClkFreq>99.997</InputClkFreq> 
MIG: 18:46:12 : xml_input_file: board.prj
MIG: 18:46:12 : Absolute path of xml_input_file: c:/hdl_projects/arty_s7/arty_s7.srcs/sources_1/bd/design_1/ip/design_1_mig_7series_0_0/board.prj
MIG: 18:46:12 : xml_input_file: mig_a.prj
MIG: 18:46:12 : Absolute path of xml_input_file: c:/hdl_projects/arty_s7/arty_s7.srcs/sources_1/bd/design_1/ip/design_1_mig_7series_0_0/mig_a.prj
MIG: 18:46:12 : xml_input_file: mig_a.prj
MIG: 18:46:12 : Absolute path of xml_input_file: c:/hdl_projects/arty_s7/arty_s7.srcs/sources_1/bd/design_1/ip/design_1_mig_7series_0_0/mig_a.prj
MIG: 18:46:16 : Running customizer.xit
MIG: 18:46:16 : ################# RUNNING MIG INTERACTIVE ###################
MIG: 18:46:16 : Writing IN file for 'design_1_mig_7series_0_0'...compDirPath: c:/Xilinx/Vivado/2017.3/data/ip/xilinx/mig_7series_v4_0... instDirPath: c:/Users/aptay/AppData/Roaming/Xilinx/Vivado/.Xil/Vivado-13448-DESKTOP-HQKVQ13/coregen/design_1_mig_7series_0_0
MIG: 18:46:16 : synp_flow:  -- synthesis_mode: Other
MIG: 18:46:16 : outputDirectory: c:/Users/aptay/AppData/Roaming/Xilinx/Vivado/.Xil/Vivado-13448-DESKTOP-HQKVQ13/coregen/design_1_mig_7series_0_0/_tmp/
MIG: 18:46:16 : vivado_mode: xpg_bd
MIG: 18:46:16 :  locked false  
MIG: 18:46:16 : HDL Language: Verilog
MIG: 18:46:16 : compInfo: false
MIG: 18:46:16 : Vivado Options xc7s50 csga324 -1
MIG: 18:46:16 : 1: xc7s50 2: csga324 3: -1
MIG: 18:46:16 : relative mig path: coregen/ip/xilinx/other/com/xilinx/ip/mig_7series_v4_0/bin/nt64/mig.exe
MIG: 18:46:16 : xilinx_path: C:/Xilinx/Vivado/2017.3/ids_lite/ISE
MIG: 18:46:16 : I am in catch area
MIG: 18:46:16 : Running C:/Xilinx/Vivado/2017.3/ids_lite/ISE/coregen/ip/xilinx/other/com/xilinx/ip/mig_7series_v4_0/bin/nt64/mig.exe -cg_exc_inp c:/Users/aptay/AppData/Roaming/Xilinx/Vivado/.Xil/Vivado-13448-DESKTOP-HQKVQ13/coregen/design_1_mig_7series_0_0/xil_txt.in -cg_exc_out c:/Users/aptay/AppData/Roaming/Xilinx/Vivado/.Xil/Vivado-13448-DESKTOP-HQKVQ13/coregen/design_1_mig_7series_0_0/xil_txt.out ... 
MIG: 18:49:53 : Prasad before: xmlPropertyPrj -- mig_a.prj
MIG: 18:49:53 : Prasad After: xmlPropertyPrj -- mig_b.prj
MIG: 18:49:53 : XML_INPUT_FILE: c:/Users/aptay/AppData/Roaming/Xilinx/Vivado/.Xil/Vivado-13448-DESKTOP-HQKVQ13/coregen/design_1_mig_7series_0_0/mig_b.prj
MIG: 18:49:54 : Component_Name: design_1_mig_7series_0_0
MIG: 18:49:54 : Moving design_1_mig_7series_0_0 ...
MIG: 18:49:54 : Moving design_1_mig_7series_0_0.veo ...
MIG: 18:49:54 : Moving design_1_mig_7series_0_0_xmdf.tcl ...
MIG: 18:49:54 : Sending back 0
MIG: 18:49:56 : xml_input_file: mig_b.prj
MIG: 18:49:56 : Absolute path of xml_input_file: c:/hdl_projects/arty_s7/arty_s7.srcs/sources_1/bd/design_1/ip/design_1_mig_7series_0_0/mig_b.prj
MIG: 18:49:56 : xml_input_file: mig_b.prj
MIG: 18:49:56 : Absolute path of xml_input_file: c:/hdl_projects/arty_s7/arty_s7.srcs/sources_1/bd/design_1/ip/design_1_mig_7series_0_0/mig_b.prj
MIG: 18:49:56 : In updateAllModelParams
MIG: 18:49:56 : IGN:     <ModuleName>design_1_mig_7series_0_0</ModuleName> <==>     <ModuleName>design_1_mig_7series_0_0</ModuleName> 
MIG: 18:49:56 : IGN:         <InputClkFreq>99.997</InputClkFreq> <==>         <InputClkFreq>99.997</InputClkFreq> 
MIG: 18:49:56 : XGUI hdlLanguage: Verilog
MIG: 18:49:56 : xgui vivado_mode: xpg_bd
MIG: 18:49:56 : xgui hdlLanguage: Verilog -- hdlExt: v
MIG: 18:49:56 : Reading C:/hdl_projects/arty_s7/arty_s7.srcs/sources_1/bd/design_1/ip/design_1_mig_7series_0_0/design_1_mig_7series_0_0/user_design/rtl/design_1_mig_7series_0_0_mig.v ...
MIG: 18:49:57 : 
MIG: 18:49:57 : Inside fn mem: DDR3
MIG: 18:49:57 : detect_uiclk: 81247969
MIG: 18:49:57 : cntrl:  memtype: DDR3
MIG: 18:49:57 : 
MIG: 18:49:57 :  MMCM_VCO single ctrl param_name: MMCM_VCO --  possibleMaxVcoVal: 649 
MIG: 18:49:57 : 
MIG: 18:49:57 : 
MIG: 18:49:57 : 
MIG: 18:49:57 : 
MIG: 18:49:57 :  polarity_value: 1
MIG: 18:49:57 : 
MIG: 18:49:57 : 
MIG: 18:49:57 : cntrl:  memtype: DDR3
MIG: 18:49:57 : Prasad ----: isMMCMExtraClkParam:: MMCM_CLKOUT0_EN --- "TRUE"
MIG: 18:49:57 : 
MIG: 18:49:57 :  MMCM Enable Param: MMCM_CLKOUT0_EN ==> TRUE
MIG: 18:49:57 : Prasad ----: isMMCMExtraClkParam:: MMCM_CLKOUT1_EN --- "FALSE"
MIG: 18:49:57 : 
MIG: 18:49:57 :  MMCM Enable Param: MMCM_CLKOUT1_EN ==> FALSE
MIG: 18:49:57 : Prasad ----: isMMCMExtraClkParam:: MMCM_CLKOUT2_EN --- "FALSE"
MIG: 18:49:57 : 
MIG: 18:49:57 :  MMCM Enable Param: MMCM_CLKOUT2_EN ==> FALSE
MIG: 18:49:57 : Prasad ----: isMMCMExtraClkParam:: MMCM_CLKOUT3_EN --- "FALSE"
MIG: 18:49:57 : 
MIG: 18:49:57 :  MMCM Enable Param: MMCM_CLKOUT3_EN ==> FALSE
MIG: 18:49:57 : Prasad ----: isMMCMExtraClkParam:: MMCM_CLKOUT4_EN --- "FALSE"
MIG: 18:49:57 : 
MIG: 18:49:57 :  MMCM Enable Param: MMCM_CLKOUT4_EN ==> FALSE
MIG: 18:49:57 : Prasad ----: isMMCMExtraClkParam:: MMCM_CLKOUT0_DIVIDE --- 3.250
MIG: 18:49:57 : possibleMaxVcoVal:: 649 ---- paramName: MMCM_CLKOUT0_DIVIDE
MIG: 18:49:57 : 
MIG: 18:49:57 :  MMCM Extra Param: MMCM_CLKOUT0_FREQ ==> 199692308
MIG: 18:49:57 : Prasad ----: isMMCMExtraClkParam:: MMCM_CLKOUT1_DIVIDE --- 1
MIG: 18:49:57 : possibleMaxVcoVal:: 649 ---- paramName: MMCM_CLKOUT1_DIVIDE
MIG: 18:49:57 : 
MIG: 18:49:57 :  MMCM Extra Param: MMCM_CLKOUT1_FREQ ==> 649000000
MIG: 18:49:57 : Prasad ----: isMMCMExtraClkParam:: MMCM_CLKOUT2_DIVIDE --- 1
MIG: 18:49:57 : possibleMaxVcoVal:: 649 ---- paramName: MMCM_CLKOUT2_DIVIDE
MIG: 18:49:57 : 
MIG: 18:49:57 :  MMCM Extra Param: MMCM_CLKOUT2_FREQ ==> 649000000
MIG: 18:49:57 : Prasad ----: isMMCMExtraClkParam:: MMCM_CLKOUT3_DIVIDE --- 1
MIG: 18:49:57 : possibleMaxVcoVal:: 649 ---- paramName: MMCM_CLKOUT3_DIVIDE
MIG: 18:49:57 : 
MIG: 18:49:57 :  MMCM Extra Param: MMCM_CLKOUT3_FREQ ==> 649000000
MIG: 18:49:57 : Prasad ----: isMMCMExtraClkParam:: MMCM_CLKOUT4_DIVIDE --- 1
MIG: 18:49:57 : possibleMaxVcoVal:: 649 ---- paramName: MMCM_CLKOUT4_DIVIDE
MIG: 18:49:57 : 
MIG: 18:49:57 :  MMCM Extra Param: MMCM_CLKOUT4_FREQ ==> 649000000
MIG: 18:49:57 : 
MIG: 18:49:57 :  Valid Param: DDR3_BANK_WIDTH ==> 3
MIG: 18:49:57 : 
MIG: 18:49:57 :  Valid Param: DDR3_CK_WIDTH ==> 1
MIG: 18:49:57 :  Invalid Param: DDR3_COL_WIDTH ==> 10
MIG: 18:49:57 : 
MIG: 18:49:57 :  Valid Param: DDR3_CS_WIDTH ==> 1
MIG: 18:49:57 : 
MIG: 18:49:57 :  Valid Param: DDR3_nCS_PER_RANK ==> 1
MIG: 18:49:57 : 
MIG: 18:49:57 :  Valid Param: DDR3_CKE_WIDTH ==> 1
MIG: 18:49:57 :  Invalid Param: DDR3_DATA_BUF_ADDR_WIDTH ==> 5
MIG: 18:49:57 :  Invalid Param: DDR3_DQ_CNT_WIDTH ==> 4
MIG: 18:49:57 :  Invalid Param: DDR3_DQ_PER_DM ==> 8
MIG: 18:49:57 : 
MIG: 18:49:57 :  Valid Param: DDR3_DM_WIDTH ==> 2
MIG: 18:49:57 : 
MIG: 18:49:57 :  Valid Param: DDR3_DQ_WIDTH ==> 16
MIG: 18:49:57 : 
MIG: 18:49:57 :  Valid Param: DDR3_DQS_WIDTH ==> 2
MIG: 18:49:57 : 
MIG: 18:49:57 :  Valid Param: DDR3_DQS_CNT_WIDTH ==> 1
MIG: 18:49:57 :  Invalid Param: DDR3_DRAM_WIDTH ==> 8
MIG: 18:49:57 : 
MIG: 18:49:57 :  Valid Param: ECC ==> OFF
MIG: 18:49:57 : 
MIG: 18:49:57 :  Valid Param: DDR3_DATA_WIDTH ==> 16
MIG: 18:49:57 :  Invalid Param: ECC_TEST ==> "OFF"
MIG: 18:49:57 :  Invalid Param: DDR3_PAYLOAD_WIDTH ==> (ECC_TEST == "OFF") ? DATA_WIDTH : DQ_WIDTH
MIG: 18:49:57 :  Invalid Param: DDR3_MEM_ADDR_ORDER ==> "BANK_ROW_COLUMN"
MIG: 18:49:57 :  Invalid Param: DDR3_nBANK_MACHS ==> 4
MIG: 18:49:57 :  Invalid Param: DDR3_RANKS ==> 1
MIG: 18:49:57 : 
MIG: 18:49:57 :  Valid Param: DDR3_ODT_WIDTH ==> 1
MIG: 18:49:57 : 
MIG: 18:49:57 :  Valid Param: DDR3_ROW_WIDTH ==> 14
MIG: 18:49:57 : 
MIG: 18:49:57 :  Valid Param: DDR3_ADDR_WIDTH ==> 28
MIG: 18:49:58 : 
MIG: 18:49:58 :  Valid Param: DDR3_USE_CS_PORT ==> 1
MIG: 18:49:58 : 
MIG: 18:49:58 :  Valid Param: DDR3_USE_DM_PORT ==> 1
MIG: 18:49:58 : 
MIG: 18:49:58 :  Valid Param: DDR3_USE_ODT_PORT ==> 1
MIG: 18:49:58 :  Invalid Param: DDR3_IS_CLK_SHARED ==> "FALSE"
MIG: 18:49:58 :  Invalid Param: DDR3_PHY_CONTROL_MASTER_BANK ==> 0
MIG: 18:49:58 :  Invalid Param: DDR3_MEM_DENSITY ==> "2Gb"
MIG: 18:49:58 :  Invalid Param: DDR3_MEM_SPEEDGRADE ==> "15E"
MIG: 18:49:58 :  Invalid Param: DDR3_MEM_DEVICE_WIDTH ==> 16
MIG: 18:49:58 :  Invalid Param: DDR3_AL ==> "0"
MIG: 18:49:58 :  Invalid Param: DDR3_nAL ==> 0
MIG: 18:49:58 :  Invalid Param: DDR3_BURST_MODE ==> "8"
MIG: 18:49:58 :  Invalid Param: DDR3_BURST_TYPE ==> "SEQ"
MIG: 18:49:58 :  Invalid Param: DDR3_CL ==> 5
MIG: 18:49:58 :  Invalid Param: DDR3_CWL ==> 5
MIG: 18:49:58 :  Invalid Param: DDR3_OUTPUT_DRV ==> "LOW"
MIG: 18:49:58 :  Invalid Param: DDR3_RTT_NOM ==> "40"
MIG: 18:49:58 :  Invalid Param: DDR3_RTT_WR ==> "OFF"
MIG: 18:49:58 :  Invalid Param: DDR3_ADDR_CMD_MODE ==> "1T"
MIG: 18:49:58 : 
MIG: 18:49:58 :  Valid Param: DDR3_REG_CTRL ==> OFF
MIG: 18:49:58 :  Invalid Param: DDR3_CA_MIRROR ==> "OFF"
MIG: 18:49:58 :  Invalid Param: DDR3_VDD_OP_VOLT ==> "135"
MIG: 18:49:58 :  Invalid Param: DDR3_CLKIN_PERIOD ==> 10000
MIG: 18:49:58 :  Invalid Param: DDR3_CLKFBOUT_MULT ==> 13
MIG: 18:49:58 :  Invalid Param: DDR3_DIVCLK_DIVIDE ==> 1
MIG: 18:49:58 :  Invalid Param: DDR3_CLKOUT0_PHASE ==> 0.0
MIG: 18:49:58 :  Invalid Param: DDR3_CLKOUT0_DIVIDE ==> 2
MIG: 18:49:58 :  Invalid Param: DDR3_CLKOUT1_DIVIDE ==> 4
MIG: 18:49:58 :  Invalid Param: DDR3_CLKOUT2_DIVIDE ==> 64
MIG: 18:49:58 :  Invalid Param: DDR3_CLKOUT3_DIVIDE ==> 16
MIG: 18:49:58 :  Invalid Param: DDR3_MMCM_VCO ==> 649
MIG: 18:49:58 :  Invalid Param: DDR3_MMCM_MULT_F ==> 8
MIG: 18:49:58 :  Invalid Param: DDR3_MMCM_DIVCLK_DIVIDE ==> 1
MIG: 18:49:58 :  Invalid Param: DDR3_MMCM_CLKOUT0_EN ==> "TRUE"
MIG: 18:49:58 :  Invalid Param: DDR3_MMCM_CLKOUT1_EN ==> "FALSE"
MIG: 18:49:58 :  Invalid Param: DDR3_MMCM_CLKOUT2_EN ==> "FALSE"
MIG: 18:49:58 :  Invalid Param: DDR3_MMCM_CLKOUT3_EN ==> "FALSE"
MIG: 18:49:58 :  Invalid Param: DDR3_MMCM_CLKOUT4_EN ==> "FALSE"
MIG: 18:49:58 :  Invalid Param: DDR3_MMCM_CLKOUT0_DIVIDE ==> 3.250
MIG: 18:49:58 :  Invalid Param: DDR3_MMCM_CLKOUT1_DIVIDE ==> 1
MIG: 18:49:58 :  Invalid Param: DDR3_MMCM_CLKOUT2_DIVIDE ==> 1
MIG: 18:49:58 :  Invalid Param: DDR3_MMCM_CLKOUT3_DIVIDE ==> 1
MIG: 18:49:58 :  Invalid Param: DDR3_MMCM_CLKOUT4_DIVIDE ==> 1
MIG: 18:49:58 :  Invalid Param: DDR3_tCKE ==> 5625
MIG: 18:49:58 :  Invalid Param: DDR3_tFAW ==> 45000
MIG: 18:49:58 :  Invalid Param: DDR3_tPRDI ==> 1_000_000
MIG: 18:49:58 :  Invalid Param: DDR3_tRAS ==> 36000
MIG: 18:49:58 :  Invalid Param: DDR3_tRCD ==> 13500
MIG: 18:49:58 :  Invalid Param: DDR3_tREFI ==> 7800000
MIG: 18:49:58 :  Invalid Param: DDR3_tRFC ==> 160000
MIG: 18:49:58 :  Invalid Param: DDR3_tRP ==> 13500
MIG: 18:49:58 :  Invalid Param: DDR3_tRRD ==> 7500
MIG: 18:49:58 :  Invalid Param: DDR3_tRTP ==> 7500
MIG: 18:49:58 :  Invalid Param: DDR3_tWTR ==> 7500
MIG: 18:49:58 :  Invalid Param: DDR3_tZQI ==> 128_000_000
MIG: 18:49:58 :  Invalid Param: DDR3_tZQCS ==> 64
MIG: 18:49:58 :  Invalid Param: DDR3_SIM_BYPASS_INIT_CAL ==> "OFF"
MIG: 18:49:58 :  Invalid Param: DDR3_SIMULATION ==> "FALSE"
MIG: 18:49:58 :  Invalid Param: DDR3_BYTE_LANES_B0 ==> 4'b1111
MIG: 18:49:58 :  Invalid Param: DDR3_BYTE_LANES_B1 ==> 4'b0000
MIG: 18:49:58 :  Invalid Param: DDR3_BYTE_LANES_B2 ==> 4'b0000
MIG: 18:49:58 :  Invalid Param: DDR3_BYTE_LANES_B3 ==> 4'b0000
MIG: 18:49:58 :  Invalid Param: DDR3_BYTE_LANES_B4 ==> 4'b0000
MIG: 18:49:58 :  Invalid Param: DDR3_DATA_CTL_B0 ==> 4'b1100
MIG: 18:49:58 :  Invalid Param: DDR3_DATA_CTL_B1 ==> 4'b0000
MIG: 18:49:58 :  Invalid Param: DDR3_DATA_CTL_B2 ==> 4'b0000
MIG: 18:49:58 :  Invalid Param: DDR3_DATA_CTL_B3 ==> 4'b0000
MIG: 18:49:58 :  Invalid Param: DDR3_DATA_CTL_B4 ==> 4'b0000
MIG: 18:49:58 :  Invalid Param: DDR3_PHY_0_BITLANES ==> 48'h3FE_3FD_FFF_BFF
MIG: 18:49:58 :  Invalid Param: DDR3_PHY_1_BITLANES ==> 48'h000_000_000_000
MIG: 18:49:58 :  Invalid Param: DDR3_PHY_2_BITLANES ==> 48'h000_000_000_000
MIG: 18:49:58 :  Invalid Param: DDR3_CK_BYTE_MAP ==> 144'h00_00_00_00_00_00_00_00_00_00_00_00_00_00_00_00_00_00
MIG: 18:49:58 :  Invalid Param: DDR3_ADDR_MAP ==> 192'h000_000_000_002_004_009_007_001_005_006_003_010_012_014_011_01A
MIG: 18:49:58 :  Invalid Param: DDR3_BANK_MAP ==> 36'h01B_017_013
MIG: 18:49:58 :  Invalid Param: DDR3_CAS_MAP ==> 12'h015
MIG: 18:49:58 :  Invalid Param: DDR3_CKE_ODT_BYTE_MAP ==> 8'h00
MIG: 18:49:58 :  Invalid Param: DDR3_CKE_MAP ==> 96'h000_000_000_000_000_000_000_018
MIG: 18:49:58 :  Invalid Param: DDR3_ODT_MAP ==> 96'h000_000_000_000_000_000_000_008
MIG: 18:49:58 :  Invalid Param: DDR3_CS_MAP ==> 120'h000_000_000_000_000_000_000_000_000_019
MIG: 18:49:58 :  Invalid Param: DDR3_PARITY_MAP ==> 12'h000
MIG: 18:49:58 :  Invalid Param: DDR3_RAS_MAP ==> 12'h016
MIG: 18:49:58 :  Invalid Param: DDR3_WE_MAP ==> 12'h00B
MIG: 18:49:58 :  Invalid Param: DDR3_DQS_BYTE_MAP ==> 144'h00_00_00_00_00_00_00_00_00_00_00_00_00_00_00_00_02_03
MIG: 18:49:58 :  Invalid Param: DDR3_DATA0_MAP ==> 96'h034_033_032_035_031_038_037_036
MIG: 18:49:58 :  Invalid Param: DDR3_DATA1_MAP ==> 96'h023_027_022_028_025_026_020_024
MIG: 18:49:58 :  Invalid Param: DDR3_DATA2_MAP ==> 96'h000_000_000_000_000_000_000_000
MIG: 18:49:58 :  Invalid Param: DDR3_DATA3_MAP ==> 96'h000_000_000_000_000_000_000_000
MIG: 18:49:58 :  Invalid Param: DDR3_DATA4_MAP ==> 96'h000_000_000_000_000_000_000_000
MIG: 18:49:58 :  Invalid Param: DDR3_DATA5_MAP ==> 96'h000_000_000_000_000_000_000_000
MIG: 18:49:58 :  Invalid Param: DDR3_DATA6_MAP ==> 96'h000_000_000_000_000_000_000_000
MIG: 18:49:58 :  Invalid Param: DDR3_DATA7_MAP ==> 96'h000_000_000_000_000_000_000_000
MIG: 18:49:58 :  Invalid Param: DDR3_DATA8_MAP ==> 96'h000_000_000_000_000_000_000_000
MIG: 18:49:58 :  Invalid Param: DDR3_DATA9_MAP ==> 96'h000_000_000_000_000_000_000_000
MIG: 18:49:58 :  Invalid Param: DDR3_DATA10_MAP ==> 96'h000_000_000_000_000_000_000_000
MIG: 18:49:58 :  Invalid Param: DDR3_DATA11_MAP ==> 96'h000_000_000_000_000_000_000_000
MIG: 18:49:58 :  Invalid Param: DDR3_DATA12_MAP ==> 96'h000_000_000_000_000_000_000_000
MIG: 18:49:58 :  Invalid Param: DDR3_DATA13_MAP ==> 96'h000_000_000_000_000_000_000_000
MIG: 18:49:58 :  Invalid Param: DDR3_DATA14_MAP ==> 96'h000_000_000_000_000_000_000_000
MIG: 18:49:58 :  Invalid Param: DDR3_DATA15_MAP ==> 96'h000_000_000_000_000_000_000_000
MIG: 18:49:58 :  Invalid Param: DDR3_DATA16_MAP ==> 96'h000_000_000_000_000_000_000_000
MIG: 18:49:58 :  Invalid Param: DDR3_DATA17_MAP ==> 96'h000_000_000_000_000_000_000_000
MIG: 18:49:58 :  Invalid Param: DDR3_MASK0_MAP ==> 108'h000_000_000_000_000_000_000_029_039
MIG: 18:49:58 :  Invalid Param: DDR3_MASK1_MAP ==> 108'h000_000_000_000_000_000_000_000_000
MIG: 18:49:58 :  Invalid Param: DDR3_SLOT_0_CONFIG ==> 8'b0000_0001
MIG: 18:49:58 :  Invalid Param: DDR3_SLOT_1_CONFIG ==> 8'b0000_0000
MIG: 18:49:58 :  Invalid Param: DDR3_IBUF_LPWR_MODE ==> "OFF"
MIG: 18:49:58 :  Invalid Param: DDR3_DATA_IO_IDLE_PWRDWN ==> "ON"
MIG: 18:49:58 :  Invalid Param: DDR3_BANK_TYPE ==> "HR_IO"
MIG: 18:49:58 :  Invalid Param: DDR3_DATA_IO_PRIM_TYPE ==> "HR_LP"
MIG: 18:49:58 :  Invalid Param: DDR3_CKE_ODT_AUX ==> "FALSE"
MIG: 18:49:58 :  Invalid Param: DDR3_USER_REFRESH ==> "OFF"
MIG: 18:49:58 :  Invalid Param: DDR3_WRLVL ==> "ON"
MIG: 18:49:58 :  Invalid Param: DDR3_ORDERING ==> "NORM"
MIG: 18:49:58 :  Invalid Param: DDR3_CALIB_ROW_ADD ==> 16'h0000
MIG: 18:49:58 :  Invalid Param: DDR3_CALIB_COL_ADD ==> 12'h000
MIG: 18:49:58 :  Invalid Param: DDR3_CALIB_BA_ADD ==> 3'h0
MIG: 18:49:58 :  Invalid Param: DDR3_TCQ ==> 100
MIG: 18:49:58 :  Invalid Param: DDR3_IDELAY_ADJ ==> "OFF"
MIG: 18:49:58 :  Invalid Param: DDR3_FINE_PER_BIT ==> "OFF"
MIG: 18:49:58 :  Invalid Param: DDR3_CENTER_COMP_MODE ==> "OFF"
MIG: 18:49:58 :  Invalid Param: DDR3_PI_VAL_ADJ ==> "OFF"
MIG: 18:49:58 :  Invalid Param: DDR3_IODELAY_GRP0 ==> "DESIGN_1_MIG_7SERIES_0_0_IODELAY_MIG0"
MIG: 18:49:58 :  Invalid Param: DDR3_IODELAY_GRP1 ==> "DESIGN_1_MIG_7SERIES_0_0_IODELAY_MIG1"
MIG: 18:49:58 :  Invalid Param: DDR3_SYSCLK_TYPE ==> "NO_BUFFER"
MIG: 18:49:58 :  Invalid Param: DDR3_REFCLK_TYPE ==> "NO_BUFFER"
MIG: 18:49:58 :  Invalid Param: DDR3_SYS_RST_PORT ==> "FALSE"
MIG: 18:49:58 :  Invalid Param: DDR3_FPGA_SPEED_GRADE ==> 1
MIG: 18:49:58 :  Invalid Param: DDR3_CMD_PIPE_PLUS1 ==> "ON"
MIG: 18:49:58 :  Invalid Param: DDR3_DRAM_TYPE ==> "DDR3"
MIG: 18:49:58 :  Invalid Param: DDR3_CAL_WIDTH ==> "HALF"
MIG: 18:49:58 :  Invalid Param: DDR3_STARVE_LIMIT ==> 2
MIG: 18:49:58 :  Invalid Param: DDR3_REF_CLK_MMCM_IODELAY_CTRL ==> "FALSE"
MIG: 18:49:58 :  Invalid Param: DDR3_REFCLK_FREQ ==> 200.0
MIG: 18:49:58 :  Invalid Param: DDR3_DIFF_TERM_REFCLK ==> "TRUE"
MIG: 18:49:58 :  Invalid Param: DDR3_tCK ==> 3077
MIG: 18:49:58 : 
MIG: 18:49:58 :  Valid Param: DDR3_nCK_PER_CLK ==> 4
MIG: 18:49:58 :  Invalid Param: DDR3_DIFF_TERM_SYSCLK ==> "TRUE"
MIG: 18:49:58 : 
MIG: 18:49:58 :  Valid Param: UI_EXTRA_CLOCKS ==> TRUE
MIG: 18:49:58 : 
MIG: 18:49:58 :  Valid Param: C_S_AXI_ID_WIDTH ==> 4
MIG: 18:49:58 : 
MIG: 18:49:58 :  Valid Param: C_S_AXI_MEM_SIZE ==> 268435456
MIG: 18:49:58 : 
MIG: 18:49:58 :  Valid Param: C_S_AXI_ADDR_WIDTH ==> 28
MIG: 18:49:58 : 
MIG: 18:49:58 :  Valid Param: C_S_AXI_DATA_WIDTH ==> 128
MIG: 18:49:58 :  Invalid Param: DDR3_C_MC_nCK_PER_CLK ==> 4
MIG: 18:49:58 :  Invalid Param: C_S_AXI_SUPPORTS_NARROW_BURST ==> 0
MIG: 18:49:58 :  Invalid Param: DDR3_C_RD_WR_ARB_ALGORITHM ==> "RD_PRI_REG"
MIG: 18:49:58 :  Invalid Param: C_S_AXI_REG_EN0 ==> 20'h00000
MIG: 18:49:58 :  Invalid Param: C_S_AXI_REG_EN1 ==> 20'h00000
MIG: 18:49:58 : 
MIG: 18:49:58 :  Valid Param: C_S_AXI_CTRL_ADDR_WIDTH ==> 32
MIG: 18:49:58 : 
MIG: 18:49:58 :  Valid Param: C_S_AXI_CTRL_DATA_WIDTH ==> 32
MIG: 18:49:58 :  Invalid Param: C_S_AXI_BASEADDR ==> 32'h0000_0000
MIG: 18:49:58 :  Invalid Param: C_ECC_ONOFF_RESET_VALUE ==> 1
MIG: 18:49:58 :  Invalid Param: C_ECC_CE_COUNTER_WIDTH ==> 8
MIG: 18:49:58 : 
MIG: 18:49:58 :  Valid Param: DDR3_DEBUG_PORT ==> OFF
MIG: 18:49:58 : 
MIG: 18:49:58 :  Invalid Param: DDR3_TEMP_MON_CONTROL ==> "INTERNAL"
MIG: 18:49:58 :  Invalid Param: DDR3_FPGA_VOLT_TYPE ==> "N"
MIG: 18:49:58 :  Invalid Param: DDR3_RST_ACT_LOW ==> 1
MIG: 18:49:58 : NOBUF
MIG: 18:49:58 : 
MIG: 18:49:58 : 
MIG: 18:49:58 : Same Interface
MIG: 18:50:34 : Running customizer.xit
MIG: 18:50:34 : ################# RUNNING MIG INTERACTIVE ###################
MIG: 18:50:34 : Writing IN file for 'design_1_mig_7series_0_0'...compDirPath: c:/Xilinx/Vivado/2017.3/data/ip/xilinx/mig_7series_v4_0... instDirPath: c:/Users/aptay/AppData/Roaming/Xilinx/Vivado/.Xil/Vivado-13448-DESKTOP-HQKVQ13/coregen/design_1_mig_7series_0_0
MIG: 18:50:34 : synp_flow:  -- synthesis_mode: Other
MIG: 18:50:34 : outputDirectory: c:/Users/aptay/AppData/Roaming/Xilinx/Vivado/.Xil/Vivado-13448-DESKTOP-HQKVQ13/coregen/design_1_mig_7series_0_0/_tmp/
MIG: 18:50:34 : vivado_mode: xpg_bd
MIG: 18:50:34 :  locked false  
MIG: 18:50:34 : HDL Language: Verilog
MIG: 18:50:34 : compInfo: false
MIG: 18:50:34 : Vivado Options xc7s50 csga324 -1
MIG: 18:50:34 : 1: xc7s50 2: csga324 3: -1
MIG: 18:50:34 : relative mig path: coregen/ip/xilinx/other/com/xilinx/ip/mig_7series_v4_0/bin/nt64/mig.exe
MIG: 18:50:34 : xilinx_path: C:/Xilinx/Vivado/2017.3/ids_lite/ISE
MIG: 18:50:34 : I am in catch area
MIG: 18:50:34 : Running C:/Xilinx/Vivado/2017.3/ids_lite/ISE/coregen/ip/xilinx/other/com/xilinx/ip/mig_7series_v4_0/bin/nt64/mig.exe -cg_exc_inp c:/Users/aptay/AppData/Roaming/Xilinx/Vivado/.Xil/Vivado-13448-DESKTOP-HQKVQ13/coregen/design_1_mig_7series_0_0/xil_txt.in -cg_exc_out c:/Users/aptay/AppData/Roaming/Xilinx/Vivado/.Xil/Vivado-13448-DESKTOP-HQKVQ13/coregen/design_1_mig_7series_0_0/xil_txt.out ... 
MIG: 18:53:22 : Prasad before: xmlPropertyPrj -- mig_b.prj
MIG: 18:53:22 : Prasad After: xmlPropertyPrj -- mig_a.prj
MIG: 18:53:22 : XML_INPUT_FILE: c:/Users/aptay/AppData/Roaming/Xilinx/Vivado/.Xil/Vivado-13448-DESKTOP-HQKVQ13/coregen/design_1_mig_7series_0_0/mig_a.prj
MIG: 18:53:22 : Component_Name: design_1_mig_7series_0_0
MIG: 18:53:22 : Moving design_1_mig_7series_0_0 ...
MIG: 18:53:22 : Moving design_1_mig_7series_0_0.veo ...
MIG: 18:53:22 : Moving design_1_mig_7series_0_0_xmdf.tcl ...
MIG: 18:53:22 : Sending back 0
MIG: 18:53:24 : xml_input_file: mig_a.prj
MIG: 18:53:24 : Absolute path of xml_input_file: c:/hdl_projects/arty_s7/arty_s7.srcs/sources_1/bd/design_1/ip/design_1_mig_7series_0_0/mig_a.prj
MIG: 18:53:24 : xml_input_file: mig_a.prj
MIG: 18:53:24 : Absolute path of xml_input_file: c:/hdl_projects/arty_s7/arty_s7.srcs/sources_1/bd/design_1/ip/design_1_mig_7series_0_0/mig_a.prj
MIG: 18:53:24 : In updateAllModelParams
MIG: 18:53:24 : IGN:     <ModuleName>design_1_mig_7series_0_0</ModuleName> <==>     <ModuleName>design_1_mig_7series_0_0</ModuleName> 
MIG: 18:53:24 : IGN:         <InputClkFreq>99.997</InputClkFreq> <==>         <InputClkFreq>99.997</InputClkFreq> 
MIG: 18:53:24 : XGUI hdlLanguage: Verilog
MIG: 18:53:24 : xgui vivado_mode: xpg_bd
MIG: 18:53:24 : xgui hdlLanguage: Verilog -- hdlExt: v
MIG: 18:53:24 : Reading C:/hdl_projects/arty_s7/arty_s7.srcs/sources_1/bd/design_1/ip/design_1_mig_7series_0_0/design_1_mig_7series_0_0/user_design/rtl/design_1_mig_7series_0_0_mig.v ...
MIG: 18:53:26 : 
MIG: 18:53:26 : Inside fn mem: DDR3
MIG: 18:53:26 : detect_uiclk: 81247969
MIG: 18:53:26 : cntrl:  memtype: DDR3
MIG: 18:53:26 : 
MIG: 18:53:26 :  MMCM_VCO single ctrl param_name: MMCM_VCO --  possibleMaxVcoVal: 649 
MIG: 18:53:26 : 
MIG: 18:53:26 : 
MIG: 18:53:26 : 
MIG: 18:53:26 : 
MIG: 18:53:26 :  polarity_value: 1
MIG: 18:53:26 : 
MIG: 18:53:26 : 
MIG: 18:53:26 : cntrl:  memtype: DDR3
MIG: 18:53:26 : Prasad ----: isMMCMExtraClkParam:: MMCM_CLKOUT0_EN --- "TRUE"
MIG: 18:53:26 : 
MIG: 18:53:26 :  MMCM Enable Param: MMCM_CLKOUT0_EN ==> TRUE
MIG: 18:53:26 : Prasad ----: isMMCMExtraClkParam:: MMCM_CLKOUT1_EN --- "FALSE"
MIG: 18:53:26 : 
MIG: 18:53:26 :  MMCM Enable Param: MMCM_CLKOUT1_EN ==> FALSE
MIG: 18:53:26 : Prasad ----: isMMCMExtraClkParam:: MMCM_CLKOUT2_EN --- "FALSE"
MIG: 18:53:26 : 
MIG: 18:53:26 :  MMCM Enable Param: MMCM_CLKOUT2_EN ==> FALSE
MIG: 18:53:26 : Prasad ----: isMMCMExtraClkParam:: MMCM_CLKOUT3_EN --- "FALSE"
MIG: 18:53:26 : 
MIG: 18:53:26 :  MMCM Enable Param: MMCM_CLKOUT3_EN ==> FALSE
MIG: 18:53:26 : Prasad ----: isMMCMExtraClkParam:: MMCM_CLKOUT4_EN --- "FALSE"
MIG: 18:53:26 : 
MIG: 18:53:26 :  MMCM Enable Param: MMCM_CLKOUT4_EN ==> FALSE
MIG: 18:53:26 : Prasad ----: isMMCMExtraClkParam:: MMCM_CLKOUT0_DIVIDE --- 3.250
MIG: 18:53:26 : possibleMaxVcoVal:: 649 ---- paramName: MMCM_CLKOUT0_DIVIDE
MIG: 18:53:26 : 
MIG: 18:53:26 :  MMCM Extra Param: MMCM_CLKOUT0_FREQ ==> 199692308
MIG: 18:53:26 : Prasad ----: isMMCMExtraClkParam:: MMCM_CLKOUT1_DIVIDE --- 1
MIG: 18:53:26 : possibleMaxVcoVal:: 649 ---- paramName: MMCM_CLKOUT1_DIVIDE
MIG: 18:53:26 : 
MIG: 18:53:26 :  MMCM Extra Param: MMCM_CLKOUT1_FREQ ==> 649000000
MIG: 18:53:26 : Prasad ----: isMMCMExtraClkParam:: MMCM_CLKOUT2_DIVIDE --- 1
MIG: 18:53:26 : possibleMaxVcoVal:: 649 ---- paramName: MMCM_CLKOUT2_DIVIDE
MIG: 18:53:26 : 
MIG: 18:53:26 :  MMCM Extra Param: MMCM_CLKOUT2_FREQ ==> 649000000
MIG: 18:53:26 : Prasad ----: isMMCMExtraClkParam:: MMCM_CLKOUT3_DIVIDE --- 1
MIG: 18:53:26 : possibleMaxVcoVal:: 649 ---- paramName: MMCM_CLKOUT3_DIVIDE
MIG: 18:53:26 : 
MIG: 18:53:26 :  MMCM Extra Param: MMCM_CLKOUT3_FREQ ==> 649000000
MIG: 18:53:26 : Prasad ----: isMMCMExtraClkParam:: MMCM_CLKOUT4_DIVIDE --- 1
MIG: 18:53:26 : possibleMaxVcoVal:: 649 ---- paramName: MMCM_CLKOUT4_DIVIDE
MIG: 18:53:26 : 
MIG: 18:53:26 :  MMCM Extra Param: MMCM_CLKOUT4_FREQ ==> 649000000
MIG: 18:53:26 : 
MIG: 18:53:26 :  Valid Param: DDR3_BANK_WIDTH ==> 3
MIG: 18:53:26 : 
MIG: 18:53:26 :  Valid Param: DDR3_CK_WIDTH ==> 1
MIG: 18:53:26 :  Invalid Param: DDR3_COL_WIDTH ==> 10
MIG: 18:53:26 : 
MIG: 18:53:26 :  Valid Param: DDR3_CS_WIDTH ==> 1
MIG: 18:53:26 : 
MIG: 18:53:26 :  Valid Param: DDR3_nCS_PER_RANK ==> 1
MIG: 18:53:26 : 
MIG: 18:53:26 :  Valid Param: DDR3_CKE_WIDTH ==> 1
MIG: 18:53:26 :  Invalid Param: DDR3_DATA_BUF_ADDR_WIDTH ==> 5
MIG: 18:53:26 :  Invalid Param: DDR3_DQ_CNT_WIDTH ==> 4
MIG: 18:53:26 :  Invalid Param: DDR3_DQ_PER_DM ==> 8
MIG: 18:53:26 : 
MIG: 18:53:26 :  Valid Param: DDR3_DM_WIDTH ==> 2
MIG: 18:53:26 : 
MIG: 18:53:26 :  Valid Param: DDR3_DQ_WIDTH ==> 16
MIG: 18:53:26 : 
MIG: 18:53:26 :  Valid Param: DDR3_DQS_WIDTH ==> 2
MIG: 18:53:26 : 
MIG: 18:53:26 :  Valid Param: DDR3_DQS_CNT_WIDTH ==> 1
MIG: 18:53:26 :  Invalid Param: DDR3_DRAM_WIDTH ==> 8
MIG: 18:53:26 : 
MIG: 18:53:26 :  Valid Param: ECC ==> OFF
MIG: 18:53:26 : 
MIG: 18:53:26 :  Valid Param: DDR3_DATA_WIDTH ==> 16
MIG: 18:53:26 :  Invalid Param: ECC_TEST ==> "OFF"
MIG: 18:53:26 :  Invalid Param: DDR3_PAYLOAD_WIDTH ==> (ECC_TEST == "OFF") ? DATA_WIDTH : DQ_WIDTH
MIG: 18:53:26 :  Invalid Param: DDR3_MEM_ADDR_ORDER ==> "BANK_ROW_COLUMN"
MIG: 18:53:26 :  Invalid Param: DDR3_nBANK_MACHS ==> 4
MIG: 18:53:26 :  Invalid Param: DDR3_RANKS ==> 1
MIG: 18:53:26 : 
MIG: 18:53:26 :  Valid Param: DDR3_ODT_WIDTH ==> 1
MIG: 18:53:26 : 
MIG: 18:53:26 :  Valid Param: DDR3_ROW_WIDTH ==> 14
MIG: 18:53:26 : 
MIG: 18:53:26 :  Valid Param: DDR3_ADDR_WIDTH ==> 28
MIG: 18:53:26 : 
MIG: 18:53:26 :  Valid Param: DDR3_USE_CS_PORT ==> 1
MIG: 18:53:26 : 
MIG: 18:53:26 :  Valid Param: DDR3_USE_DM_PORT ==> 1
MIG: 18:53:26 : 
MIG: 18:53:26 :  Valid Param: DDR3_USE_ODT_PORT ==> 1
MIG: 18:53:26 :  Invalid Param: DDR3_IS_CLK_SHARED ==> "FALSE"
MIG: 18:53:26 :  Invalid Param: DDR3_PHY_CONTROL_MASTER_BANK ==> 0
MIG: 18:53:26 :  Invalid Param: DDR3_MEM_DENSITY ==> "2Gb"
MIG: 18:53:26 :  Invalid Param: DDR3_MEM_SPEEDGRADE ==> "15E"
MIG: 18:53:26 :  Invalid Param: DDR3_MEM_DEVICE_WIDTH ==> 16
MIG: 18:53:26 :  Invalid Param: DDR3_AL ==> "0"
MIG: 18:53:26 :  Invalid Param: DDR3_nAL ==> 0
MIG: 18:53:26 :  Invalid Param: DDR3_BURST_MODE ==> "8"
MIG: 18:53:26 :  Invalid Param: DDR3_BURST_TYPE ==> "SEQ"
MIG: 18:53:26 :  Invalid Param: DDR3_CL ==> 5
MIG: 18:53:26 :  Invalid Param: DDR3_CWL ==> 5
MIG: 18:53:26 :  Invalid Param: DDR3_OUTPUT_DRV ==> "LOW"
MIG: 18:53:26 :  Invalid Param: DDR3_RTT_NOM ==> "40"
MIG: 18:53:26 :  Invalid Param: DDR3_RTT_WR ==> "OFF"
MIG: 18:53:26 :  Invalid Param: DDR3_ADDR_CMD_MODE ==> "1T"
MIG: 18:53:26 : 
MIG: 18:53:26 :  Valid Param: DDR3_REG_CTRL ==> OFF
MIG: 18:53:26 :  Invalid Param: DDR3_CA_MIRROR ==> "OFF"
MIG: 18:53:26 :  Invalid Param: DDR3_VDD_OP_VOLT ==> "135"
MIG: 18:53:26 :  Invalid Param: DDR3_CLKIN_PERIOD ==> 10000
MIG: 18:53:26 :  Invalid Param: DDR3_CLKFBOUT_MULT ==> 13
MIG: 18:53:26 :  Invalid Param: DDR3_DIVCLK_DIVIDE ==> 1
MIG: 18:53:26 :  Invalid Param: DDR3_CLKOUT0_PHASE ==> 0.0
MIG: 18:53:26 :  Invalid Param: DDR3_CLKOUT0_DIVIDE ==> 2
MIG: 18:53:26 :  Invalid Param: DDR3_CLKOUT1_DIVIDE ==> 4
MIG: 18:53:26 :  Invalid Param: DDR3_CLKOUT2_DIVIDE ==> 64
MIG: 18:53:26 :  Invalid Param: DDR3_CLKOUT3_DIVIDE ==> 16
MIG: 18:53:26 :  Invalid Param: DDR3_MMCM_VCO ==> 649
MIG: 18:53:26 :  Invalid Param: DDR3_MMCM_MULT_F ==> 8
MIG: 18:53:26 :  Invalid Param: DDR3_MMCM_DIVCLK_DIVIDE ==> 1
MIG: 18:53:26 :  Invalid Param: DDR3_MMCM_CLKOUT0_EN ==> "TRUE"
MIG: 18:53:26 :  Invalid Param: DDR3_MMCM_CLKOUT1_EN ==> "FALSE"
MIG: 18:53:26 :  Invalid Param: DDR3_MMCM_CLKOUT2_EN ==> "FALSE"
MIG: 18:53:26 :  Invalid Param: DDR3_MMCM_CLKOUT3_EN ==> "FALSE"
MIG: 18:53:26 :  Invalid Param: DDR3_MMCM_CLKOUT4_EN ==> "FALSE"
MIG: 18:53:26 :  Invalid Param: DDR3_MMCM_CLKOUT0_DIVIDE ==> 3.250
MIG: 18:53:26 :  Invalid Param: DDR3_MMCM_CLKOUT1_DIVIDE ==> 1
MIG: 18:53:26 :  Invalid Param: DDR3_MMCM_CLKOUT2_DIVIDE ==> 1
MIG: 18:53:26 :  Invalid Param: DDR3_MMCM_CLKOUT3_DIVIDE ==> 1
MIG: 18:53:26 :  Invalid Param: DDR3_MMCM_CLKOUT4_DIVIDE ==> 1
MIG: 18:53:26 :  Invalid Param: DDR3_tCKE ==> 5625
MIG: 18:53:26 :  Invalid Param: DDR3_tFAW ==> 45000
MIG: 18:53:26 :  Invalid Param: DDR3_tPRDI ==> 1_000_000
MIG: 18:53:26 :  Invalid Param: DDR3_tRAS ==> 36000
MIG: 18:53:26 :  Invalid Param: DDR3_tRCD ==> 13500
MIG: 18:53:26 :  Invalid Param: DDR3_tREFI ==> 7800000
MIG: 18:53:26 :  Invalid Param: DDR3_tRFC ==> 160000
MIG: 18:53:26 :  Invalid Param: DDR3_tRP ==> 13500
MIG: 18:53:26 :  Invalid Param: DDR3_tRRD ==> 7500
MIG: 18:53:26 :  Invalid Param: DDR3_tRTP ==> 7500
MIG: 18:53:26 :  Invalid Param: DDR3_tWTR ==> 7500
MIG: 18:53:26 :  Invalid Param: DDR3_tZQI ==> 128_000_000
MIG: 18:53:26 :  Invalid Param: DDR3_tZQCS ==> 64
MIG: 18:53:26 :  Invalid Param: DDR3_SIM_BYPASS_INIT_CAL ==> "OFF"
MIG: 18:53:26 :  Invalid Param: DDR3_SIMULATION ==> "FALSE"
MIG: 18:53:26 :  Invalid Param: DDR3_BYTE_LANES_B0 ==> 4'b1111
MIG: 18:53:26 :  Invalid Param: DDR3_BYTE_LANES_B1 ==> 4'b0000
MIG: 18:53:26 :  Invalid Param: DDR3_BYTE_LANES_B2 ==> 4'b0000
MIG: 18:53:26 :  Invalid Param: DDR3_BYTE_LANES_B3 ==> 4'b0000
MIG: 18:53:26 :  Invalid Param: DDR3_BYTE_LANES_B4 ==> 4'b0000
MIG: 18:53:26 :  Invalid Param: DDR3_DATA_CTL_B0 ==> 4'b1100
MIG: 18:53:26 :  Invalid Param: DDR3_DATA_CTL_B1 ==> 4'b0000
MIG: 18:53:26 :  Invalid Param: DDR3_DATA_CTL_B2 ==> 4'b0000
MIG: 18:53:26 :  Invalid Param: DDR3_DATA_CTL_B3 ==> 4'b0000
MIG: 18:53:26 :  Invalid Param: DDR3_DATA_CTL_B4 ==> 4'b0000
MIG: 18:53:26 :  Invalid Param: DDR3_PHY_0_BITLANES ==> 48'h3FE_3FD_FFF_BFF
MIG: 18:53:26 :  Invalid Param: DDR3_PHY_1_BITLANES ==> 48'h000_000_000_000
MIG: 18:53:26 :  Invalid Param: DDR3_PHY_2_BITLANES ==> 48'h000_000_000_000
MIG: 18:53:26 :  Invalid Param: DDR3_CK_BYTE_MAP ==> 144'h00_00_00_00_00_00_00_00_00_00_00_00_00_00_00_00_00_00
MIG: 18:53:26 :  Invalid Param: DDR3_ADDR_MAP ==> 192'h000_000_000_002_004_009_007_001_005_006_003_010_012_014_011_01A
MIG: 18:53:26 :  Invalid Param: DDR3_BANK_MAP ==> 36'h01B_017_013
MIG: 18:53:26 :  Invalid Param: DDR3_CAS_MAP ==> 12'h015
MIG: 18:53:26 :  Invalid Param: DDR3_CKE_ODT_BYTE_MAP ==> 8'h00
MIG: 18:53:26 :  Invalid Param: DDR3_CKE_MAP ==> 96'h000_000_000_000_000_000_000_018
MIG: 18:53:26 :  Invalid Param: DDR3_ODT_MAP ==> 96'h000_000_000_000_000_000_000_008
MIG: 18:53:26 :  Invalid Param: DDR3_CS_MAP ==> 120'h000_000_000_000_000_000_000_000_000_019
MIG: 18:53:26 :  Invalid Param: DDR3_PARITY_MAP ==> 12'h000
MIG: 18:53:26 :  Invalid Param: DDR3_RAS_MAP ==> 12'h016
MIG: 18:53:26 :  Invalid Param: DDR3_WE_MAP ==> 12'h00B
MIG: 18:53:26 :  Invalid Param: DDR3_DQS_BYTE_MAP ==> 144'h00_00_00_00_00_00_00_00_00_00_00_00_00_00_00_00_02_03
MIG: 18:53:26 :  Invalid Param: DDR3_DATA0_MAP ==> 96'h034_033_032_035_031_038_037_036
MIG: 18:53:26 :  Invalid Param: DDR3_DATA1_MAP ==> 96'h023_027_022_028_025_026_020_024
MIG: 18:53:26 :  Invalid Param: DDR3_DATA2_MAP ==> 96'h000_000_000_000_000_000_000_000
MIG: 18:53:26 :  Invalid Param: DDR3_DATA3_MAP ==> 96'h000_000_000_000_000_000_000_000
MIG: 18:53:26 :  Invalid Param: DDR3_DATA4_MAP ==> 96'h000_000_000_000_000_000_000_000
MIG: 18:53:26 :  Invalid Param: DDR3_DATA5_MAP ==> 96'h000_000_000_000_000_000_000_000
MIG: 18:53:26 :  Invalid Param: DDR3_DATA6_MAP ==> 96'h000_000_000_000_000_000_000_000
MIG: 18:53:26 :  Invalid Param: DDR3_DATA7_MAP ==> 96'h000_000_000_000_000_000_000_000
MIG: 18:53:26 :  Invalid Param: DDR3_DATA8_MAP ==> 96'h000_000_000_000_000_000_000_000
MIG: 18:53:26 :  Invalid Param: DDR3_DATA9_MAP ==> 96'h000_000_000_000_000_000_000_000
MIG: 18:53:26 :  Invalid Param: DDR3_DATA10_MAP ==> 96'h000_000_000_000_000_000_000_000
MIG: 18:53:26 :  Invalid Param: DDR3_DATA11_MAP ==> 96'h000_000_000_000_000_000_000_000
MIG: 18:53:27 :  Invalid Param: DDR3_DATA12_MAP ==> 96'h000_000_000_000_000_000_000_000
MIG: 18:53:27 :  Invalid Param: DDR3_DATA13_MAP ==> 96'h000_000_000_000_000_000_000_000
MIG: 18:53:27 :  Invalid Param: DDR3_DATA14_MAP ==> 96'h000_000_000_000_000_000_000_000
MIG: 18:53:27 :  Invalid Param: DDR3_DATA15_MAP ==> 96'h000_000_000_000_000_000_000_000
MIG: 18:53:27 :  Invalid Param: DDR3_DATA16_MAP ==> 96'h000_000_000_000_000_000_000_000
MIG: 18:53:27 :  Invalid Param: DDR3_DATA17_MAP ==> 96'h000_000_000_000_000_000_000_000
MIG: 18:53:27 :  Invalid Param: DDR3_MASK0_MAP ==> 108'h000_000_000_000_000_000_000_029_039
MIG: 18:53:27 :  Invalid Param: DDR3_MASK1_MAP ==> 108'h000_000_000_000_000_000_000_000_000
MIG: 18:53:27 :  Invalid Param: DDR3_SLOT_0_CONFIG ==> 8'b0000_0001
MIG: 18:53:27 :  Invalid Param: DDR3_SLOT_1_CONFIG ==> 8'b0000_0000
MIG: 18:53:27 :  Invalid Param: DDR3_IBUF_LPWR_MODE ==> "OFF"
MIG: 18:53:27 :  Invalid Param: DDR3_DATA_IO_IDLE_PWRDWN ==> "ON"
MIG: 18:53:27 :  Invalid Param: DDR3_BANK_TYPE ==> "HR_IO"
MIG: 18:53:27 :  Invalid Param: DDR3_DATA_IO_PRIM_TYPE ==> "HR_LP"
MIG: 18:53:27 :  Invalid Param: DDR3_CKE_ODT_AUX ==> "FALSE"
MIG: 18:53:27 :  Invalid Param: DDR3_USER_REFRESH ==> "OFF"
MIG: 18:53:27 :  Invalid Param: DDR3_WRLVL ==> "ON"
MIG: 18:53:27 :  Invalid Param: DDR3_ORDERING ==> "NORM"
MIG: 18:53:27 :  Invalid Param: DDR3_CALIB_ROW_ADD ==> 16'h0000
MIG: 18:53:27 :  Invalid Param: DDR3_CALIB_COL_ADD ==> 12'h000
MIG: 18:53:27 :  Invalid Param: DDR3_CALIB_BA_ADD ==> 3'h0
MIG: 18:53:27 :  Invalid Param: DDR3_TCQ ==> 100
MIG: 18:53:27 :  Invalid Param: DDR3_IDELAY_ADJ ==> "OFF"
MIG: 18:53:27 :  Invalid Param: DDR3_FINE_PER_BIT ==> "OFF"
MIG: 18:53:27 :  Invalid Param: DDR3_CENTER_COMP_MODE ==> "OFF"
MIG: 18:53:27 :  Invalid Param: DDR3_PI_VAL_ADJ ==> "OFF"
MIG: 18:53:27 :  Invalid Param: DDR3_IODELAY_GRP0 ==> "DESIGN_1_MIG_7SERIES_0_0_IODELAY_MIG0"
MIG: 18:53:27 :  Invalid Param: DDR3_IODELAY_GRP1 ==> "DESIGN_1_MIG_7SERIES_0_0_IODELAY_MIG1"
MIG: 18:53:27 :  Invalid Param: DDR3_SYSCLK_TYPE ==> "NO_BUFFER"
MIG: 18:53:27 :  Invalid Param: DDR3_REFCLK_TYPE ==> "NO_BUFFER"
MIG: 18:53:27 :  Invalid Param: DDR3_SYS_RST_PORT ==> "FALSE"
MIG: 18:53:27 :  Invalid Param: DDR3_FPGA_SPEED_GRADE ==> 1
MIG: 18:53:27 :  Invalid Param: DDR3_CMD_PIPE_PLUS1 ==> "ON"
MIG: 18:53:27 :  Invalid Param: DDR3_DRAM_TYPE ==> "DDR3"
MIG: 18:53:27 :  Invalid Param: DDR3_CAL_WIDTH ==> "HALF"
MIG: 18:53:27 :  Invalid Param: DDR3_STARVE_LIMIT ==> 2
MIG: 18:53:27 :  Invalid Param: DDR3_REF_CLK_MMCM_IODELAY_CTRL ==> "FALSE"
MIG: 18:53:27 :  Invalid Param: DDR3_REFCLK_FREQ ==> 200.0
MIG: 18:53:27 :  Invalid Param: DDR3_DIFF_TERM_REFCLK ==> "TRUE"
MIG: 18:53:27 :  Invalid Param: DDR3_tCK ==> 3077
MIG: 18:53:27 : 
MIG: 18:53:27 :  Valid Param: DDR3_nCK_PER_CLK ==> 4
MIG: 18:53:27 :  Invalid Param: DDR3_DIFF_TERM_SYSCLK ==> "TRUE"
MIG: 18:53:27 : 
MIG: 18:53:27 :  Valid Param: UI_EXTRA_CLOCKS ==> TRUE
MIG: 18:53:27 : 
MIG: 18:53:27 :  Valid Param: C_S_AXI_ID_WIDTH ==> 4
MIG: 18:53:27 : 
MIG: 18:53:27 :  Valid Param: C_S_AXI_MEM_SIZE ==> 268435456
MIG: 18:53:27 : 
MIG: 18:53:27 :  Valid Param: C_S_AXI_ADDR_WIDTH ==> 28
MIG: 18:53:27 : 
MIG: 18:53:27 :  Valid Param: C_S_AXI_DATA_WIDTH ==> 128
MIG: 18:53:27 :  Invalid Param: DDR3_C_MC_nCK_PER_CLK ==> 4
MIG: 18:53:27 :  Invalid Param: C_S_AXI_SUPPORTS_NARROW_BURST ==> 0
MIG: 18:53:27 :  Invalid Param: DDR3_C_RD_WR_ARB_ALGORITHM ==> "RD_PRI_REG"
MIG: 18:53:27 :  Invalid Param: C_S_AXI_REG_EN0 ==> 20'h00000
MIG: 18:53:27 :  Invalid Param: C_S_AXI_REG_EN1 ==> 20'h00000
MIG: 18:53:27 : 
MIG: 18:53:27 :  Valid Param: C_S_AXI_CTRL_ADDR_WIDTH ==> 32
MIG: 18:53:27 : 
MIG: 18:53:27 :  Valid Param: C_S_AXI_CTRL_DATA_WIDTH ==> 32
MIG: 18:53:27 :  Invalid Param: C_S_AXI_BASEADDR ==> 32'h0000_0000
MIG: 18:53:27 :  Invalid Param: C_ECC_ONOFF_RESET_VALUE ==> 1
MIG: 18:53:27 :  Invalid Param: C_ECC_CE_COUNTER_WIDTH ==> 8
MIG: 18:53:27 : 
MIG: 18:53:27 :  Valid Param: DDR3_DEBUG_PORT ==> OFF
MIG: 18:53:27 : 
MIG: 18:53:27 :  Invalid Param: DDR3_TEMP_MON_CONTROL ==> "INTERNAL"
MIG: 18:53:27 :  Invalid Param: DDR3_FPGA_VOLT_TYPE ==> "N"
MIG: 18:53:27 :  Invalid Param: DDR3_RST_ACT_LOW ==> 1
MIG: 18:53:27 : 
MIG: 18:53:27 : 
MIG: 18:53:27 : 
MIG: 18:53:27 : Same Interface
MIG: 18:57:10 : Running synthesis.xit
MIG: 18:57:10 : IGN:     <ModuleName>design_1_mig_7series_0_0</ModuleName> <==>     <ModuleName>design_1_mig_7series_0_0</ModuleName> 
MIG: 18:57:10 : IGN:         <InputClkFreq>99.997</InputClkFreq> <==>         <InputClkFreq>99.997</InputClkFreq> 
MIG: 18:57:11 : Running vhdl_synth_rpr.xit
MIG: 18:57:11 : IGN:     <ModuleName>design_1_mig_7series_0_0</ModuleName> <==>     <ModuleName>design_1_mig_7series_0_0</ModuleName> 
MIG: 18:57:11 : IGN:         <InputClkFreq>99.997</InputClkFreq> <==>         <InputClkFreq>99.997</InputClkFreq> 
MIG: 18:57:11 : Running simulation.xit
MIG: 18:57:11 : IGN:     <ModuleName>design_1_mig_7series_0_0</ModuleName> <==>     <ModuleName>design_1_mig_7series_0_0</ModuleName> 
MIG: 18:57:11 : IGN:         <InputClkFreq>99.997</InputClkFreq> <==>         <InputClkFreq>99.997</InputClkFreq> 
MIG: 18:57:11 : Running vlog_sim_rpr.xit .. PRASAD DBG1
MIG: 18:57:11 : IGN:     <ModuleName>design_1_mig_7series_0_0</ModuleName> <==>     <ModuleName>design_1_mig_7series_0_0</ModuleName> 
MIG: 18:57:11 : IGN:         <InputClkFreq>99.997</InputClkFreq> <==>         <InputClkFreq>99.997</InputClkFreq> 
MIG: 18:57:12 : Running implementation.xit
MIG: 18:57:12 : IGN:     <ModuleName>design_1_mig_7series_0_0</ModuleName> <==>     <ModuleName>design_1_mig_7series_0_0</ModuleName> 
MIG: 18:57:12 : IGN:         <InputClkFreq>99.997</InputClkFreq> <==>         <InputClkFreq>99.997</InputClkFreq> 
