
*** Running vivado
    with args -log design_1_microblaze_0_axi_intc_0.vds -m64 -product Vivado -mode batch -messageDb vivado.pb -notrace -source design_1_microblaze_0_axi_intc_0.tcl

WARNING: Ignoring invalid XILINX_PATH location C:\Xilinx\Vivado\2017.3\patches\AR70065\vivado.
Resolution: An invalid XILINX_PATH location has been detected. To resolve this issue:

1. Verify the value of XILINX_PATH is accurate by viewing the value the variable via 'set XILINX_PATH' for Windows or 'echo $XILINX_PATH' for Linux, and update it as needed.

2. To unset the variable using on Windows using 'set XILINX_PATH=' or remove it from Advanced System Settings\Environment Variables. On Linux 'unsetenv XILINX_PATH'


****** Vivado v2017.3 (64-bit)
  **** SW Build 2018833 on Wed Oct  4 19:58:22 MDT 2017
  **** IP Build 2016188 on Wed Oct  4 21:52:56 MDT 2017
    ** Copyright 1986-2017 Xilinx, Inc. All Rights Reserved.

WARNING: [Common 17-1271] The MYVIVADO environment variable specifies an invalid location 'C:\Xilinx\Vivado\2017.3\patches\AR70065\vivado'
source design_1_microblaze_0_axi_intc_0.tcl -notrace
Starting RTL Elaboration : Time (s): cpu = 00:00:13 ; elapsed = 00:00:17 . Memory (MB): peak = 417.000 ; gain = 99.941
INFO: [Synth 8-638] synthesizing module 'design_1_microblaze_0_axi_intc_0' [c:/hdl_projects/arty_s7/arty_s7.srcs/sources_1/bd/design_1/ip/design_1_microblaze_0_axi_intc_0/synth/design_1_microblaze_0_axi_intc_0.vhd:89]
INFO: [Synth 8-638] synthesizing module 'axi_intc' [c:/hdl_projects/arty_s7/arty_s7.srcs/sources_1/bd/design_1/ipshared/cf04/hdl/axi_intc_v4_1_vh_rfs.vhd:3769]
INFO: [Synth 8-638] synthesizing module 'intc_core' [c:/hdl_projects/arty_s7/arty_s7.srcs/sources_1/bd/design_1/ipshared/cf04/hdl/axi_intc_v4_1_vh_rfs.vhd:782]
INFO: [Synth 8-638] synthesizing module 'shared_ram_ivar' [c:/hdl_projects/arty_s7/arty_s7.srcs/sources_1/bd/design_1/ipshared/cf04/hdl/axi_intc_v4_1_vh_rfs.vhd:321]
INFO: [Synth 8-256] done synthesizing module 'shared_ram_ivar' (1#1) [c:/hdl_projects/arty_s7/arty_s7.srcs/sources_1/bd/design_1/ipshared/cf04/hdl/axi_intc_v4_1_vh_rfs.vhd:321]
INFO: [Synth 8-256] done synthesizing module 'intc_core' (2#1) [c:/hdl_projects/arty_s7/arty_s7.srcs/sources_1/bd/design_1/ipshared/cf04/hdl/axi_intc_v4_1_vh_rfs.vhd:782]
INFO: [Synth 8-638] synthesizing module 'axi_lite_ipif' [c:/hdl_projects/arty_s7/arty_s7.srcs/sources_1/bd/design_1/ipshared/cced/hdl/axi_lite_ipif_v3_0_vh_rfs.vhd:2948]
INFO: [Synth 8-638] synthesizing module 'slave_attachment' [c:/hdl_projects/arty_s7/arty_s7.srcs/sources_1/bd/design_1/ipshared/cced/hdl/axi_lite_ipif_v3_0_vh_rfs.vhd:2341]
INFO: [Synth 8-638] synthesizing module 'address_decoder' [c:/hdl_projects/arty_s7/arty_s7.srcs/sources_1/bd/design_1/ipshared/cced/hdl/axi_lite_ipif_v3_0_vh_rfs.vhd:1775]
INFO: [Synth 8-638] synthesizing module 'pselect_f' [c:/hdl_projects/arty_s7/arty_s7.srcs/sources_1/bd/design_1/ipshared/cced/hdl/axi_lite_ipif_v3_0_vh_rfs.vhd:1534]
INFO: [Synth 8-256] done synthesizing module 'pselect_f' (3#1) [c:/hdl_projects/arty_s7/arty_s7.srcs/sources_1/bd/design_1/ipshared/cced/hdl/axi_lite_ipif_v3_0_vh_rfs.vhd:1534]
INFO: [Synth 8-638] synthesizing module 'pselect_f__parameterized0' [c:/hdl_projects/arty_s7/arty_s7.srcs/sources_1/bd/design_1/ipshared/cced/hdl/axi_lite_ipif_v3_0_vh_rfs.vhd:1534]
INFO: [Synth 8-256] done synthesizing module 'pselect_f__parameterized0' (3#1) [c:/hdl_projects/arty_s7/arty_s7.srcs/sources_1/bd/design_1/ipshared/cced/hdl/axi_lite_ipif_v3_0_vh_rfs.vhd:1534]
INFO: [Synth 8-638] synthesizing module 'pselect_f__parameterized1' [c:/hdl_projects/arty_s7/arty_s7.srcs/sources_1/bd/design_1/ipshared/cced/hdl/axi_lite_ipif_v3_0_vh_rfs.vhd:1534]
INFO: [Synth 8-256] done synthesizing module 'pselect_f__parameterized1' (3#1) [c:/hdl_projects/arty_s7/arty_s7.srcs/sources_1/bd/design_1/ipshared/cced/hdl/axi_lite_ipif_v3_0_vh_rfs.vhd:1534]
INFO: [Synth 8-638] synthesizing module 'pselect_f__parameterized2' [c:/hdl_projects/arty_s7/arty_s7.srcs/sources_1/bd/design_1/ipshared/cced/hdl/axi_lite_ipif_v3_0_vh_rfs.vhd:1534]
INFO: [Synth 8-256] done synthesizing module 'pselect_f__parameterized2' (3#1) [c:/hdl_projects/arty_s7/arty_s7.srcs/sources_1/bd/design_1/ipshared/cced/hdl/axi_lite_ipif_v3_0_vh_rfs.vhd:1534]
INFO: [Synth 8-638] synthesizing module 'pselect_f__parameterized3' [c:/hdl_projects/arty_s7/arty_s7.srcs/sources_1/bd/design_1/ipshared/cced/hdl/axi_lite_ipif_v3_0_vh_rfs.vhd:1534]
INFO: [Synth 8-256] done synthesizing module 'pselect_f__parameterized3' (3#1) [c:/hdl_projects/arty_s7/arty_s7.srcs/sources_1/bd/design_1/ipshared/cced/hdl/axi_lite_ipif_v3_0_vh_rfs.vhd:1534]
INFO: [Synth 8-638] synthesizing module 'pselect_f__parameterized4' [c:/hdl_projects/arty_s7/arty_s7.srcs/sources_1/bd/design_1/ipshared/cced/hdl/axi_lite_ipif_v3_0_vh_rfs.vhd:1534]
INFO: [Synth 8-256] done synthesizing module 'pselect_f__parameterized4' (3#1) [c:/hdl_projects/arty_s7/arty_s7.srcs/sources_1/bd/design_1/ipshared/cced/hdl/axi_lite_ipif_v3_0_vh_rfs.vhd:1534]
INFO: [Synth 8-638] synthesizing module 'pselect_f__parameterized5' [c:/hdl_projects/arty_s7/arty_s7.srcs/sources_1/bd/design_1/ipshared/cced/hdl/axi_lite_ipif_v3_0_vh_rfs.vhd:1534]
INFO: [Synth 8-256] done synthesizing module 'pselect_f__parameterized5' (3#1) [c:/hdl_projects/arty_s7/arty_s7.srcs/sources_1/bd/design_1/ipshared/cced/hdl/axi_lite_ipif_v3_0_vh_rfs.vhd:1534]
INFO: [Synth 8-638] synthesizing module 'pselect_f__parameterized6' [c:/hdl_projects/arty_s7/arty_s7.srcs/sources_1/bd/design_1/ipshared/cced/hdl/axi_lite_ipif_v3_0_vh_rfs.vhd:1534]
INFO: [Synth 8-256] done synthesizing module 'pselect_f__parameterized6' (3#1) [c:/hdl_projects/arty_s7/arty_s7.srcs/sources_1/bd/design_1/ipshared/cced/hdl/axi_lite_ipif_v3_0_vh_rfs.vhd:1534]
INFO: [Synth 8-638] synthesizing module 'pselect_f__parameterized7' [c:/hdl_projects/arty_s7/arty_s7.srcs/sources_1/bd/design_1/ipshared/cced/hdl/axi_lite_ipif_v3_0_vh_rfs.vhd:1534]
INFO: [Synth 8-256] done synthesizing module 'pselect_f__parameterized7' (3#1) [c:/hdl_projects/arty_s7/arty_s7.srcs/sources_1/bd/design_1/ipshared/cced/hdl/axi_lite_ipif_v3_0_vh_rfs.vhd:1534]
INFO: [Synth 8-638] synthesizing module 'pselect_f__parameterized8' [c:/hdl_projects/arty_s7/arty_s7.srcs/sources_1/bd/design_1/ipshared/cced/hdl/axi_lite_ipif_v3_0_vh_rfs.vhd:1534]
INFO: [Synth 8-256] done synthesizing module 'pselect_f__parameterized8' (3#1) [c:/hdl_projects/arty_s7/arty_s7.srcs/sources_1/bd/design_1/ipshared/cced/hdl/axi_lite_ipif_v3_0_vh_rfs.vhd:1534]
INFO: [Synth 8-638] synthesizing module 'pselect_f__parameterized9' [c:/hdl_projects/arty_s7/arty_s7.srcs/sources_1/bd/design_1/ipshared/cced/hdl/axi_lite_ipif_v3_0_vh_rfs.vhd:1534]
INFO: [Synth 8-256] done synthesizing module 'pselect_f__parameterized9' (3#1) [c:/hdl_projects/arty_s7/arty_s7.srcs/sources_1/bd/design_1/ipshared/cced/hdl/axi_lite_ipif_v3_0_vh_rfs.vhd:1534]
INFO: [Synth 8-638] synthesizing module 'pselect_f__parameterized10' [c:/hdl_projects/arty_s7/arty_s7.srcs/sources_1/bd/design_1/ipshared/cced/hdl/axi_lite_ipif_v3_0_vh_rfs.vhd:1534]
INFO: [Synth 8-256] done synthesizing module 'pselect_f__parameterized10' (3#1) [c:/hdl_projects/arty_s7/arty_s7.srcs/sources_1/bd/design_1/ipshared/cced/hdl/axi_lite_ipif_v3_0_vh_rfs.vhd:1534]
INFO: [Synth 8-638] synthesizing module 'pselect_f__parameterized11' [c:/hdl_projects/arty_s7/arty_s7.srcs/sources_1/bd/design_1/ipshared/cced/hdl/axi_lite_ipif_v3_0_vh_rfs.vhd:1534]
INFO: [Synth 8-256] done synthesizing module 'pselect_f__parameterized11' (3#1) [c:/hdl_projects/arty_s7/arty_s7.srcs/sources_1/bd/design_1/ipshared/cced/hdl/axi_lite_ipif_v3_0_vh_rfs.vhd:1534]
INFO: [Synth 8-638] synthesizing module 'pselect_f__parameterized12' [c:/hdl_projects/arty_s7/arty_s7.srcs/sources_1/bd/design_1/ipshared/cced/hdl/axi_lite_ipif_v3_0_vh_rfs.vhd:1534]
INFO: [Synth 8-256] done synthesizing module 'pselect_f__parameterized12' (3#1) [c:/hdl_projects/arty_s7/arty_s7.srcs/sources_1/bd/design_1/ipshared/cced/hdl/axi_lite_ipif_v3_0_vh_rfs.vhd:1534]
INFO: [Synth 8-638] synthesizing module 'pselect_f__parameterized13' [c:/hdl_projects/arty_s7/arty_s7.srcs/sources_1/bd/design_1/ipshared/cced/hdl/axi_lite_ipif_v3_0_vh_rfs.vhd:1534]
INFO: [Synth 8-256] done synthesizing module 'pselect_f__parameterized13' (3#1) [c:/hdl_projects/arty_s7/arty_s7.srcs/sources_1/bd/design_1/ipshared/cced/hdl/axi_lite_ipif_v3_0_vh_rfs.vhd:1534]
INFO: [Synth 8-638] synthesizing module 'pselect_f__parameterized14' [c:/hdl_projects/arty_s7/arty_s7.srcs/sources_1/bd/design_1/ipshared/cced/hdl/axi_lite_ipif_v3_0_vh_rfs.vhd:1534]
INFO: [Synth 8-256] done synthesizing module 'pselect_f__parameterized14' (3#1) [c:/hdl_projects/arty_s7/arty_s7.srcs/sources_1/bd/design_1/ipshared/cced/hdl/axi_lite_ipif_v3_0_vh_rfs.vhd:1534]
INFO: [Synth 8-638] synthesizing module 'pselect_f__parameterized15' [c:/hdl_projects/arty_s7/arty_s7.srcs/sources_1/bd/design_1/ipshared/cced/hdl/axi_lite_ipif_v3_0_vh_rfs.vhd:1534]
INFO: [Synth 8-256] done synthesizing module 'pselect_f__parameterized15' (3#1) [c:/hdl_projects/arty_s7/arty_s7.srcs/sources_1/bd/design_1/ipshared/cced/hdl/axi_lite_ipif_v3_0_vh_rfs.vhd:1534]
INFO: [Synth 8-638] synthesizing module 'pselect_f__parameterized16' [c:/hdl_projects/arty_s7/arty_s7.srcs/sources_1/bd/design_1/ipshared/cced/hdl/axi_lite_ipif_v3_0_vh_rfs.vhd:1534]
INFO: [Synth 8-256] done synthesizing module 'pselect_f__parameterized16' (3#1) [c:/hdl_projects/arty_s7/arty_s7.srcs/sources_1/bd/design_1/ipshared/cced/hdl/axi_lite_ipif_v3_0_vh_rfs.vhd:1534]
INFO: [Synth 8-256] done synthesizing module 'address_decoder' (4#1) [c:/hdl_projects/arty_s7/arty_s7.srcs/sources_1/bd/design_1/ipshared/cced/hdl/axi_lite_ipif_v3_0_vh_rfs.vhd:1775]
INFO: [Synth 8-256] done synthesizing module 'slave_attachment' (5#1) [c:/hdl_projects/arty_s7/arty_s7.srcs/sources_1/bd/design_1/ipshared/cced/hdl/axi_lite_ipif_v3_0_vh_rfs.vhd:2341]
INFO: [Synth 8-256] done synthesizing module 'axi_lite_ipif' (6#1) [c:/hdl_projects/arty_s7/arty_s7.srcs/sources_1/bd/design_1/ipshared/cced/hdl/axi_lite_ipif_v3_0_vh_rfs.vhd:2948]
INFO: [Synth 8-256] done synthesizing module 'axi_intc' (7#1) [c:/hdl_projects/arty_s7/arty_s7.srcs/sources_1/bd/design_1/ipshared/cf04/hdl/axi_intc_v4_1_vh_rfs.vhd:3769]
INFO: [Synth 8-256] done synthesizing module 'design_1_microblaze_0_axi_intc_0' (8#1) [c:/hdl_projects/arty_s7/arty_s7.srcs/sources_1/bd/design_1/ip/design_1_microblaze_0_axi_intc_0/synth/design_1_microblaze_0_axi_intc_0.vhd:89]
Finished RTL Elaboration : Time (s): cpu = 00:00:16 ; elapsed = 00:00:20 . Memory (MB): peak = 472.648 ; gain = 155.590
Finished RTL Optimization Phase 1 : Time (s): cpu = 00:00:16 ; elapsed = 00:00:21 . Memory (MB): peak = 472.648 ; gain = 155.590
INFO: [Device 21-403] Loading part xc7s50csga324-1
Constraint Validation Runtime : Time (s): cpu = 00:00:00 ; elapsed = 00:00:00.047 . Memory (MB): peak = 797.406 ; gain = 0.004
Finished Constraint Validation : Time (s): cpu = 00:00:39 ; elapsed = 00:00:53 . Memory (MB): peak = 797.406 ; gain = 480.348
Finished Loading Part and Timing Information : Time (s): cpu = 00:00:39 ; elapsed = 00:00:53 . Memory (MB): peak = 797.406 ; gain = 480.348
Finished applying 'set_property' XDC Constraints : Time (s): cpu = 00:00:39 ; elapsed = 00:00:53 . Memory (MB): peak = 797.406 ; gain = 480.348
Finished RTL Optimization Phase 2 : Time (s): cpu = 00:00:40 ; elapsed = 00:00:54 . Memory (MB): peak = 797.406 ; gain = 480.348
Finished Cross Boundary and Area Optimization : Time (s): cpu = 00:00:42 ; elapsed = 00:00:57 . Memory (MB): peak = 797.406 ; gain = 480.348
---------------------------------------------------------------------------------
Start ROM, RAM, DSP and Shift Register Reporting
---------------------------------------------------------------------------------

Distributed RAM: Preliminary Mapping  Report (see note below)
+------------+--------------------------------------------------------------------------------+----------------+----------------------+-----------------+
|Module Name | RTL Object                                                                     | Inference      | Size (Depth x Width) | Primitives      | 
+------------+--------------------------------------------------------------------------------+----------------+----------------------+-----------------+
|U0          | INTC_CORE_I/IVAR_FAST_MODE_GEN.IVAR_REG_MEM_AXI_CLK_GEN.IVAR_REG_MEM_I/ram_reg | User Attribute | 16 x 32              | RAM16X1D x 32   | 
+------------+--------------------------------------------------------------------------------+----------------+----------------------+-----------------+

Note: The table above is a preliminary report that shows the Distributed RAMs at the current stage of the synthesis flow. Some Distributed RAMs may be reimplemented as non Distributed RAM primitives later in the synthesis flow. Multiple instantiated RAMs are reported only once.
---------------------------------------------------------------------------------
Finished ROM, RAM, DSP and Shift Register Reporting
---------------------------------------------------------------------------------
Finished Applying XDC Timing Constraints : Time (s): cpu = 00:01:04 ; elapsed = 00:01:24 . Memory (MB): peak = 797.406 ; gain = 480.348
Finished Timing Optimization : Time (s): cpu = 00:01:05 ; elapsed = 00:01:25 . Memory (MB): peak = 812.559 ; gain = 495.500
Finished Technology Mapping : Time (s): cpu = 00:01:05 ; elapsed = 00:01:26 . Memory (MB): peak = 816.410 ; gain = 499.352
Finished IO Insertion : Time (s): cpu = 00:01:07 ; elapsed = 00:01:28 . Memory (MB): peak = 816.410 ; gain = 499.352
Finished Renaming Generated Instances : Time (s): cpu = 00:01:07 ; elapsed = 00:01:28 . Memory (MB): peak = 816.410 ; gain = 499.352
Finished Rebuilding User Hierarchy : Time (s): cpu = 00:01:07 ; elapsed = 00:01:28 . Memory (MB): peak = 816.410 ; gain = 499.352
Finished Renaming Generated Ports : Time (s): cpu = 00:01:07 ; elapsed = 00:01:28 . Memory (MB): peak = 816.410 ; gain = 499.352
Finished Handling Custom Attributes : Time (s): cpu = 00:01:07 ; elapsed = 00:01:28 . Memory (MB): peak = 816.410 ; gain = 499.352
Finished Renaming Generated Nets : Time (s): cpu = 00:01:07 ; elapsed = 00:01:28 . Memory (MB): peak = 816.410 ; gain = 499.352

Report Cell Usage: 
+------+---------+------+
|      |Cell     |Count |
+------+---------+------+
|1     |LUT1     |     2|
|2     |LUT2     |    19|
|3     |LUT3     |    47|
|4     |LUT4     |    30|
|5     |LUT5     |    21|
|6     |LUT6     |    38|
|7     |RAM16X1D |    32|
|8     |FDRE     |   182|
|9     |FDSE     |     1|
+------+---------+------+
Finished Writing Synthesis Report : Time (s): cpu = 00:01:07 ; elapsed = 00:01:28 . Memory (MB): peak = 816.410 ; gain = 499.352
synth_design: Time (s): cpu = 00:01:10 ; elapsed = 00:01:33 . Memory (MB): peak = 816.410 ; gain = 509.020
